<?xml version="1.0" encoding="UTF-8"?>
<testsuites name="R2018x_AllScenarioRun" time="333" tests="0" failures="3" errors="0">
   <testsuite name="R2018x_AllScenarioRun" tests="0" failures="3" errors="0" time="333" timestamp="2018-03-13 13:09:59" hostname="svcQATechno - DELL2070DSY.dsone.3ds.com" id="Test Suites/R2018x/Scenarios Test Suites/R2018x_AllScenarioRun">
      <properties>
         <property name="deviceName" value=""/>
         <property name="devicePlatform" value=""/>
         <property name="logFolder" value="C:\\Users\\svc_QATechno\\.jenkins\\workspace\\TechnoQA_R2018x\\TechnoQA_R420\\Reports\\R2018x\\Scenarios Test Suites\\R2018x_AllScenarioRun\\20180313_130958"/>
         <property name="logFiles" value="C:\\Users\\svc_QATechno\\.jenkins\\workspace\\TechnoQA_R2018x\\TechnoQA_R420\\Reports\\R2018x\\Scenarios Test Suites\\R2018x_AllScenarioRun\\20180313_130958\\execution0.log"/>
         <property name="attachments" value="C:\\Users\\svc_QATechno\\.jenkins\\workspace\\TechnoQA_R2018x\\TechnoQA_R420\\Reports\\R2018x\\Scenarios Test Suites\\R2018x_AllScenarioRun\\20180313_130958\\1520943009586.png, C:\\Users\\svc_QATechno\\.jenkins\\workspace\\TechnoQA_R2018x\\TechnoQA_R420\\Reports\\R2018x\\Scenarios Test Suites\\R2018x_AllScenarioRun\\20180313_130958\\1520943010136.png, C:\\Users\\svc_QATechno\\.jenkins\\workspace\\TechnoQA_R2018x\\TechnoQA_R420\\Reports\\R2018x\\Scenarios Test Suites\\R2018x_AllScenarioRun\\20180313_130958\\1520943017534.png, C:\\Users\\svc_QATechno\\.jenkins\\workspace\\TechnoQA_R2018x\\TechnoQA_R420\\Reports\\R2018x\\Scenarios Test Suites\\R2018x_AllScenarioRun\\20180313_130958\\1520943109113.png, C:\\Users\\svc_QATechno\\.jenkins\\workspace\\TechnoQA_R2018x\\TechnoQA_R420\\Reports\\R2018x\\Scenarios Test Suites\\R2018x_AllScenarioRun\\20180313_130958\\1520943139832.png, C:\\Users\\svc_QATechno\\.jenkins\\workspace\\TechnoQA_R2018x\\TechnoQA_R420\\Reports\\R2018x\\Scenarios Test Suites\\R2018x_AllScenarioRun\\20180313_130958\\1520943170524.png, C:\\Users\\svc_QATechno\\.jenkins\\workspace\\TechnoQA_R2018x\\TechnoQA_R420\\Reports\\R2018x\\Scenarios Test Suites\\R2018x_AllScenarioRun\\20180313_130958\\1520943178536.png, C:\\Users\\svc_QATechno\\.jenkins\\workspace\\TechnoQA_R2018x\\TechnoQA_R420\\Reports\\R2018x\\Scenarios Test Suites\\R2018x_AllScenarioRun\\20180313_130958\\1520943270083.png, C:\\Users\\svc_QATechno\\.jenkins\\workspace\\TechnoQA_R2018x\\TechnoQA_R420\\Reports\\R2018x\\Scenarios Test Suites\\R2018x_AllScenarioRun\\20180313_130958\\1520943300786.png, C:\\Users\\svc_QATechno\\.jenkins\\workspace\\TechnoQA_R2018x\\TechnoQA_R420\\Reports\\R2018x\\Scenarios Test Suites\\R2018x_AllScenarioRun\\20180313_130958\\1520943331473.png, C:\\Users\\svc_QATechno\\.jenkins\\workspace\\TechnoQA_R2018x\\TechnoQA_R420\\Reports\\R2018x\\Scenarios Test Suites\\R2018x_AllScenarioRun\\20180313_130958\\1520943332068.png, C:\\Users\\svc_QATechno\\.jenkins\\workspace\\TechnoQA_R2018x\\TechnoQA_R420\\Reports\\R2018x\\Scenarios Test Suites\\R2018x_AllScenarioRun\\20180313_130958\\1520943332612.png"/>
         <property name="hostName" value="svcQATechno - DELL2070DSY.dsone.3ds.com"/>
         <property name="os" value="Windows 7 64bit"/>
         <property name="katalonVersion" value="5.3.1.1"/>
         <property name="browser" value="Chrome 64.0.3282.167"/>
         <property name="hostAddress" value="10.237.173.48"/>
         <property name="sessionId" value="de743f274799012cbdf44e053950899a"/>
         <property name="seleniumVersion" value="3.7.1"/>
         <property name="proxyInformation" value="ProxyInformation{proxyOption=NO_PROXY, proxyServerType=HTTP, password=, proxyServerAddress=, proxyServerPort=0}"/>
         <property name="platform" value="Windows 7"/>
      </properties>
      <testcase name="Test Cases/Scenarios/SCN047865 Auto_BasicSanityTest Cloud3DExperiencePlatformTest" classname="Test Cases/Scenarios/SCN047865 Auto_BasicSanityTest Cloud3DExperiencePlatformTest" status="FAILED">
         <failure type="FAILED" message="Unable to click on image (Root cause: java.lang.Exception: Cannot recognise image on screen)"/>
         <system-out><![CDATA[2018-03-13 13:10:00 - [TEST_CASE][FAILED] - Test Cases/Scenarios/SCN047865 Auto_BasicSanityTest Cloud3DExperiencePlatformTest: Test Cases/Scenarios/SCN047865 Auto_BasicSanityTest Cloud3DExperiencePlatformTest FAILED because (of) Unable to click on image (Root cause: java.lang.Exception: Cannot recognise image on screen)

2018-03-13 13:10:00 - [TEST_STEP][PASSED] - callTestCase: Call Test Case 'Test Cases/NavigateURLR2018x' successfully

2018-03-13 13:10:00 - [TEST_CASE][PASSED] - Test Cases/NavigateURLR2018x: Test Cases/NavigateURLR2018x

2018-03-13 13:10:00 - [TEST_STEP][PASSED] - openBrowser: Browser is opened with url: ''

2018-03-13 13:10:03 - [MESSAGE][PASSED] - Browser is opened with url: ''

2018-03-13 13:10:03 - [TEST_STEP][PASSED] - navigateToUrl: Navigate to 'https://euw1-20qna10309-ifwe.3dx-staging.3ds.com/' successfully

2018-03-13 13:10:03 - [MESSAGE][PASSED] - Navigate to 'https://euw1-20qna10309-ifwe.3dx-staging.3ds.com/' successfully

2018-03-13 13:10:03 - [TEST_STEP][PASSED] - maximizeWindow: Current window maximized

2018-03-13 13:10:04 - [MESSAGE][PASSED] - Current window maximized

2018-03-13 13:10:04 - [MESSAGE][PASSED] - Call Test Case 'Test Cases/NavigateURLR2018x' successfully

2018-03-13 13:10:04 - [TEST_STEP][PASSED] - callTestCase: Call Test Case 'Test Cases/LoginToPod' successfully

2018-03-13 13:10:04 - [TEST_CASE][PASSED] - Test Cases/LoginToPod: Test Cases/LoginToPod

2018-03-13 13:10:05 - [TEST_STEP][NOT_RUN] - openBrowser: NOT_RUN: openBrowser

2018-03-13 13:10:05 - [MESSAGE][NOT_RUN] - NOT_RUN: openBrowser

2018-03-13 13:10:05 - [TEST_STEP][NOT_RUN] - navigateToUrl: NOT_RUN: navigateToUrl

2018-03-13 13:10:05 - [MESSAGE][NOT_RUN] - NOT_RUN: navigateToUrl

2018-03-13 13:10:05 - [TEST_STEP][NOT_RUN] - maximizeWindow: NOT_RUN: maximizeWindow

2018-03-13 13:10:05 - [MESSAGE][NOT_RUN] - NOT_RUN: maximizeWindow

2018-03-13 13:10:05 - [TEST_STEP][NOT_RUN] - callTestCase: NOT_RUN: callTestCase

2018-03-13 13:10:05 - [MESSAGE][NOT_RUN] - NOT_RUN: callTestCase

2018-03-13 13:10:05 - [TEST_STEP][PASSED] - setText: Text 'Technoqa' is set on object 'Object Repository/LoginToPod/Page_3DPassport - Login/input_username'

2018-03-13 13:10:05 - [MESSAGE][PASSED] - Text 'Technoqa' is set on object 'Object Repository/LoginToPod/Page_3DPassport - Login/input_username'

2018-03-13 13:10:05 - [TEST_STEP][PASSED] - setText: Text 'Techno2016#' is set on object 'Object Repository/LoginToPod/Page_3DPassport - Login/input_password'

2018-03-13 13:10:05 - [MESSAGE][PASSED] - Text 'Techno2016#' is set on object 'Object Repository/LoginToPod/Page_3DPassport - Login/input_password'

2018-03-13 13:10:05 - [TEST_STEP][PASSED] - verifyElementVisible: Object 'Object Repository/LoginToPod/Page_3DPassport - Login/input_uwa-submit uwa-submit-ro' is visible

2018-03-13 13:10:05 - [MESSAGE][PASSED] - Object 'Object Repository/LoginToPod/Page_3DPassport - Login/input_uwa-submit uwa-submit-ro' is visible

2018-03-13 13:10:05 - [TEST_STEP][PASSED] - click: Object: 'Object Repository/LoginToPod/Page_3DPassport - Login/input_uwa-submit uwa-submit-ro' is clicked on

2018-03-13 13:10:05 - [MESSAGE][PASSED] - Object: 'Object Repository/LoginToPod/Page_3DPassport - Login/input_uwa-submit uwa-submit-ro' is clicked on

2018-03-13 13:10:05 - [TEST_STEP][PASSED] - verifyElementVisible: Object 'Object Repository/LoginToPod/Page_3DPassport - Login/span_3DEXPERIENCE' is visible

2018-03-13 13:10:06 - [MESSAGE][PASSED] - Object 'Object Repository/LoginToPod/Page_3DPassport - Login/span_3DEXPERIENCE' is visible

2018-03-13 13:10:06 - [MESSAGE][PASSED] - Call Test Case 'Test Cases/LoginToPod' successfully

2018-03-13 13:10:06 - [TEST_STEP][PASSED] - callTestCase: Call Test Case 'Test Cases/DashboardFunctions/CreateNewDashboard' successfully

2018-03-13 13:10:06 - [TEST_CASE][PASSED] - Test Cases/DashboardFunctions/CreateNewDashboard: Test Cases/DashboardFunctions/CreateNewDashboard

2018-03-13 13:10:07 - [TEST_STEP][PASSED] - click: Object: 'Object Repository/CreateNewDashboardAndTab/Page_CreateNewDashboard/div_dashboard-actions-holder f' is clicked on

2018-03-13 13:10:07 - [MESSAGE][PASSED] - Object: 'Object Repository/CreateNewDashboardAndTab/Page_CreateNewDashboard/div_dashboard-actions-holder f' is clicked on

2018-03-13 13:10:07 - [TEST_STEP][PASSED] - click: Object: 'Object Repository/CreateNewDashboardAndTab/Page_CreateNewDashboard/span_Add Dashboard...' is clicked on

2018-03-13 13:10:07 - [MESSAGE][PASSED] - Object: 'Object Repository/CreateNewDashboardAndTab/Page_CreateNewDashboard/span_Add Dashboard...' is clicked on

2018-03-13 13:10:07 - [TEST_STEP][PASSED] - setText: Text 'Test JCN9 auto' is set on object 'Object Repository/CreateNewDashboardAndTab/Page_CreateNewDashboard/input_form-control form-contro'

2018-03-13 13:10:07 - [MESSAGE][PASSED] - Text 'Test JCN9 auto' is set on object 'Object Repository/CreateNewDashboardAndTab/Page_CreateNewDashboard/input_form-control form-contro'

2018-03-13 13:10:07 - [TEST_STEP][PASSED] - click: Object: 'Object Repository/CreateNewDashboardAndTab/Page_CreateNewDashboard/button_Create' is clicked on

2018-03-13 13:10:07 - [MESSAGE][PASSED] - Object: 'Object Repository/CreateNewDashboardAndTab/Page_CreateNewDashboard/button_Create' is clicked on

2018-03-13 13:10:07 - [TEST_STEP][PASSED] - waitForPageLoad: Wait for page load successfully

2018-03-13 13:10:07 - [MESSAGE][PASSED] - Wait for page load successfully

2018-03-13 13:10:07 - [MESSAGE][PASSED] - Call Test Case 'Test Cases/DashboardFunctions/CreateNewDashboard' successfully

2018-03-13 13:10:07 - [TEST_STEP][PASSED] - callTestCase: Call Test Case 'Test Cases/TabFunctions/CreateNewTab' successfully

2018-03-13 13:10:07 - [TEST_CASE][PASSED] - Test Cases/TabFunctions/CreateNewTab: Test Cases/TabFunctions/CreateNewTab

2018-03-13 13:10:08 - [TEST_STEP][PASSED] - click: Object: 'Object Repository/CreateNewTab/Page_CreateNewTab/span_icon fonticon fonticon-pl' is clicked on

2018-03-13 13:10:08 - [MESSAGE][PASSED] - Object: 'Object Repository/CreateNewTab/Page_CreateNewTab/span_icon fonticon fonticon-pl' is clicked on

2018-03-13 13:10:08 - [TEST_STEP][PASSED] - waitForElementPresent: Object 'Object Repository/CreateNewTab/Page_CreateNewTab/span_New Tab 1' is present

2018-03-13 13:10:08 - [MESSAGE][PASSED] - Object 'Object Repository/CreateNewTab/Page_CreateNewTab/span_New Tab 1' is present

2018-03-13 13:10:08 - [TEST_STEP][PASSED] - click: Object: 'Object Repository/CreateNewTab/Page_CreateNewTab/span_New Tab 1' is clicked on

2018-03-13 13:10:08 - [MESSAGE][PASSED] - Object: 'Object Repository/CreateNewTab/Page_CreateNewTab/span_New Tab 1' is clicked on

2018-03-13 13:10:08 - [TEST_STEP][PASSED] - setText: Text 'City Discover' is set on object 'Object Repository/CreateNewTab/Page_CreateNewTab/input_edit-in-place edit-in-pl'

2018-03-13 13:10:08 - [MESSAGE][PASSED] - Text 'City Discover' is set on object 'Object Repository/CreateNewTab/Page_CreateNewTab/input_edit-in-place edit-in-pl'

2018-03-13 13:10:08 - [TEST_STEP][PASSED] - sendKeys: Keys 'ENTER + ' sent to object: 'Object Repository/CreateNewTab/Page_CreateNewTab/input_edit-in-place edit-in-pl'

2018-03-13 13:10:08 - [MESSAGE][PASSED] - Keys 'ENTER + ' sent to object: 'Object Repository/CreateNewTab/Page_CreateNewTab/input_edit-in-place edit-in-pl'

2018-03-13 13:10:08 - [MESSAGE][PASSED] - Call Test Case 'Test Cases/TabFunctions/CreateNewTab' successfully

2018-03-13 13:10:08 - [TEST_STEP][FAILED] - callTestCase: Unable to call Test Case with id 'Test Cases/CompassFunctions/SmallCompassWest' (Root cause: Call Test Case 'Test Cases/CompassFunctions/SmallCompassWest' failed)

2018-03-13 13:10:08 - [TEST_CASE][FAILED] - Test Cases/CompassFunctions/SmallCompassWest: Test Cases/CompassFunctions/SmallCompassWest FAILED because (of) Unable to click on image (Root cause: java.lang.Exception: Cannot recognise image on screen)

2018-03-13 13:10:08 - [TEST_STEP][PASSED] - verifyImagePresent: Image: 'C:\Users\svc_QATechno\.jenkins\workspace\TechnoQA_R2018x\TechnoQA_R420\Object Repository/SmallCompass/Page_SmallCompass/Compass/west.jpg' is NOT present

2018-03-13 13:10:09 - [MESSAGE][WARNING] - Image: 'C:\Users\svc_QATechno\.jenkins\workspace\TechnoQA_R2018x\TechnoQA_R420\Object Repository/SmallCompass/Page_SmallCompass/Compass/west.jpg' is NOT present
[[ATTACHMENT|C:\\Users\\svc_QATechno\\.jenkins\\workspace\\TechnoQA_R2018x\\TechnoQA_R420\\Reports\\R2018x\\Scenarios Test Suites\\R2018x_AllScenarioRun\\20180313_130958\\1520943009586.png]]

2018-03-13 13:10:09 - [TEST_STEP][FAILED] - clickImage: Unable to click on image (Root cause: java.lang.Exception: Cannot recognise image on screen)

2018-03-13 13:10:10 - [MESSAGE][FAILED] - Unable to click on image (Root cause: java.lang.Exception: Cannot recognise image on screen)
[[ATTACHMENT|C:\\Users\\svc_QATechno\\.jenkins\\workspace\\TechnoQA_R2018x\\TechnoQA_R420\\Reports\\R2018x\\Scenarios Test Suites\\R2018x_AllScenarioRun\\20180313_130958\\1520943010136.png]]

2018-03-13 13:10:10 - [MESSAGE][FAILED] - Unable to call Test Case with id 'Test Cases/CompassFunctions/SmallCompassWest' (Root cause: Call Test Case 'Test Cases/CompassFunctions/SmallCompassWest' failed)]]></system-out>
         <system-err><![CDATA[2018-03-13 13:10:00 - [TEST_CASE][FAILED] - Test Cases/Scenarios/SCN047865 Auto_BasicSanityTest Cloud3DExperiencePlatformTest: Test Cases/Scenarios/SCN047865 Auto_BasicSanityTest Cloud3DExperiencePlatformTest FAILED because (of) Unable to click on image (Root cause: java.lang.Exception: Cannot recognise image on screen)]]></system-err>
      </testcase>
      <testcase name="Test Cases/Scenarios/SCN047864 Auto_3DCityCity Referential test" classname="Test Cases/Scenarios/SCN047864 Auto_3DCityCity Referential test" status="FAILED">
         <failure type="FAILED" message="Unable to click on object 'Object Repository/CreateNewTab/Page_CreateNewTab/span_icon fonticon fonticon-pl' (Root cause: org.openqa.selenium.StaleElementReferenceException: stale element reference: element is not attached to the page document
  (Session info: chrome=64.0.3282.167)
  (Driver info: chromedriver=2.35.528161 (5b82f2d2aae0ca24b877009200ced9065a772e73),platform=Windows NT 6.1.7601 SP1 x86_64) (WARNING: The server did not provide any stacktrace information)
Command duration or timeout: 0 milliseconds
For documentation on this error, please visit: http://seleniumhq.org/exceptions/stale_element_reference.html
Build info: version: '3.7.1', revision: '8a0099a', time: '2017-11-06T21:07:36.161Z'
System info: host: 'DELL2070DSY', ip: '10.237.173.48', os.name: 'Windows 7', os.arch: 'amd64', os.version: '6.1', java.version: '1.8.0_102'
Driver info: com.kms.katalon.selenium.driver.CChromeDriver
Capabilities {acceptInsecureCerts: false, acceptSslCerts: false, applicationCacheEnabled: false, browserConnectionEnabled: false, browserName: chrome, chrome: {chromedriverVersion: 2.35.528161 (5b82f2d2aae0ca..., userDataDir: C:\Users\SVC_QA~1\AppData\L...}, cssSelectorsEnabled: true, databaseEnabled: false, handlesAlerts: true, hasTouchScreen: false, javascriptEnabled: true, locationContextEnabled: true, mobileEmulationEnabled: false, nativeEvents: true, networkConnectionEnabled: false, pageLoadStrategy: normal, platform: XP, platformName: XP, rotatable: false, setWindowRect: true, takesHeapSnapshot: true, takesScreenshot: true, unexpectedAlertBehaviour: , unhandledPromptBehavior: , version: 64.0.3282.167, webStorageEnabled: true}
Session ID: f04a572b79941dfd08759fd4272cf987)"/>
         <system-out><![CDATA[2018-03-13 13:10:10 - [TEST_CASE][FAILED] - Test Cases/Scenarios/SCN047864 Auto_3DCityCity Referential test: Test Cases/Scenarios/SCN047864 Auto_3DCityCity Referential test FAILED because (of) Unable to click on object 'Object Repository/CreateNewTab/Page_CreateNewTab/span_icon fonticon fonticon-pl' (Root cause: org.openqa.selenium.StaleElementReferenceException: stale element reference: element is not attached to the page document
  (Session info: chrome=64.0.3282.167)
  (Driver info: chromedriver=2.35.528161 (5b82f2d2aae0ca24b877009200ced9065a772e73),platform=Windows NT 6.1.7601 SP1 x86_64) (WARNING: The server did not provide any stacktrace information)
Command duration or timeout: 0 milliseconds
For documentation on this error, please visit: http://seleniumhq.org/exceptions/stale_element_reference.html
Build info: version: '3.7.1', revision: '8a0099a', time: '2017-11-06T21:07:36.161Z'
System info: host: 'DELL2070DSY', ip: '10.237.173.48', os.name: 'Windows 7', os.arch: 'amd64', os.version: '6.1', java.version: '1.8.0_102'
Driver info: com.kms.katalon.selenium.driver.CChromeDriver
Capabilities {acceptInsecureCerts: false, acceptSslCerts: false, applicationCacheEnabled: false, browserConnectionEnabled: false, browserName: chrome, chrome: {chromedriverVersion: 2.35.528161 (5b82f2d2aae0ca..., userDataDir: C:\Users\SVC_QA~1\AppData\L...}, cssSelectorsEnabled: true, databaseEnabled: false, handlesAlerts: true, hasTouchScreen: false, javascriptEnabled: true, locationContextEnabled: true, mobileEmulationEnabled: false, nativeEvents: true, networkConnectionEnabled: false, pageLoadStrategy: normal, platform: XP, platformName: XP, rotatable: false, setWindowRect: true, takesHeapSnapshot: true, takesScreenshot: true, unexpectedAlertBehaviour: , unhandledPromptBehavior: , version: 64.0.3282.167, webStorageEnabled: true}
Session ID: f04a572b79941dfd08759fd4272cf987)

2018-03-13 13:10:10 - [TEST_STEP][PASSED] - callTestCase: Call Test Case 'Test Cases/NavigateURLR2018x' successfully

2018-03-13 13:10:10 - [TEST_CASE][PASSED] - Test Cases/NavigateURLR2018x: Test Cases/NavigateURLR2018x

2018-03-13 13:10:10 - [TEST_STEP][PASSED] - openBrowser: Browser is opened with url: ''

2018-03-13 13:10:10 - [MESSAGE][WARNING] - A browser is already opened. Closing browser and opening a new one

2018-03-13 13:10:13 - [MESSAGE][PASSED] - Browser is opened with url: ''

2018-03-13 13:10:13 - [TEST_STEP][PASSED] - navigateToUrl: Navigate to 'https://euw1-20qna10309-ifwe.3dx-staging.3ds.com/' successfully

2018-03-13 13:10:13 - [MESSAGE][PASSED] - Navigate to 'https://euw1-20qna10309-ifwe.3dx-staging.3ds.com/' successfully

2018-03-13 13:10:13 - [TEST_STEP][PASSED] - maximizeWindow: Current window maximized

2018-03-13 13:10:14 - [MESSAGE][PASSED] - Current window maximized

2018-03-13 13:10:14 - [MESSAGE][PASSED] - Call Test Case 'Test Cases/NavigateURLR2018x' successfully

2018-03-13 13:10:14 - [TEST_STEP][PASSED] - callTestCase: Call Test Case 'Test Cases/LoginToPod' successfully

2018-03-13 13:10:14 - [TEST_CASE][PASSED] - Test Cases/LoginToPod: Test Cases/LoginToPod

2018-03-13 13:10:14 - [TEST_STEP][NOT_RUN] - openBrowser: NOT_RUN: openBrowser

2018-03-13 13:10:14 - [MESSAGE][NOT_RUN] - NOT_RUN: openBrowser

2018-03-13 13:10:14 - [TEST_STEP][NOT_RUN] - navigateToUrl: NOT_RUN: navigateToUrl

2018-03-13 13:10:14 - [MESSAGE][NOT_RUN] - NOT_RUN: navigateToUrl

2018-03-13 13:10:14 - [TEST_STEP][NOT_RUN] - maximizeWindow: NOT_RUN: maximizeWindow

2018-03-13 13:10:14 - [MESSAGE][NOT_RUN] - NOT_RUN: maximizeWindow

2018-03-13 13:10:14 - [TEST_STEP][NOT_RUN] - callTestCase: NOT_RUN: callTestCase

2018-03-13 13:10:14 - [MESSAGE][NOT_RUN] - NOT_RUN: callTestCase

2018-03-13 13:10:14 - [TEST_STEP][PASSED] - setText: Text 'Technoqa' is set on object 'Object Repository/LoginToPod/Page_3DPassport - Login/input_username'

2018-03-13 13:10:14 - [MESSAGE][PASSED] - Text 'Technoqa' is set on object 'Object Repository/LoginToPod/Page_3DPassport - Login/input_username'

2018-03-13 13:10:14 - [TEST_STEP][PASSED] - setText: Text 'Techno2016#' is set on object 'Object Repository/LoginToPod/Page_3DPassport - Login/input_password'

2018-03-13 13:10:15 - [MESSAGE][PASSED] - Text 'Techno2016#' is set on object 'Object Repository/LoginToPod/Page_3DPassport - Login/input_password'

2018-03-13 13:10:15 - [TEST_STEP][PASSED] - verifyElementVisible: Object 'Object Repository/LoginToPod/Page_3DPassport - Login/input_uwa-submit uwa-submit-ro' is visible

2018-03-13 13:10:15 - [MESSAGE][PASSED] - Object 'Object Repository/LoginToPod/Page_3DPassport - Login/input_uwa-submit uwa-submit-ro' is visible

2018-03-13 13:10:15 - [TEST_STEP][PASSED] - click: Object: 'Object Repository/LoginToPod/Page_3DPassport - Login/input_uwa-submit uwa-submit-ro' is clicked on

2018-03-13 13:10:15 - [MESSAGE][PASSED] - Object: 'Object Repository/LoginToPod/Page_3DPassport - Login/input_uwa-submit uwa-submit-ro' is clicked on

2018-03-13 13:10:15 - [TEST_STEP][PASSED] - verifyElementVisible: Object 'Object Repository/LoginToPod/Page_3DPassport - Login/span_3DEXPERIENCE' is visible

2018-03-13 13:10:16 - [MESSAGE][PASSED] - Object 'Object Repository/LoginToPod/Page_3DPassport - Login/span_3DEXPERIENCE' is visible

2018-03-13 13:10:16 - [MESSAGE][PASSED] - Call Test Case 'Test Cases/LoginToPod' successfully

2018-03-13 13:10:16 - [TEST_STEP][PASSED] - callTestCase: Call Test Case 'Test Cases/DashboardFunctions/CreateNewDashboard' successfully

2018-03-13 13:10:16 - [TEST_CASE][PASSED] - Test Cases/DashboardFunctions/CreateNewDashboard: Test Cases/DashboardFunctions/CreateNewDashboard

2018-03-13 13:10:16 - [TEST_STEP][PASSED] - click: Object: 'Object Repository/CreateNewDashboardAndTab/Page_CreateNewDashboard/div_dashboard-actions-holder f' is clicked on

2018-03-13 13:10:17 - [MESSAGE][PASSED] - Object: 'Object Repository/CreateNewDashboardAndTab/Page_CreateNewDashboard/div_dashboard-actions-holder f' is clicked on

2018-03-13 13:10:17 - [TEST_STEP][PASSED] - click: Object: 'Object Repository/CreateNewDashboardAndTab/Page_CreateNewDashboard/span_Add Dashboard...' is clicked on

2018-03-13 13:10:17 - [MESSAGE][PASSED] - Object: 'Object Repository/CreateNewDashboardAndTab/Page_CreateNewDashboard/span_Add Dashboard...' is clicked on

2018-03-13 13:10:17 - [TEST_STEP][PASSED] - setText: Text 'Test JCN9 auto' is set on object 'Object Repository/CreateNewDashboardAndTab/Page_CreateNewDashboard/input_form-control form-contro'

2018-03-13 13:10:17 - [MESSAGE][PASSED] - Text 'Test JCN9 auto' is set on object 'Object Repository/CreateNewDashboardAndTab/Page_CreateNewDashboard/input_form-control form-contro'

2018-03-13 13:10:17 - [TEST_STEP][PASSED] - click: Object: 'Object Repository/CreateNewDashboardAndTab/Page_CreateNewDashboard/button_Create' is clicked on

2018-03-13 13:10:17 - [MESSAGE][PASSED] - Object: 'Object Repository/CreateNewDashboardAndTab/Page_CreateNewDashboard/button_Create' is clicked on

2018-03-13 13:10:17 - [TEST_STEP][PASSED] - waitForPageLoad: Wait for page load successfully

2018-03-13 13:10:17 - [MESSAGE][PASSED] - Wait for page load successfully

2018-03-13 13:10:17 - [MESSAGE][PASSED] - Call Test Case 'Test Cases/DashboardFunctions/CreateNewDashboard' successfully

2018-03-13 13:10:17 - [TEST_STEP][FAILED] - callTestCase: Unable to call Test Case with id 'Test Cases/TabFunctions/CreateNewTab' (Root cause: Call Test Case 'Test Cases/TabFunctions/CreateNewTab' failed)

2018-03-13 13:10:17 - [TEST_CASE][FAILED] - Test Cases/TabFunctions/CreateNewTab: Test Cases/TabFunctions/CreateNewTab FAILED because (of) Unable to click on object 'Object Repository/CreateNewTab/Page_CreateNewTab/span_icon fonticon fonticon-pl' (Root cause: org.openqa.selenium.StaleElementReferenceException: stale element reference: element is not attached to the page document
  (Session info: chrome=64.0.3282.167)
  (Driver info: chromedriver=2.35.528161 (5b82f2d2aae0ca24b877009200ced9065a772e73),platform=Windows NT 6.1.7601 SP1 x86_64) (WARNING: The server did not provide any stacktrace information)
Command duration or timeout: 0 milliseconds
For documentation on this error, please visit: http://seleniumhq.org/exceptions/stale_element_reference.html
Build info: version: '3.7.1', revision: '8a0099a', time: '2017-11-06T21:07:36.161Z'
System info: host: 'DELL2070DSY', ip: '10.237.173.48', os.name: 'Windows 7', os.arch: 'amd64', os.version: '6.1', java.version: '1.8.0_102'
Driver info: com.kms.katalon.selenium.driver.CChromeDriver
Capabilities {acceptInsecureCerts: false, acceptSslCerts: false, applicationCacheEnabled: false, browserConnectionEnabled: false, browserName: chrome, chrome: {chromedriverVersion: 2.35.528161 (5b82f2d2aae0ca..., userDataDir: C:\Users\SVC_QA~1\AppData\L...}, cssSelectorsEnabled: true, databaseEnabled: false, handlesAlerts: true, hasTouchScreen: false, javascriptEnabled: true, locationContextEnabled: true, mobileEmulationEnabled: false, nativeEvents: true, networkConnectionEnabled: false, pageLoadStrategy: normal, platform: XP, platformName: XP, rotatable: false, setWindowRect: true, takesHeapSnapshot: true, takesScreenshot: true, unexpectedAlertBehaviour: , unhandledPromptBehavior: , version: 64.0.3282.167, webStorageEnabled: true}
Session ID: f04a572b79941dfd08759fd4272cf987)

2018-03-13 13:10:17 - [TEST_STEP][FAILED] - click: Unable to click on object 'Object Repository/CreateNewTab/Page_CreateNewTab/span_icon fonticon fonticon-pl' (Root cause: org.openqa.selenium.StaleElementReferenceException: stale element reference: element is not attached to the page document
  (Session info: chrome=64.0.3282.167)
  (Driver info: chromedriver=2.35.528161 (5b82f2d2aae0ca24b877009200ced9065a772e73),platform=Windows NT 6.1.7601 SP1 x86_64) (WARNING: The server did not provide any stacktrace information)
Command duration or timeout: 0 milliseconds
For documentation on this error, please visit: http://seleniumhq.org/exceptions/stale_element_reference.html
Build info: version: '3.7.1', revision: '8a0099a', time: '2017-11-06T21:07:36.161Z'
System info: host: 'DELL2070DSY', ip: '10.237.173.48', os.name: 'Windows 7', os.arch: 'amd64', os.version: '6.1', java.version: '1.8.0_102'
Driver info: com.kms.katalon.selenium.driver.CChromeDriver
Capabilities {acceptInsecureCerts: false, acceptSslCerts: false, applicationCacheEnabled: false, browserConnectionEnabled: false, browserName: chrome, chrome: {chromedriverVersion: 2.35.528161 (5b82f2d2aae0ca..., userDataDir: C:\Users\SVC_QA~1\AppData\L...}, cssSelectorsEnabled: true, databaseEnabled: false, handlesAlerts: true, hasTouchScreen: false, javascriptEnabled: true, locationContextEnabled: true, mobileEmulationEnabled: false, nativeEvents: true, networkConnectionEnabled: false, pageLoadStrategy: normal, platform: XP, platformName: XP, rotatable: false, setWindowRect: true, takesHeapSnapshot: true, takesScreenshot: true, unexpectedAlertBehaviour: , unhandledPromptBehavior: , version: 64.0.3282.167, webStorageEnabled: true}
Session ID: f04a572b79941dfd08759fd4272cf987)

2018-03-13 13:10:17 - [MESSAGE][FAILED] - Unable to click on object 'Object Repository/CreateNewTab/Page_CreateNewTab/span_icon fonticon fonticon-pl' (Root cause: org.openqa.selenium.StaleElementReferenceException: stale element reference: element is not attached to the page document
  (Session info: chrome=64.0.3282.167)
  (Driver info: chromedriver=2.35.528161 (5b82f2d2aae0ca24b877009200ced9065a772e73),platform=Windows NT 6.1.7601 SP1 x86_64) (WARNING: The server did not provide any stacktrace information)
Command duration or timeout: 0 milliseconds
For documentation on this error, please visit: http://seleniumhq.org/exceptions/stale_element_reference.html
Build info: version: '3.7.1', revision: '8a0099a', time: '2017-11-06T21:07:36.161Z'
System info: host: 'DELL2070DSY', ip: '10.237.173.48', os.name: 'Windows 7', os.arch: 'amd64', os.version: '6.1', java.version: '1.8.0_102'
Driver info: com.kms.katalon.selenium.driver.CChromeDriver
Capabilities {acceptInsecureCerts: false, acceptSslCerts: false, applicationCacheEnabled: false, browserConnectionEnabled: false, browserName: chrome, chrome: {chromedriverVersion: 2.35.528161 (5b82f2d2aae0ca..., userDataDir: C:\Users\SVC_QA~1\AppData\L...}, cssSelectorsEnabled: true, databaseEnabled: false, handlesAlerts: true, hasTouchScreen: false, javascriptEnabled: true, locationContextEnabled: true, mobileEmulationEnabled: false, nativeEvents: true, networkConnectionEnabled: false, pageLoadStrategy: normal, platform: XP, platformName: XP, rotatable: false, setWindowRect: true, takesHeapSnapshot: true, takesScreenshot: true, unexpectedAlertBehaviour: , unhandledPromptBehavior: , version: 64.0.3282.167, webStorageEnabled: true}
Session ID: f04a572b79941dfd08759fd4272cf987)
[[ATTACHMENT|C:\\Users\\svc_QATechno\\.jenkins\\workspace\\TechnoQA_R2018x\\TechnoQA_R420\\Reports\\R2018x\\Scenarios Test Suites\\R2018x_AllScenarioRun\\20180313_130958\\1520943017534.png]]

2018-03-13 13:10:17 - [TEST_STEP][PASSED] - waitForElementPresent: Object 'Object Repository/CreateNewTab/Page_CreateNewTab/span_New Tab 1' is not present after 60 second(s)

2018-03-13 13:11:18 - [MESSAGE][WARNING] - Object 'Object Repository/CreateNewTab/Page_CreateNewTab/span_New Tab 1' is not present after 60 second(s)

2018-03-13 13:11:18 - [TEST_STEP][FAILED] - click: Unable to click on object 'Object Repository/CreateNewTab/Page_CreateNewTab/span_New Tab 1' (Root cause: com.kms.katalon.core.webui.exception.WebElementNotFoundException: Web element with id: 'Object Repository/CreateNewTab/Page_CreateNewTab/span_New Tab 1' located by 'By.xpath: //span[@class = 'title' and (contains(text(), 'New Tab ') or contains(., 'New Tab '))]' not found)

2018-03-13 13:11:49 - [MESSAGE][FAILED] - Unable to click on object 'Object Repository/CreateNewTab/Page_CreateNewTab/span_New Tab 1' (Root cause: com.kms.katalon.core.webui.exception.WebElementNotFoundException: Web element with id: 'Object Repository/CreateNewTab/Page_CreateNewTab/span_New Tab 1' located by 'By.xpath: //span[@class = 'title' and (contains(text(), 'New Tab ') or contains(., 'New Tab '))]' not found)
[[ATTACHMENT|C:\\Users\\svc_QATechno\\.jenkins\\workspace\\TechnoQA_R2018x\\TechnoQA_R420\\Reports\\R2018x\\Scenarios Test Suites\\R2018x_AllScenarioRun\\20180313_130958\\1520943109113.png]]

2018-03-13 13:11:49 - [TEST_STEP][FAILED] - setText: Unable to set text 'City Discover' of object 'Object Repository/CreateNewTab/Page_CreateNewTab/input_edit-in-place edit-in-pl' (Root cause: com.kms.katalon.core.webui.exception.WebElementNotFoundException: Web element with id: 'Object Repository/CreateNewTab/Page_CreateNewTab/input_edit-in-place edit-in-pl' located by 'By.xpath: //input[@type = 'text' and @class = 'edit-in-place edit-in-place form-control form-control-root']' not found)

2018-03-13 13:12:20 - [MESSAGE][FAILED] - Unable to set text 'City Discover' of object 'Object Repository/CreateNewTab/Page_CreateNewTab/input_edit-in-place edit-in-pl' (Root cause: com.kms.katalon.core.webui.exception.WebElementNotFoundException: Web element with id: 'Object Repository/CreateNewTab/Page_CreateNewTab/input_edit-in-place edit-in-pl' located by 'By.xpath: //input[@type = 'text' and @class = 'edit-in-place edit-in-place form-control form-control-root']' not found)
[[ATTACHMENT|C:\\Users\\svc_QATechno\\.jenkins\\workspace\\TechnoQA_R2018x\\TechnoQA_R420\\Reports\\R2018x\\Scenarios Test Suites\\R2018x_AllScenarioRun\\20180313_130958\\1520943139832.png]]

2018-03-13 13:12:20 - [TEST_STEP][FAILED] - sendKeys: Unable to send keys '' to object 'Object Repository/CreateNewTab/Page_CreateNewTab/input_edit-in-place edit-in-pl' (Root cause: com.kms.katalon.core.webui.exception.WebElementNotFoundException: Web element with id: 'Object Repository/CreateNewTab/Page_CreateNewTab/input_edit-in-place edit-in-pl' located by 'By.xpath: //input[@type = 'text' and @class = 'edit-in-place edit-in-place form-control form-control-root']' not found)

2018-03-13 13:12:50 - [MESSAGE][FAILED] - Unable to send keys '' to object 'Object Repository/CreateNewTab/Page_CreateNewTab/input_edit-in-place edit-in-pl' (Root cause: com.kms.katalon.core.webui.exception.WebElementNotFoundException: Web element with id: 'Object Repository/CreateNewTab/Page_CreateNewTab/input_edit-in-place edit-in-pl' located by 'By.xpath: //input[@type = 'text' and @class = 'edit-in-place edit-in-place form-control form-control-root']' not found)
[[ATTACHMENT|C:\\Users\\svc_QATechno\\.jenkins\\workspace\\TechnoQA_R2018x\\TechnoQA_R420\\Reports\\R2018x\\Scenarios Test Suites\\R2018x_AllScenarioRun\\20180313_130958\\1520943170524.png]]

2018-03-13 13:12:50 - [MESSAGE][FAILED] - Unable to call Test Case with id 'Test Cases/TabFunctions/CreateNewTab' (Root cause: Call Test Case 'Test Cases/TabFunctions/CreateNewTab' failed)]]></system-out>
         <system-err><![CDATA[2018-03-13 13:10:10 - [TEST_CASE][FAILED] - Test Cases/Scenarios/SCN047864 Auto_3DCityCity Referential test: Test Cases/Scenarios/SCN047864 Auto_3DCityCity Referential test FAILED because (of) Unable to click on object 'Object Repository/CreateNewTab/Page_CreateNewTab/span_icon fonticon fonticon-pl' (Root cause: org.openqa.selenium.StaleElementReferenceException: stale element reference: element is not attached to the page document
  (Session info: chrome=64.0.3282.167)
  (Driver info: chromedriver=2.35.528161 (5b82f2d2aae0ca24b877009200ced9065a772e73),platform=Windows NT 6.1.7601 SP1 x86_64) (WARNING: The server did not provide any stacktrace information)
Command duration or timeout: 0 milliseconds
For documentation on this error, please visit: http://seleniumhq.org/exceptions/stale_element_reference.html
Build info: version: '3.7.1', revision: '8a0099a', time: '2017-11-06T21:07:36.161Z'
System info: host: 'DELL2070DSY', ip: '10.237.173.48', os.name: 'Windows 7', os.arch: 'amd64', os.version: '6.1', java.version: '1.8.0_102'
Driver info: com.kms.katalon.selenium.driver.CChromeDriver
Capabilities {acceptInsecureCerts: false, acceptSslCerts: false, applicationCacheEnabled: false, browserConnectionEnabled: false, browserName: chrome, chrome: {chromedriverVersion: 2.35.528161 (5b82f2d2aae0ca..., userDataDir: C:\Users\SVC_QA~1\AppData\L...}, cssSelectorsEnabled: true, databaseEnabled: false, handlesAlerts: true, hasTouchScreen: false, javascriptEnabled: true, locationContextEnabled: true, mobileEmulationEnabled: false, nativeEvents: true, networkConnectionEnabled: false, pageLoadStrategy: normal, platform: XP, platformName: XP, rotatable: false, setWindowRect: true, takesHeapSnapshot: true, takesScreenshot: true, unexpectedAlertBehaviour: , unhandledPromptBehavior: , version: 64.0.3282.167, webStorageEnabled: true}
Session ID: f04a572b79941dfd08759fd4272cf987)]]></system-err>
      </testcase>
      <testcase name="Test Cases/Scenarios/SCN048023 Auto_3DCity City Discover widget test" classname="Test Cases/Scenarios/SCN048023 Auto_3DCity City Discover widget test" status="FAILED">
         <failure type="FAILED" message="Unable to click on image (Root cause: java.lang.Exception: Cannot recognise image on screen)"/>
         <system-out><![CDATA[2018-03-13 13:12:50 - [TEST_CASE][FAILED] - Test Cases/Scenarios/SCN048023 Auto_3DCity City Discover widget test: Test Cases/Scenarios/SCN048023 Auto_3DCity City Discover widget test FAILED because (of) Unable to click on image (Root cause: java.lang.Exception: Cannot recognise image on screen)

2018-03-13 13:12:50 - [TEST_STEP][PASSED] - callTestCase: Call Test Case 'Test Cases/NavigateURLR2018x' successfully

2018-03-13 13:12:50 - [TEST_CASE][PASSED] - Test Cases/NavigateURLR2018x: Test Cases/NavigateURLR2018x

2018-03-13 13:12:50 - [TEST_STEP][PASSED] - openBrowser: Browser is opened with url: ''

2018-03-13 13:12:50 - [MESSAGE][WARNING] - A browser is already opened. Closing browser and opening a new one

2018-03-13 13:12:53 - [MESSAGE][PASSED] - Browser is opened with url: ''

2018-03-13 13:12:53 - [TEST_STEP][PASSED] - navigateToUrl: Navigate to 'https://euw1-20qna10309-ifwe.3dx-staging.3ds.com/' successfully

2018-03-13 13:12:53 - [MESSAGE][PASSED] - Navigate to 'https://euw1-20qna10309-ifwe.3dx-staging.3ds.com/' successfully

2018-03-13 13:12:53 - [TEST_STEP][PASSED] - maximizeWindow: Current window maximized

2018-03-13 13:12:55 - [MESSAGE][PASSED] - Current window maximized

2018-03-13 13:12:55 - [MESSAGE][PASSED] - Call Test Case 'Test Cases/NavigateURLR2018x' successfully

2018-03-13 13:12:55 - [TEST_STEP][PASSED] - callTestCase: Call Test Case 'Test Cases/LoginToPod' successfully

2018-03-13 13:12:55 - [TEST_CASE][PASSED] - Test Cases/LoginToPod: Test Cases/LoginToPod

2018-03-13 13:12:55 - [TEST_STEP][NOT_RUN] - openBrowser: NOT_RUN: openBrowser

2018-03-13 13:12:55 - [MESSAGE][NOT_RUN] - NOT_RUN: openBrowser

2018-03-13 13:12:55 - [TEST_STEP][NOT_RUN] - navigateToUrl: NOT_RUN: navigateToUrl

2018-03-13 13:12:55 - [MESSAGE][NOT_RUN] - NOT_RUN: navigateToUrl

2018-03-13 13:12:55 - [TEST_STEP][NOT_RUN] - maximizeWindow: NOT_RUN: maximizeWindow

2018-03-13 13:12:55 - [MESSAGE][NOT_RUN] - NOT_RUN: maximizeWindow

2018-03-13 13:12:55 - [TEST_STEP][NOT_RUN] - callTestCase: NOT_RUN: callTestCase

2018-03-13 13:12:55 - [MESSAGE][NOT_RUN] - NOT_RUN: callTestCase

2018-03-13 13:12:55 - [TEST_STEP][PASSED] - setText: Text 'Technoqa' is set on object 'Object Repository/LoginToPod/Page_3DPassport - Login/input_username'

2018-03-13 13:12:55 - [MESSAGE][PASSED] - Text 'Technoqa' is set on object 'Object Repository/LoginToPod/Page_3DPassport - Login/input_username'

2018-03-13 13:12:55 - [TEST_STEP][PASSED] - setText: Text 'Techno2016#' is set on object 'Object Repository/LoginToPod/Page_3DPassport - Login/input_password'

2018-03-13 13:12:55 - [MESSAGE][PASSED] - Text 'Techno2016#' is set on object 'Object Repository/LoginToPod/Page_3DPassport - Login/input_password'

2018-03-13 13:12:55 - [TEST_STEP][PASSED] - verifyElementVisible: Object 'Object Repository/LoginToPod/Page_3DPassport - Login/input_uwa-submit uwa-submit-ro' is visible

2018-03-13 13:12:55 - [MESSAGE][PASSED] - Object 'Object Repository/LoginToPod/Page_3DPassport - Login/input_uwa-submit uwa-submit-ro' is visible

2018-03-13 13:12:55 - [TEST_STEP][PASSED] - click: Object: 'Object Repository/LoginToPod/Page_3DPassport - Login/input_uwa-submit uwa-submit-ro' is clicked on

2018-03-13 13:12:56 - [MESSAGE][PASSED] - Object: 'Object Repository/LoginToPod/Page_3DPassport - Login/input_uwa-submit uwa-submit-ro' is clicked on

2018-03-13 13:12:56 - [TEST_STEP][PASSED] - verifyElementVisible: Object 'Object Repository/LoginToPod/Page_3DPassport - Login/span_3DEXPERIENCE' is visible

2018-03-13 13:12:57 - [MESSAGE][PASSED] - Object 'Object Repository/LoginToPod/Page_3DPassport - Login/span_3DEXPERIENCE' is visible

2018-03-13 13:12:57 - [MESSAGE][PASSED] - Call Test Case 'Test Cases/LoginToPod' successfully

2018-03-13 13:12:57 - [TEST_STEP][PASSED] - callTestCase: Call Test Case 'Test Cases/DashboardFunctions/CreateNewDashboard' successfully

2018-03-13 13:12:57 - [TEST_CASE][PASSED] - Test Cases/DashboardFunctions/CreateNewDashboard: Test Cases/DashboardFunctions/CreateNewDashboard

2018-03-13 13:12:57 - [TEST_STEP][PASSED] - click: Object: 'Object Repository/CreateNewDashboardAndTab/Page_CreateNewDashboard/div_dashboard-actions-holder f' is clicked on

2018-03-13 13:12:58 - [MESSAGE][PASSED] - Object: 'Object Repository/CreateNewDashboardAndTab/Page_CreateNewDashboard/div_dashboard-actions-holder f' is clicked on

2018-03-13 13:12:58 - [TEST_STEP][PASSED] - click: Object: 'Object Repository/CreateNewDashboardAndTab/Page_CreateNewDashboard/span_Add Dashboard...' is clicked on

2018-03-13 13:12:58 - [MESSAGE][PASSED] - Object: 'Object Repository/CreateNewDashboardAndTab/Page_CreateNewDashboard/span_Add Dashboard...' is clicked on

2018-03-13 13:12:58 - [TEST_STEP][PASSED] - setText: Text 'Test JCN9 auto' is set on object 'Object Repository/CreateNewDashboardAndTab/Page_CreateNewDashboard/input_form-control form-contro'

2018-03-13 13:12:58 - [MESSAGE][PASSED] - Text 'Test JCN9 auto' is set on object 'Object Repository/CreateNewDashboardAndTab/Page_CreateNewDashboard/input_form-control form-contro'

2018-03-13 13:12:58 - [TEST_STEP][PASSED] - click: Object: 'Object Repository/CreateNewDashboardAndTab/Page_CreateNewDashboard/button_Create' is clicked on

2018-03-13 13:12:58 - [MESSAGE][PASSED] - Object: 'Object Repository/CreateNewDashboardAndTab/Page_CreateNewDashboard/button_Create' is clicked on

2018-03-13 13:12:58 - [TEST_STEP][PASSED] - waitForPageLoad: Wait for page load successfully

2018-03-13 13:12:58 - [MESSAGE][PASSED] - Wait for page load successfully

2018-03-13 13:12:58 - [MESSAGE][PASSED] - Call Test Case 'Test Cases/DashboardFunctions/CreateNewDashboard' successfully

2018-03-13 13:12:58 - [TEST_STEP][PASSED] - callTestCase: Unable to call Test Case with id 'Test Cases/TabFunctions/CreateNewTab' (Root cause: Call Test Case 'Test Cases/TabFunctions/CreateNewTab' failed)

2018-03-13 13:12:58 - [TEST_CASE][FAILED] - Test Cases/TabFunctions/CreateNewTab: Test Cases/TabFunctions/CreateNewTab FAILED because (of) Unable to click on object 'Object Repository/CreateNewTab/Page_CreateNewTab/span_icon fonticon fonticon-pl' (Root cause: org.openqa.selenium.StaleElementReferenceException: stale element reference: element is not attached to the page document
  (Session info: chrome=64.0.3282.167)
  (Driver info: chromedriver=2.35.528161 (5b82f2d2aae0ca24b877009200ced9065a772e73),platform=Windows NT 6.1.7601 SP1 x86_64) (WARNING: The server did not provide any stacktrace information)
Command duration or timeout: 0 milliseconds
For documentation on this error, please visit: http://seleniumhq.org/exceptions/stale_element_reference.html
Build info: version: '3.7.1', revision: '8a0099a', time: '2017-11-06T21:07:36.161Z'
System info: host: 'DELL2070DSY', ip: '10.237.173.48', os.name: 'Windows 7', os.arch: 'amd64', os.version: '6.1', java.version: '1.8.0_102'
Driver info: com.kms.katalon.selenium.driver.CChromeDriver
Capabilities {acceptInsecureCerts: false, acceptSslCerts: false, applicationCacheEnabled: false, browserConnectionEnabled: false, browserName: chrome, chrome: {chromedriverVersion: 2.35.528161 (5b82f2d2aae0ca..., userDataDir: C:\Users\SVC_QA~1\AppData\L...}, cssSelectorsEnabled: true, databaseEnabled: false, handlesAlerts: true, hasTouchScreen: false, javascriptEnabled: true, locationContextEnabled: true, mobileEmulationEnabled: false, nativeEvents: true, networkConnectionEnabled: false, pageLoadStrategy: normal, platform: XP, platformName: XP, rotatable: false, setWindowRect: true, takesHeapSnapshot: true, takesScreenshot: true, unexpectedAlertBehaviour: , unhandledPromptBehavior: , version: 64.0.3282.167, webStorageEnabled: true}
Session ID: de743f274799012cbdf44e053950899a)

2018-03-13 13:12:58 - [TEST_STEP][FAILED] - click: Unable to click on object 'Object Repository/CreateNewTab/Page_CreateNewTab/span_icon fonticon fonticon-pl' (Root cause: org.openqa.selenium.StaleElementReferenceException: stale element reference: element is not attached to the page document
  (Session info: chrome=64.0.3282.167)
  (Driver info: chromedriver=2.35.528161 (5b82f2d2aae0ca24b877009200ced9065a772e73),platform=Windows NT 6.1.7601 SP1 x86_64) (WARNING: The server did not provide any stacktrace information)
Command duration or timeout: 0 milliseconds
For documentation on this error, please visit: http://seleniumhq.org/exceptions/stale_element_reference.html
Build info: version: '3.7.1', revision: '8a0099a', time: '2017-11-06T21:07:36.161Z'
System info: host: 'DELL2070DSY', ip: '10.237.173.48', os.name: 'Windows 7', os.arch: 'amd64', os.version: '6.1', java.version: '1.8.0_102'
Driver info: com.kms.katalon.selenium.driver.CChromeDriver
Capabilities {acceptInsecureCerts: false, acceptSslCerts: false, applicationCacheEnabled: false, browserConnectionEnabled: false, browserName: chrome, chrome: {chromedriverVersion: 2.35.528161 (5b82f2d2aae0ca..., userDataDir: C:\Users\SVC_QA~1\AppData\L...}, cssSelectorsEnabled: true, databaseEnabled: false, handlesAlerts: true, hasTouchScreen: false, javascriptEnabled: true, locationContextEnabled: true, mobileEmulationEnabled: false, nativeEvents: true, networkConnectionEnabled: false, pageLoadStrategy: normal, platform: XP, platformName: XP, rotatable: false, setWindowRect: true, takesHeapSnapshot: true, takesScreenshot: true, unexpectedAlertBehaviour: , unhandledPromptBehavior: , version: 64.0.3282.167, webStorageEnabled: true}
Session ID: de743f274799012cbdf44e053950899a)

2018-03-13 13:12:58 - [MESSAGE][FAILED] - Unable to click on object 'Object Repository/CreateNewTab/Page_CreateNewTab/span_icon fonticon fonticon-pl' (Root cause: org.openqa.selenium.StaleElementReferenceException: stale element reference: element is not attached to the page document
  (Session info: chrome=64.0.3282.167)
  (Driver info: chromedriver=2.35.528161 (5b82f2d2aae0ca24b877009200ced9065a772e73),platform=Windows NT 6.1.7601 SP1 x86_64) (WARNING: The server did not provide any stacktrace information)
Command duration or timeout: 0 milliseconds
For documentation on this error, please visit: http://seleniumhq.org/exceptions/stale_element_reference.html
Build info: version: '3.7.1', revision: '8a0099a', time: '2017-11-06T21:07:36.161Z'
System info: host: 'DELL2070DSY', ip: '10.237.173.48', os.name: 'Windows 7', os.arch: 'amd64', os.version: '6.1', java.version: '1.8.0_102'
Driver info: com.kms.katalon.selenium.driver.CChromeDriver
Capabilities {acceptInsecureCerts: false, acceptSslCerts: false, applicationCacheEnabled: false, browserConnectionEnabled: false, browserName: chrome, chrome: {chromedriverVersion: 2.35.528161 (5b82f2d2aae0ca..., userDataDir: C:\Users\SVC_QA~1\AppData\L...}, cssSelectorsEnabled: true, databaseEnabled: false, handlesAlerts: true, hasTouchScreen: false, javascriptEnabled: true, locationContextEnabled: true, mobileEmulationEnabled: false, nativeEvents: true, networkConnectionEnabled: false, pageLoadStrategy: normal, platform: XP, platformName: XP, rotatable: false, setWindowRect: true, takesHeapSnapshot: true, takesScreenshot: true, unexpectedAlertBehaviour: , unhandledPromptBehavior: , version: 64.0.3282.167, webStorageEnabled: true}
Session ID: de743f274799012cbdf44e053950899a)
[[ATTACHMENT|C:\\Users\\svc_QATechno\\.jenkins\\workspace\\TechnoQA_R2018x\\TechnoQA_R420\\Reports\\R2018x\\Scenarios Test Suites\\R2018x_AllScenarioRun\\20180313_130958\\1520943178536.png]]

2018-03-13 13:12:58 - [TEST_STEP][PASSED] - waitForElementPresent: Object 'Object Repository/CreateNewTab/Page_CreateNewTab/span_New Tab 1' is not present after 60 second(s)

2018-03-13 13:13:59 - [MESSAGE][WARNING] - Object 'Object Repository/CreateNewTab/Page_CreateNewTab/span_New Tab 1' is not present after 60 second(s)

2018-03-13 13:13:59 - [TEST_STEP][FAILED] - click: Unable to click on object 'Object Repository/CreateNewTab/Page_CreateNewTab/span_New Tab 1' (Root cause: com.kms.katalon.core.webui.exception.WebElementNotFoundException: Web element with id: 'Object Repository/CreateNewTab/Page_CreateNewTab/span_New Tab 1' located by 'By.xpath: //span[@class = 'title' and (contains(text(), 'New Tab ') or contains(., 'New Tab '))]' not found)

2018-03-13 13:14:30 - [MESSAGE][FAILED] - Unable to click on object 'Object Repository/CreateNewTab/Page_CreateNewTab/span_New Tab 1' (Root cause: com.kms.katalon.core.webui.exception.WebElementNotFoundException: Web element with id: 'Object Repository/CreateNewTab/Page_CreateNewTab/span_New Tab 1' located by 'By.xpath: //span[@class = 'title' and (contains(text(), 'New Tab ') or contains(., 'New Tab '))]' not found)
[[ATTACHMENT|C:\\Users\\svc_QATechno\\.jenkins\\workspace\\TechnoQA_R2018x\\TechnoQA_R420\\Reports\\R2018x\\Scenarios Test Suites\\R2018x_AllScenarioRun\\20180313_130958\\1520943270083.png]]

2018-03-13 13:14:30 - [TEST_STEP][FAILED] - setText: Unable to set text 'City Discover' of object 'Object Repository/CreateNewTab/Page_CreateNewTab/input_edit-in-place edit-in-pl' (Root cause: com.kms.katalon.core.webui.exception.WebElementNotFoundException: Web element with id: 'Object Repository/CreateNewTab/Page_CreateNewTab/input_edit-in-place edit-in-pl' located by 'By.xpath: //input[@type = 'text' and @class = 'edit-in-place edit-in-place form-control form-control-root']' not found)

2018-03-13 13:15:01 - [MESSAGE][FAILED] - Unable to set text 'City Discover' of object 'Object Repository/CreateNewTab/Page_CreateNewTab/input_edit-in-place edit-in-pl' (Root cause: com.kms.katalon.core.webui.exception.WebElementNotFoundException: Web element with id: 'Object Repository/CreateNewTab/Page_CreateNewTab/input_edit-in-place edit-in-pl' located by 'By.xpath: //input[@type = 'text' and @class = 'edit-in-place edit-in-place form-control form-control-root']' not found)
[[ATTACHMENT|C:\\Users\\svc_QATechno\\.jenkins\\workspace\\TechnoQA_R2018x\\TechnoQA_R420\\Reports\\R2018x\\Scenarios Test Suites\\R2018x_AllScenarioRun\\20180313_130958\\1520943300786.png]]

2018-03-13 13:15:01 - [TEST_STEP][FAILED] - sendKeys: Unable to send keys '' to object 'Object Repository/CreateNewTab/Page_CreateNewTab/input_edit-in-place edit-in-pl' (Root cause: com.kms.katalon.core.webui.exception.WebElementNotFoundException: Web element with id: 'Object Repository/CreateNewTab/Page_CreateNewTab/input_edit-in-place edit-in-pl' located by 'By.xpath: //input[@type = 'text' and @class = 'edit-in-place edit-in-place form-control form-control-root']' not found)

2018-03-13 13:15:31 - [MESSAGE][FAILED] - Unable to send keys '' to object 'Object Repository/CreateNewTab/Page_CreateNewTab/input_edit-in-place edit-in-pl' (Root cause: com.kms.katalon.core.webui.exception.WebElementNotFoundException: Web element with id: 'Object Repository/CreateNewTab/Page_CreateNewTab/input_edit-in-place edit-in-pl' located by 'By.xpath: //input[@type = 'text' and @class = 'edit-in-place edit-in-place form-control form-control-root']' not found)
[[ATTACHMENT|C:\\Users\\svc_QATechno\\.jenkins\\workspace\\TechnoQA_R2018x\\TechnoQA_R420\\Reports\\R2018x\\Scenarios Test Suites\\R2018x_AllScenarioRun\\20180313_130958\\1520943331473.png]]

2018-03-13 13:15:31 - [MESSAGE][WARNING] - Unable to call Test Case with id 'Test Cases/TabFunctions/CreateNewTab' (Root cause: Call Test Case 'Test Cases/TabFunctions/CreateNewTab' failed)

2018-03-13 13:15:31 - [TEST_STEP][FAILED] - callTestCase: Unable to call Test Case with id 'Test Cases/CompassFunctions/SmallCompassWest' (Root cause: Call Test Case 'Test Cases/CompassFunctions/SmallCompassWest' failed)

2018-03-13 13:15:31 - [TEST_CASE][FAILED] - Test Cases/CompassFunctions/SmallCompassWest: Test Cases/CompassFunctions/SmallCompassWest FAILED because (of) Unable to click on image (Root cause: java.lang.Exception: Cannot recognise image on screen)

2018-03-13 13:15:31 - [TEST_STEP][PASSED] - verifyImagePresent: Image: 'C:\Users\svc_QATechno\.jenkins\workspace\TechnoQA_R2018x\TechnoQA_R420\Object Repository/SmallCompass/Page_SmallCompass/Compass/west.jpg' is NOT present

2018-03-13 13:15:32 - [MESSAGE][WARNING] - Image: 'C:\Users\svc_QATechno\.jenkins\workspace\TechnoQA_R2018x\TechnoQA_R420\Object Repository/SmallCompass/Page_SmallCompass/Compass/west.jpg' is NOT present
[[ATTACHMENT|C:\\Users\\svc_QATechno\\.jenkins\\workspace\\TechnoQA_R2018x\\TechnoQA_R420\\Reports\\R2018x\\Scenarios Test Suites\\R2018x_AllScenarioRun\\20180313_130958\\1520943332068.png]]

2018-03-13 13:15:32 - [TEST_STEP][FAILED] - clickImage: Unable to click on image (Root cause: java.lang.Exception: Cannot recognise image on screen)

2018-03-13 13:15:32 - [MESSAGE][FAILED] - Unable to click on image (Root cause: java.lang.Exception: Cannot recognise image on screen)
[[ATTACHMENT|C:\\Users\\svc_QATechno\\.jenkins\\workspace\\TechnoQA_R2018x\\TechnoQA_R420\\Reports\\R2018x\\Scenarios Test Suites\\R2018x_AllScenarioRun\\20180313_130958\\1520943332612.png]]

2018-03-13 13:15:32 - [MESSAGE][FAILED] - Unable to call Test Case with id 'Test Cases/CompassFunctions/SmallCompassWest' (Root cause: Call Test Case 'Test Cases/CompassFunctions/SmallCompassWest' failed)]]></system-out>
         <system-err><![CDATA[2018-03-13 13:12:50 - [TEST_CASE][FAILED] - Test Cases/Scenarios/SCN048023 Auto_3DCity City Discover widget test: Test Cases/Scenarios/SCN048023 Auto_3DCity City Discover widget test FAILED because (of) Unable to click on image (Root cause: java.lang.Exception: Cannot recognise image on screen)]]></system-err>
      </testcase>
      <system-out><![CDATA[2018-03-13 13:09:59 - [TEST_SUITE][FAILED] - R2018x_AllScenarioRun: Test Cases/Scenarios/SCN047865 Auto_BasicSanityTest Cloud3DExperiencePlatformTest FAILED because (of) Unable to click on image (Root cause: java.lang.Exception: Cannot recognise image on screen)]]></system-out>
      <system-err><![CDATA[2018-03-13 13:09:59 - [TEST_SUITE][FAILED] - R2018x_AllScenarioRun: Test Cases/Scenarios/SCN047865 Auto_BasicSanityTest Cloud3DExperiencePlatformTest FAILED because (of) Unable to click on image (Root cause: java.lang.Exception: Cannot recognise image on screen)]]></system-err>
   </testsuite>
</testsuites>
