<?xml version="1.0" encoding="UTF-8"?>
<testsuites name="R2018x_AllScenarioRun" time="249" tests="1" failures="2" errors="0">
   <testsuite name="R2018x_AllScenarioRun" tests="1" failures="2" errors="0" time="249" timestamp="2018-03-13 13:22:10" hostname="svcQATechno - DELL2070DSY.dsone.3ds.com" id="Test Suites/R2018x/Scenarios Test Suites/R2018x_AllScenarioRun">
      <properties>
         <property name="deviceName" value=""/>
         <property name="devicePlatform" value=""/>
         <property name="logFolder" value="C:\\Users\\svc_QATechno\\.jenkins\\workspace\\TechnoQA_R2018x\\TechnoQA_R420\\Reports\\R2018x\\Scenarios Test Suites\\R2018x_AllScenarioRun\\20180313_132208"/>
         <property name="logFiles" value="C:\\Users\\svc_QATechno\\.jenkins\\workspace\\TechnoQA_R2018x\\TechnoQA_R420\\Reports\\R2018x\\Scenarios Test Suites\\R2018x_AllScenarioRun\\20180313_132208\\execution0.log"/>
         <property name="attachments" value="C:\\Users\\svc_QATechno\\.jenkins\\workspace\\TechnoQA_R2018x\\TechnoQA_R420\\Reports\\R2018x\\Scenarios Test Suites\\R2018x_AllScenarioRun\\20180313_132208\\1520943749616.png, C:\\Users\\svc_QATechno\\.jenkins\\workspace\\TechnoQA_R2018x\\TechnoQA_R420\\Reports\\R2018x\\Scenarios Test Suites\\R2018x_AllScenarioRun\\20180313_132208\\1520943841239.png, C:\\Users\\svc_QATechno\\.jenkins\\workspace\\TechnoQA_R2018x\\TechnoQA_R420\\Reports\\R2018x\\Scenarios Test Suites\\R2018x_AllScenarioRun\\20180313_132208\\1520943872007.png, C:\\Users\\svc_QATechno\\.jenkins\\workspace\\TechnoQA_R2018x\\TechnoQA_R420\\Reports\\R2018x\\Scenarios Test Suites\\R2018x_AllScenarioRun\\20180313_132208\\1520943902710.png, C:\\Users\\svc_QATechno\\.jenkins\\workspace\\TechnoQA_R2018x\\TechnoQA_R420\\Reports\\R2018x\\Scenarios Test Suites\\R2018x_AllScenarioRun\\20180313_132208\\1520943910979.png, C:\\Users\\svc_QATechno\\.jenkins\\workspace\\TechnoQA_R2018x\\TechnoQA_R420\\Reports\\R2018x\\Scenarios Test Suites\\R2018x_AllScenarioRun\\20180313_132208\\1520943976516.png"/>
         <property name="hostName" value="svcQATechno - DELL2070DSY.dsone.3ds.com"/>
         <property name="os" value="Windows 7 64bit"/>
         <property name="katalonVersion" value="5.3.1.1"/>
         <property name="browser" value="Chrome 64.0.3282.167"/>
         <property name="hostAddress" value="10.237.173.48"/>
         <property name="sessionId" value="b3c531591f37ec6c314067dacca6e215"/>
         <property name="seleniumVersion" value="3.7.1"/>
         <property name="proxyInformation" value="ProxyInformation{proxyOption=NO_PROXY, proxyServerType=HTTP, password=, proxyServerAddress=, proxyServerPort=0}"/>
         <property name="platform" value="Windows 7"/>
      </properties>
      <testcase name="Test Cases/Scenarios/SCN047865 Auto_BasicSanityTest Cloud3DExperiencePlatformTest" classname="Test Cases/Scenarios/SCN047865 Auto_BasicSanityTest Cloud3DExperiencePlatformTest" status="PASSED">
         <system-out><![CDATA[2018-03-13 13:22:10 - [TEST_CASE][PASSED] - Test Cases/Scenarios/SCN047865 Auto_BasicSanityTest Cloud3DExperiencePlatformTest: Test Cases/Scenarios/SCN047865 Auto_BasicSanityTest Cloud3DExperiencePlatformTest

2018-03-13 13:22:10 - [TEST_STEP][PASSED] - callTestCase: Call Test Case 'Test Cases/NavigateURLR2018x' successfully

2018-03-13 13:22:10 - [TEST_CASE][PASSED] - Test Cases/NavigateURLR2018x: Test Cases/NavigateURLR2018x

2018-03-13 13:22:10 - [TEST_STEP][PASSED] - openBrowser: Browser is opened with url: ''

2018-03-13 13:22:13 - [MESSAGE][PASSED] - Browser is opened with url: ''

2018-03-13 13:22:13 - [TEST_STEP][PASSED] - navigateToUrl: Navigate to 'https://euw1-20qna10309-ifwe.3dx-staging.3ds.com/' successfully

2018-03-13 13:22:13 - [MESSAGE][PASSED] - Navigate to 'https://euw1-20qna10309-ifwe.3dx-staging.3ds.com/' successfully

2018-03-13 13:22:13 - [TEST_STEP][PASSED] - maximizeWindow: Current window maximized

2018-03-13 13:22:15 - [MESSAGE][PASSED] - Current window maximized

2018-03-13 13:22:15 - [MESSAGE][PASSED] - Call Test Case 'Test Cases/NavigateURLR2018x' successfully

2018-03-13 13:22:15 - [TEST_STEP][PASSED] - callTestCase: Call Test Case 'Test Cases/LoginToPod' successfully

2018-03-13 13:22:15 - [TEST_CASE][PASSED] - Test Cases/LoginToPod: Test Cases/LoginToPod

2018-03-13 13:22:15 - [TEST_STEP][NOT_RUN] - openBrowser: NOT_RUN: openBrowser

2018-03-13 13:22:15 - [MESSAGE][NOT_RUN] - NOT_RUN: openBrowser

2018-03-13 13:22:15 - [TEST_STEP][NOT_RUN] - navigateToUrl: NOT_RUN: navigateToUrl

2018-03-13 13:22:15 - [MESSAGE][NOT_RUN] - NOT_RUN: navigateToUrl

2018-03-13 13:22:15 - [TEST_STEP][NOT_RUN] - maximizeWindow: NOT_RUN: maximizeWindow

2018-03-13 13:22:15 - [MESSAGE][NOT_RUN] - NOT_RUN: maximizeWindow

2018-03-13 13:22:15 - [TEST_STEP][NOT_RUN] - callTestCase: NOT_RUN: callTestCase

2018-03-13 13:22:15 - [MESSAGE][NOT_RUN] - NOT_RUN: callTestCase

2018-03-13 13:22:15 - [TEST_STEP][PASSED] - setText: Text 'Technoqa' is set on object 'Object Repository/LoginToPod/Page_3DPassport - Login/input_username'

2018-03-13 13:22:15 - [MESSAGE][PASSED] - Text 'Technoqa' is set on object 'Object Repository/LoginToPod/Page_3DPassport - Login/input_username'

2018-03-13 13:22:15 - [TEST_STEP][PASSED] - setText: Text 'Techno2016#' is set on object 'Object Repository/LoginToPod/Page_3DPassport - Login/input_password'

2018-03-13 13:22:15 - [MESSAGE][PASSED] - Text 'Techno2016#' is set on object 'Object Repository/LoginToPod/Page_3DPassport - Login/input_password'

2018-03-13 13:22:15 - [TEST_STEP][PASSED] - verifyElementVisible: Object 'Object Repository/LoginToPod/Page_3DPassport - Login/input_uwa-submit uwa-submit-ro' is visible

2018-03-13 13:22:15 - [MESSAGE][PASSED] - Object 'Object Repository/LoginToPod/Page_3DPassport - Login/input_uwa-submit uwa-submit-ro' is visible

2018-03-13 13:22:15 - [TEST_STEP][PASSED] - click: Object: 'Object Repository/LoginToPod/Page_3DPassport - Login/input_uwa-submit uwa-submit-ro' is clicked on

2018-03-13 13:22:16 - [MESSAGE][PASSED] - Object: 'Object Repository/LoginToPod/Page_3DPassport - Login/input_uwa-submit uwa-submit-ro' is clicked on

2018-03-13 13:22:16 - [TEST_STEP][PASSED] - verifyElementVisible: Object 'Object Repository/LoginToPod/Page_3DPassport - Login/span_3DEXPERIENCE' is visible

2018-03-13 13:22:17 - [MESSAGE][PASSED] - Object 'Object Repository/LoginToPod/Page_3DPassport - Login/span_3DEXPERIENCE' is visible

2018-03-13 13:22:17 - [MESSAGE][PASSED] - Call Test Case 'Test Cases/LoginToPod' successfully

2018-03-13 13:22:17 - [TEST_STEP][PASSED] - callTestCase: Call Test Case 'Test Cases/DashboardFunctions/CreateNewDashboard' successfully

2018-03-13 13:22:17 - [TEST_CASE][PASSED] - Test Cases/DashboardFunctions/CreateNewDashboard: Test Cases/DashboardFunctions/CreateNewDashboard

2018-03-13 13:22:17 - [TEST_STEP][PASSED] - click: Object: 'Object Repository/CreateNewDashboardAndTab/Page_CreateNewDashboard/div_dashboard-actions-holder f' is clicked on

2018-03-13 13:22:17 - [MESSAGE][PASSED] - Object: 'Object Repository/CreateNewDashboardAndTab/Page_CreateNewDashboard/div_dashboard-actions-holder f' is clicked on

2018-03-13 13:22:17 - [TEST_STEP][PASSED] - click: Object: 'Object Repository/CreateNewDashboardAndTab/Page_CreateNewDashboard/span_Add Dashboard...' is clicked on

2018-03-13 13:22:17 - [MESSAGE][PASSED] - Object: 'Object Repository/CreateNewDashboardAndTab/Page_CreateNewDashboard/span_Add Dashboard...' is clicked on

2018-03-13 13:22:17 - [TEST_STEP][PASSED] - setText: Text 'Test JCN9 auto' is set on object 'Object Repository/CreateNewDashboardAndTab/Page_CreateNewDashboard/input_form-control form-contro'

2018-03-13 13:22:18 - [MESSAGE][PASSED] - Text 'Test JCN9 auto' is set on object 'Object Repository/CreateNewDashboardAndTab/Page_CreateNewDashboard/input_form-control form-contro'

2018-03-13 13:22:18 - [TEST_STEP][PASSED] - click: Object: 'Object Repository/CreateNewDashboardAndTab/Page_CreateNewDashboard/button_Create' is clicked on

2018-03-13 13:22:18 - [MESSAGE][PASSED] - Object: 'Object Repository/CreateNewDashboardAndTab/Page_CreateNewDashboard/button_Create' is clicked on

2018-03-13 13:22:18 - [TEST_STEP][PASSED] - waitForPageLoad: Wait for page load successfully

2018-03-13 13:22:18 - [MESSAGE][PASSED] - Wait for page load successfully

2018-03-13 13:22:18 - [MESSAGE][PASSED] - Call Test Case 'Test Cases/DashboardFunctions/CreateNewDashboard' successfully

2018-03-13 13:22:18 - [TEST_STEP][PASSED] - callTestCase: Call Test Case 'Test Cases/TabFunctions/CreateNewTab' successfully

2018-03-13 13:22:18 - [TEST_CASE][PASSED] - Test Cases/TabFunctions/CreateNewTab: Test Cases/TabFunctions/CreateNewTab

2018-03-13 13:22:18 - [TEST_STEP][PASSED] - click: Object: 'Object Repository/CreateNewTab/Page_CreateNewTab/span_icon fonticon fonticon-pl' is clicked on

2018-03-13 13:22:18 - [MESSAGE][PASSED] - Object: 'Object Repository/CreateNewTab/Page_CreateNewTab/span_icon fonticon fonticon-pl' is clicked on

2018-03-13 13:22:18 - [TEST_STEP][PASSED] - waitForElementPresent: Object 'Object Repository/CreateNewTab/Page_CreateNewTab/span_New Tab 1' is present

2018-03-13 13:22:18 - [MESSAGE][PASSED] - Object 'Object Repository/CreateNewTab/Page_CreateNewTab/span_New Tab 1' is present

2018-03-13 13:22:18 - [TEST_STEP][PASSED] - click: Object: 'Object Repository/CreateNewTab/Page_CreateNewTab/span_New Tab 1' is clicked on

2018-03-13 13:22:18 - [MESSAGE][PASSED] - Object: 'Object Repository/CreateNewTab/Page_CreateNewTab/span_New Tab 1' is clicked on

2018-03-13 13:22:18 - [TEST_STEP][PASSED] - setText: Text 'City Discover' is set on object 'Object Repository/CreateNewTab/Page_CreateNewTab/input_edit-in-place edit-in-pl'

2018-03-13 13:22:18 - [MESSAGE][PASSED] - Text 'City Discover' is set on object 'Object Repository/CreateNewTab/Page_CreateNewTab/input_edit-in-place edit-in-pl'

2018-03-13 13:22:18 - [TEST_STEP][PASSED] - sendKeys: Keys 'ENTER + ' sent to object: 'Object Repository/CreateNewTab/Page_CreateNewTab/input_edit-in-place edit-in-pl'

2018-03-13 13:22:19 - [MESSAGE][PASSED] - Keys 'ENTER + ' sent to object: 'Object Repository/CreateNewTab/Page_CreateNewTab/input_edit-in-place edit-in-pl'

2018-03-13 13:22:19 - [MESSAGE][PASSED] - Call Test Case 'Test Cases/TabFunctions/CreateNewTab' successfully

2018-03-13 13:22:19 - [TEST_STEP][PASSED] - callTestCase: Call Test Case 'Test Cases/CompassFunctions/SmallCompassWest' successfully

2018-03-13 13:22:19 - [TEST_CASE][PASSED] - Test Cases/CompassFunctions/SmallCompassWest: Test Cases/CompassFunctions/SmallCompassWest

2018-03-13 13:22:19 - [TEST_STEP][PASSED] - verifyImagePresent: Image: 'C:\Users\svc_QATechno\.jenkins\workspace\TechnoQA_R2018x\TechnoQA_R420\Object Repository/SmallCompass/Page_SmallCompass/Compass/west.jpg' is present

2018-03-13 13:22:19 - [MESSAGE][PASSED] - Image: 'C:\Users\svc_QATechno\.jenkins\workspace\TechnoQA_R2018x\TechnoQA_R420\Object Repository/SmallCompass/Page_SmallCompass/Compass/west.jpg' is present

2018-03-13 13:22:19 - [TEST_STEP][PASSED] - clickImage: Image: 'C:\Users\svc_QATechno\.jenkins\workspace\TechnoQA_R2018x\TechnoQA_R420\Object Repository/SmallCompass/Page_SmallCompass/Compass/west.jpg' is clicked on

2018-03-13 13:22:20 - [MESSAGE][PASSED] - Image: 'C:\Users\svc_QATechno\.jenkins\workspace\TechnoQA_R2018x\TechnoQA_R420\Object Repository/SmallCompass/Page_SmallCompass/Compass/west.jpg' is clicked on

2018-03-13 13:22:20 - [TEST_STEP][PASSED] - waitForElementPresent: Object 'Object Repository/SmallCompass/Page_Verification_SmallCompass/span_My 3D Modeling Apps' is present

2018-03-13 13:22:20 - [MESSAGE][PASSED] - Object 'Object Repository/SmallCompass/Page_Verification_SmallCompass/span_My 3D Modeling Apps' is present

2018-03-13 13:22:20 - [TEST_STEP][PASSED] - verifyElementPresent: Object 'Object Repository/SmallCompass/Page_Verification_SmallCompass/span_My 3D Modeling Apps' is present

2018-03-13 13:22:20 - [MESSAGE][WARNING] - Timeout '0' is invalid. Using default page load timeout: '30'

2018-03-13 13:22:21 - [MESSAGE][PASSED] - Object 'Object Repository/SmallCompass/Page_Verification_SmallCompass/span_My 3D Modeling Apps' is present

2018-03-13 13:22:21 - [MESSAGE][PASSED] - Call Test Case 'Test Cases/CompassFunctions/SmallCompassWest' successfully

2018-03-13 13:22:21 - [TEST_STEP][PASSED] - callTestCase: Call Test Case 'Test Cases/Logout' successfully

2018-03-13 13:22:21 - [TEST_CASE][PASSED] - Test Cases/Logout: Test Cases/Logout

2018-03-13 13:22:21 - [TEST_STEP][PASSED] - waitForPageLoad: Wait for page load successfully

2018-03-13 13:22:21 - [MESSAGE][PASSED] - Wait for page load successfully

2018-03-13 13:22:21 - [TEST_STEP][PASSED] - click: Object: 'Object Repository/Logout/Page_Logout/div_profile-picture' is clicked on

2018-03-13 13:22:21 - [MESSAGE][PASSED] - Object: 'Object Repository/Logout/Page_Logout/div_profile-picture' is clicked on

2018-03-13 13:22:21 - [TEST_STEP][PASSED] - click: Object: 'Object Repository/Logout/Page_Logout/span_Sign Out' is clicked on

2018-03-13 13:22:21 - [MESSAGE][PASSED] - Object: 'Object Repository/Logout/Page_Logout/span_Sign Out' is clicked on

2018-03-13 13:22:21 - [TEST_STEP][PASSED] - closeBrowser: Browser is closed

2018-03-13 13:22:22 - [MESSAGE][PASSED] - Browser is closed

2018-03-13 13:22:22 - [MESSAGE][PASSED] - Call Test Case 'Test Cases/Logout' successfully]]></system-out>
         <system-err><![CDATA[]]></system-err>
      </testcase>
      <testcase name="Test Cases/Scenarios/SCN047864 Auto_3DCityCity Referential test" classname="Test Cases/Scenarios/SCN047864 Auto_3DCityCity Referential test" status="FAILED">
         <failure type="FAILED" message="Unable to click on object 'Object Repository/CreateNewTab/Page_CreateNewTab/span_icon fonticon fonticon-pl' (Root cause: org.openqa.selenium.StaleElementReferenceException: stale element reference: element is not attached to the page document
  (Session info: chrome=64.0.3282.167)
  (Driver info: chromedriver=2.35.528161 (5b82f2d2aae0ca24b877009200ced9065a772e73),platform=Windows NT 6.1.7601 SP1 x86_64) (WARNING: The server did not provide any stacktrace information)
Command duration or timeout: 0 milliseconds
For documentation on this error, please visit: http://seleniumhq.org/exceptions/stale_element_reference.html
Build info: version: '3.7.1', revision: '8a0099a', time: '2017-11-06T21:07:36.161Z'
System info: host: 'DELL2070DSY', ip: '10.237.173.48', os.name: 'Windows 7', os.arch: 'amd64', os.version: '6.1', java.version: '1.8.0_102'
Driver info: com.kms.katalon.selenium.driver.CChromeDriver
Capabilities {acceptInsecureCerts: false, acceptSslCerts: false, applicationCacheEnabled: false, browserConnectionEnabled: false, browserName: chrome, chrome: {chromedriverVersion: 2.35.528161 (5b82f2d2aae0ca..., userDataDir: C:\Users\SVC_QA~1\AppData\L...}, cssSelectorsEnabled: true, databaseEnabled: false, handlesAlerts: true, hasTouchScreen: false, javascriptEnabled: true, locationContextEnabled: true, mobileEmulationEnabled: false, nativeEvents: true, networkConnectionEnabled: false, pageLoadStrategy: normal, platform: XP, platformName: XP, rotatable: false, setWindowRect: true, takesHeapSnapshot: true, takesScreenshot: true, unexpectedAlertBehaviour: , unhandledPromptBehavior: , version: 64.0.3282.167, webStorageEnabled: true}
Session ID: 670f3f9e2762c9afeb343fc0d1df880b)"/>
         <system-out><![CDATA[2018-03-13 13:22:22 - [TEST_CASE][FAILED] - Test Cases/Scenarios/SCN047864 Auto_3DCityCity Referential test: Test Cases/Scenarios/SCN047864 Auto_3DCityCity Referential test FAILED because (of) Unable to click on object 'Object Repository/CreateNewTab/Page_CreateNewTab/span_icon fonticon fonticon-pl' (Root cause: org.openqa.selenium.StaleElementReferenceException: stale element reference: element is not attached to the page document
  (Session info: chrome=64.0.3282.167)
  (Driver info: chromedriver=2.35.528161 (5b82f2d2aae0ca24b877009200ced9065a772e73),platform=Windows NT 6.1.7601 SP1 x86_64) (WARNING: The server did not provide any stacktrace information)
Command duration or timeout: 0 milliseconds
For documentation on this error, please visit: http://seleniumhq.org/exceptions/stale_element_reference.html
Build info: version: '3.7.1', revision: '8a0099a', time: '2017-11-06T21:07:36.161Z'
System info: host: 'DELL2070DSY', ip: '10.237.173.48', os.name: 'Windows 7', os.arch: 'amd64', os.version: '6.1', java.version: '1.8.0_102'
Driver info: com.kms.katalon.selenium.driver.CChromeDriver
Capabilities {acceptInsecureCerts: false, acceptSslCerts: false, applicationCacheEnabled: false, browserConnectionEnabled: false, browserName: chrome, chrome: {chromedriverVersion: 2.35.528161 (5b82f2d2aae0ca..., userDataDir: C:\Users\SVC_QA~1\AppData\L...}, cssSelectorsEnabled: true, databaseEnabled: false, handlesAlerts: true, hasTouchScreen: false, javascriptEnabled: true, locationContextEnabled: true, mobileEmulationEnabled: false, nativeEvents: true, networkConnectionEnabled: false, pageLoadStrategy: normal, platform: XP, platformName: XP, rotatable: false, setWindowRect: true, takesHeapSnapshot: true, takesScreenshot: true, unexpectedAlertBehaviour: , unhandledPromptBehavior: , version: 64.0.3282.167, webStorageEnabled: true}
Session ID: 670f3f9e2762c9afeb343fc0d1df880b)

2018-03-13 13:22:22 - [TEST_STEP][PASSED] - callTestCase: Call Test Case 'Test Cases/NavigateURLR2018x' successfully

2018-03-13 13:22:22 - [TEST_CASE][PASSED] - Test Cases/NavigateURLR2018x: Test Cases/NavigateURLR2018x

2018-03-13 13:22:22 - [TEST_STEP][PASSED] - openBrowser: Browser is opened with url: ''

2018-03-13 13:22:24 - [MESSAGE][PASSED] - Browser is opened with url: ''

2018-03-13 13:22:24 - [TEST_STEP][PASSED] - navigateToUrl: Navigate to 'https://euw1-20qna10309-ifwe.3dx-staging.3ds.com/' successfully

2018-03-13 13:22:24 - [MESSAGE][PASSED] - Navigate to 'https://euw1-20qna10309-ifwe.3dx-staging.3ds.com/' successfully

2018-03-13 13:22:24 - [TEST_STEP][PASSED] - maximizeWindow: Current window maximized

2018-03-13 13:22:26 - [MESSAGE][PASSED] - Current window maximized

2018-03-13 13:22:26 - [MESSAGE][PASSED] - Call Test Case 'Test Cases/NavigateURLR2018x' successfully

2018-03-13 13:22:26 - [TEST_STEP][PASSED] - callTestCase: Call Test Case 'Test Cases/LoginToPod' successfully

2018-03-13 13:22:26 - [TEST_CASE][PASSED] - Test Cases/LoginToPod: Test Cases/LoginToPod

2018-03-13 13:22:26 - [TEST_STEP][NOT_RUN] - openBrowser: NOT_RUN: openBrowser

2018-03-13 13:22:26 - [MESSAGE][NOT_RUN] - NOT_RUN: openBrowser

2018-03-13 13:22:26 - [TEST_STEP][NOT_RUN] - navigateToUrl: NOT_RUN: navigateToUrl

2018-03-13 13:22:26 - [MESSAGE][NOT_RUN] - NOT_RUN: navigateToUrl

2018-03-13 13:22:26 - [TEST_STEP][NOT_RUN] - maximizeWindow: NOT_RUN: maximizeWindow

2018-03-13 13:22:26 - [MESSAGE][NOT_RUN] - NOT_RUN: maximizeWindow

2018-03-13 13:22:26 - [TEST_STEP][NOT_RUN] - callTestCase: NOT_RUN: callTestCase

2018-03-13 13:22:26 - [MESSAGE][NOT_RUN] - NOT_RUN: callTestCase

2018-03-13 13:22:26 - [TEST_STEP][PASSED] - setText: Text 'Technoqa' is set on object 'Object Repository/LoginToPod/Page_3DPassport - Login/input_username'

2018-03-13 13:22:26 - [MESSAGE][PASSED] - Text 'Technoqa' is set on object 'Object Repository/LoginToPod/Page_3DPassport - Login/input_username'

2018-03-13 13:22:26 - [TEST_STEP][PASSED] - setText: Text 'Techno2016#' is set on object 'Object Repository/LoginToPod/Page_3DPassport - Login/input_password'

2018-03-13 13:22:26 - [MESSAGE][PASSED] - Text 'Techno2016#' is set on object 'Object Repository/LoginToPod/Page_3DPassport - Login/input_password'

2018-03-13 13:22:26 - [TEST_STEP][PASSED] - verifyElementVisible: Object 'Object Repository/LoginToPod/Page_3DPassport - Login/input_uwa-submit uwa-submit-ro' is visible

2018-03-13 13:22:26 - [MESSAGE][PASSED] - Object 'Object Repository/LoginToPod/Page_3DPassport - Login/input_uwa-submit uwa-submit-ro' is visible

2018-03-13 13:22:26 - [TEST_STEP][PASSED] - click: Object: 'Object Repository/LoginToPod/Page_3DPassport - Login/input_uwa-submit uwa-submit-ro' is clicked on

2018-03-13 13:22:27 - [MESSAGE][PASSED] - Object: 'Object Repository/LoginToPod/Page_3DPassport - Login/input_uwa-submit uwa-submit-ro' is clicked on

2018-03-13 13:22:27 - [TEST_STEP][PASSED] - verifyElementVisible: Object 'Object Repository/LoginToPod/Page_3DPassport - Login/span_3DEXPERIENCE' is visible

2018-03-13 13:22:28 - [MESSAGE][PASSED] - Object 'Object Repository/LoginToPod/Page_3DPassport - Login/span_3DEXPERIENCE' is visible

2018-03-13 13:22:28 - [MESSAGE][PASSED] - Call Test Case 'Test Cases/LoginToPod' successfully

2018-03-13 13:22:28 - [TEST_STEP][PASSED] - callTestCase: Call Test Case 'Test Cases/DashboardFunctions/CreateNewDashboard' successfully

2018-03-13 13:22:28 - [TEST_CASE][PASSED] - Test Cases/DashboardFunctions/CreateNewDashboard: Test Cases/DashboardFunctions/CreateNewDashboard

2018-03-13 13:22:28 - [TEST_STEP][PASSED] - click: Object: 'Object Repository/CreateNewDashboardAndTab/Page_CreateNewDashboard/div_dashboard-actions-holder f' is clicked on

2018-03-13 13:22:29 - [MESSAGE][PASSED] - Object: 'Object Repository/CreateNewDashboardAndTab/Page_CreateNewDashboard/div_dashboard-actions-holder f' is clicked on

2018-03-13 13:22:29 - [TEST_STEP][PASSED] - click: Object: 'Object Repository/CreateNewDashboardAndTab/Page_CreateNewDashboard/span_Add Dashboard...' is clicked on

2018-03-13 13:22:29 - [MESSAGE][PASSED] - Object: 'Object Repository/CreateNewDashboardAndTab/Page_CreateNewDashboard/span_Add Dashboard...' is clicked on

2018-03-13 13:22:29 - [TEST_STEP][PASSED] - setText: Text 'Test JCN9 auto' is set on object 'Object Repository/CreateNewDashboardAndTab/Page_CreateNewDashboard/input_form-control form-contro'

2018-03-13 13:22:29 - [MESSAGE][PASSED] - Text 'Test JCN9 auto' is set on object 'Object Repository/CreateNewDashboardAndTab/Page_CreateNewDashboard/input_form-control form-contro'

2018-03-13 13:22:29 - [TEST_STEP][PASSED] - click: Object: 'Object Repository/CreateNewDashboardAndTab/Page_CreateNewDashboard/button_Create' is clicked on

2018-03-13 13:22:29 - [MESSAGE][PASSED] - Object: 'Object Repository/CreateNewDashboardAndTab/Page_CreateNewDashboard/button_Create' is clicked on

2018-03-13 13:22:29 - [TEST_STEP][PASSED] - waitForPageLoad: Wait for page load successfully

2018-03-13 13:22:29 - [MESSAGE][PASSED] - Wait for page load successfully

2018-03-13 13:22:29 - [MESSAGE][PASSED] - Call Test Case 'Test Cases/DashboardFunctions/CreateNewDashboard' successfully

2018-03-13 13:22:29 - [TEST_STEP][FAILED] - callTestCase: Unable to call Test Case with id 'Test Cases/TabFunctions/CreateNewTab' (Root cause: Call Test Case 'Test Cases/TabFunctions/CreateNewTab' failed)

2018-03-13 13:22:29 - [TEST_CASE][FAILED] - Test Cases/TabFunctions/CreateNewTab: Test Cases/TabFunctions/CreateNewTab FAILED because (of) Unable to click on object 'Object Repository/CreateNewTab/Page_CreateNewTab/span_icon fonticon fonticon-pl' (Root cause: org.openqa.selenium.StaleElementReferenceException: stale element reference: element is not attached to the page document
  (Session info: chrome=64.0.3282.167)
  (Driver info: chromedriver=2.35.528161 (5b82f2d2aae0ca24b877009200ced9065a772e73),platform=Windows NT 6.1.7601 SP1 x86_64) (WARNING: The server did not provide any stacktrace information)
Command duration or timeout: 0 milliseconds
For documentation on this error, please visit: http://seleniumhq.org/exceptions/stale_element_reference.html
Build info: version: '3.7.1', revision: '8a0099a', time: '2017-11-06T21:07:36.161Z'
System info: host: 'DELL2070DSY', ip: '10.237.173.48', os.name: 'Windows 7', os.arch: 'amd64', os.version: '6.1', java.version: '1.8.0_102'
Driver info: com.kms.katalon.selenium.driver.CChromeDriver
Capabilities {acceptInsecureCerts: false, acceptSslCerts: false, applicationCacheEnabled: false, browserConnectionEnabled: false, browserName: chrome, chrome: {chromedriverVersion: 2.35.528161 (5b82f2d2aae0ca..., userDataDir: C:\Users\SVC_QA~1\AppData\L...}, cssSelectorsEnabled: true, databaseEnabled: false, handlesAlerts: true, hasTouchScreen: false, javascriptEnabled: true, locationContextEnabled: true, mobileEmulationEnabled: false, nativeEvents: true, networkConnectionEnabled: false, pageLoadStrategy: normal, platform: XP, platformName: XP, rotatable: false, setWindowRect: true, takesHeapSnapshot: true, takesScreenshot: true, unexpectedAlertBehaviour: , unhandledPromptBehavior: , version: 64.0.3282.167, webStorageEnabled: true}
Session ID: 670f3f9e2762c9afeb343fc0d1df880b)

2018-03-13 13:22:29 - [TEST_STEP][FAILED] - click: Unable to click on object 'Object Repository/CreateNewTab/Page_CreateNewTab/span_icon fonticon fonticon-pl' (Root cause: org.openqa.selenium.StaleElementReferenceException: stale element reference: element is not attached to the page document
  (Session info: chrome=64.0.3282.167)
  (Driver info: chromedriver=2.35.528161 (5b82f2d2aae0ca24b877009200ced9065a772e73),platform=Windows NT 6.1.7601 SP1 x86_64) (WARNING: The server did not provide any stacktrace information)
Command duration or timeout: 0 milliseconds
For documentation on this error, please visit: http://seleniumhq.org/exceptions/stale_element_reference.html
Build info: version: '3.7.1', revision: '8a0099a', time: '2017-11-06T21:07:36.161Z'
System info: host: 'DELL2070DSY', ip: '10.237.173.48', os.name: 'Windows 7', os.arch: 'amd64', os.version: '6.1', java.version: '1.8.0_102'
Driver info: com.kms.katalon.selenium.driver.CChromeDriver
Capabilities {acceptInsecureCerts: false, acceptSslCerts: false, applicationCacheEnabled: false, browserConnectionEnabled: false, browserName: chrome, chrome: {chromedriverVersion: 2.35.528161 (5b82f2d2aae0ca..., userDataDir: C:\Users\SVC_QA~1\AppData\L...}, cssSelectorsEnabled: true, databaseEnabled: false, handlesAlerts: true, hasTouchScreen: false, javascriptEnabled: true, locationContextEnabled: true, mobileEmulationEnabled: false, nativeEvents: true, networkConnectionEnabled: false, pageLoadStrategy: normal, platform: XP, platformName: XP, rotatable: false, setWindowRect: true, takesHeapSnapshot: true, takesScreenshot: true, unexpectedAlertBehaviour: , unhandledPromptBehavior: , version: 64.0.3282.167, webStorageEnabled: true}
Session ID: 670f3f9e2762c9afeb343fc0d1df880b)

2018-03-13 13:22:29 - [MESSAGE][FAILED] - Unable to click on object 'Object Repository/CreateNewTab/Page_CreateNewTab/span_icon fonticon fonticon-pl' (Root cause: org.openqa.selenium.StaleElementReferenceException: stale element reference: element is not attached to the page document
  (Session info: chrome=64.0.3282.167)
  (Driver info: chromedriver=2.35.528161 (5b82f2d2aae0ca24b877009200ced9065a772e73),platform=Windows NT 6.1.7601 SP1 x86_64) (WARNING: The server did not provide any stacktrace information)
Command duration or timeout: 0 milliseconds
For documentation on this error, please visit: http://seleniumhq.org/exceptions/stale_element_reference.html
Build info: version: '3.7.1', revision: '8a0099a', time: '2017-11-06T21:07:36.161Z'
System info: host: 'DELL2070DSY', ip: '10.237.173.48', os.name: 'Windows 7', os.arch: 'amd64', os.version: '6.1', java.version: '1.8.0_102'
Driver info: com.kms.katalon.selenium.driver.CChromeDriver
Capabilities {acceptInsecureCerts: false, acceptSslCerts: false, applicationCacheEnabled: false, browserConnectionEnabled: false, browserName: chrome, chrome: {chromedriverVersion: 2.35.528161 (5b82f2d2aae0ca..., userDataDir: C:\Users\SVC_QA~1\AppData\L...}, cssSelectorsEnabled: true, databaseEnabled: false, handlesAlerts: true, hasTouchScreen: false, javascriptEnabled: true, locationContextEnabled: true, mobileEmulationEnabled: false, nativeEvents: true, networkConnectionEnabled: false, pageLoadStrategy: normal, platform: XP, platformName: XP, rotatable: false, setWindowRect: true, takesHeapSnapshot: true, takesScreenshot: true, unexpectedAlertBehaviour: , unhandledPromptBehavior: , version: 64.0.3282.167, webStorageEnabled: true}
Session ID: 670f3f9e2762c9afeb343fc0d1df880b)
[[ATTACHMENT|C:\\Users\\svc_QATechno\\.jenkins\\workspace\\TechnoQA_R2018x\\TechnoQA_R420\\Reports\\R2018x\\Scenarios Test Suites\\R2018x_AllScenarioRun\\20180313_132208\\1520943749616.png]]

2018-03-13 13:22:29 - [TEST_STEP][PASSED] - waitForElementPresent: Object 'Object Repository/CreateNewTab/Page_CreateNewTab/span_New Tab 1' is not present after 60 second(s)

2018-03-13 13:23:30 - [MESSAGE][WARNING] - Object 'Object Repository/CreateNewTab/Page_CreateNewTab/span_New Tab 1' is not present after 60 second(s)

2018-03-13 13:23:30 - [TEST_STEP][FAILED] - click: Unable to click on object 'Object Repository/CreateNewTab/Page_CreateNewTab/span_New Tab 1' (Root cause: com.kms.katalon.core.webui.exception.WebElementNotFoundException: Web element with id: 'Object Repository/CreateNewTab/Page_CreateNewTab/span_New Tab 1' located by 'By.xpath: //span[@class = 'title' and (contains(text(), 'New Tab ') or contains(., 'New Tab '))]' not found)

2018-03-13 13:24:01 - [MESSAGE][FAILED] - Unable to click on object 'Object Repository/CreateNewTab/Page_CreateNewTab/span_New Tab 1' (Root cause: com.kms.katalon.core.webui.exception.WebElementNotFoundException: Web element with id: 'Object Repository/CreateNewTab/Page_CreateNewTab/span_New Tab 1' located by 'By.xpath: //span[@class = 'title' and (contains(text(), 'New Tab ') or contains(., 'New Tab '))]' not found)
[[ATTACHMENT|C:\\Users\\svc_QATechno\\.jenkins\\workspace\\TechnoQA_R2018x\\TechnoQA_R420\\Reports\\R2018x\\Scenarios Test Suites\\R2018x_AllScenarioRun\\20180313_132208\\1520943841239.png]]

2018-03-13 13:24:01 - [TEST_STEP][FAILED] - setText: Unable to set text 'City Discover' of object 'Object Repository/CreateNewTab/Page_CreateNewTab/input_edit-in-place edit-in-pl' (Root cause: com.kms.katalon.core.webui.exception.WebElementNotFoundException: Web element with id: 'Object Repository/CreateNewTab/Page_CreateNewTab/input_edit-in-place edit-in-pl' located by 'By.xpath: //input[@type = 'text' and @class = 'edit-in-place edit-in-place form-control form-control-root']' not found)

2018-03-13 13:24:32 - [MESSAGE][FAILED] - Unable to set text 'City Discover' of object 'Object Repository/CreateNewTab/Page_CreateNewTab/input_edit-in-place edit-in-pl' (Root cause: com.kms.katalon.core.webui.exception.WebElementNotFoundException: Web element with id: 'Object Repository/CreateNewTab/Page_CreateNewTab/input_edit-in-place edit-in-pl' located by 'By.xpath: //input[@type = 'text' and @class = 'edit-in-place edit-in-place form-control form-control-root']' not found)
[[ATTACHMENT|C:\\Users\\svc_QATechno\\.jenkins\\workspace\\TechnoQA_R2018x\\TechnoQA_R420\\Reports\\R2018x\\Scenarios Test Suites\\R2018x_AllScenarioRun\\20180313_132208\\1520943872007.png]]

2018-03-13 13:24:32 - [TEST_STEP][FAILED] - sendKeys: Unable to send keys '' to object 'Object Repository/CreateNewTab/Page_CreateNewTab/input_edit-in-place edit-in-pl' (Root cause: com.kms.katalon.core.webui.exception.WebElementNotFoundException: Web element with id: 'Object Repository/CreateNewTab/Page_CreateNewTab/input_edit-in-place edit-in-pl' located by 'By.xpath: //input[@type = 'text' and @class = 'edit-in-place edit-in-place form-control form-control-root']' not found)

2018-03-13 13:25:03 - [MESSAGE][FAILED] - Unable to send keys '' to object 'Object Repository/CreateNewTab/Page_CreateNewTab/input_edit-in-place edit-in-pl' (Root cause: com.kms.katalon.core.webui.exception.WebElementNotFoundException: Web element with id: 'Object Repository/CreateNewTab/Page_CreateNewTab/input_edit-in-place edit-in-pl' located by 'By.xpath: //input[@type = 'text' and @class = 'edit-in-place edit-in-place form-control form-control-root']' not found)
[[ATTACHMENT|C:\\Users\\svc_QATechno\\.jenkins\\workspace\\TechnoQA_R2018x\\TechnoQA_R420\\Reports\\R2018x\\Scenarios Test Suites\\R2018x_AllScenarioRun\\20180313_132208\\1520943902710.png]]

2018-03-13 13:25:03 - [MESSAGE][FAILED] - Unable to call Test Case with id 'Test Cases/TabFunctions/CreateNewTab' (Root cause: Call Test Case 'Test Cases/TabFunctions/CreateNewTab' failed)]]></system-out>
         <system-err><![CDATA[2018-03-13 13:22:22 - [TEST_CASE][FAILED] - Test Cases/Scenarios/SCN047864 Auto_3DCityCity Referential test: Test Cases/Scenarios/SCN047864 Auto_3DCityCity Referential test FAILED because (of) Unable to click on object 'Object Repository/CreateNewTab/Page_CreateNewTab/span_icon fonticon fonticon-pl' (Root cause: org.openqa.selenium.StaleElementReferenceException: stale element reference: element is not attached to the page document
  (Session info: chrome=64.0.3282.167)
  (Driver info: chromedriver=2.35.528161 (5b82f2d2aae0ca24b877009200ced9065a772e73),platform=Windows NT 6.1.7601 SP1 x86_64) (WARNING: The server did not provide any stacktrace information)
Command duration or timeout: 0 milliseconds
For documentation on this error, please visit: http://seleniumhq.org/exceptions/stale_element_reference.html
Build info: version: '3.7.1', revision: '8a0099a', time: '2017-11-06T21:07:36.161Z'
System info: host: 'DELL2070DSY', ip: '10.237.173.48', os.name: 'Windows 7', os.arch: 'amd64', os.version: '6.1', java.version: '1.8.0_102'
Driver info: com.kms.katalon.selenium.driver.CChromeDriver
Capabilities {acceptInsecureCerts: false, acceptSslCerts: false, applicationCacheEnabled: false, browserConnectionEnabled: false, browserName: chrome, chrome: {chromedriverVersion: 2.35.528161 (5b82f2d2aae0ca..., userDataDir: C:\Users\SVC_QA~1\AppData\L...}, cssSelectorsEnabled: true, databaseEnabled: false, handlesAlerts: true, hasTouchScreen: false, javascriptEnabled: true, locationContextEnabled: true, mobileEmulationEnabled: false, nativeEvents: true, networkConnectionEnabled: false, pageLoadStrategy: normal, platform: XP, platformName: XP, rotatable: false, setWindowRect: true, takesHeapSnapshot: true, takesScreenshot: true, unexpectedAlertBehaviour: , unhandledPromptBehavior: , version: 64.0.3282.167, webStorageEnabled: true}
Session ID: 670f3f9e2762c9afeb343fc0d1df880b)]]></system-err>
      </testcase>
      <testcase name="Test Cases/Scenarios/SCN048023 Auto_3DCity City Discover widget test" classname="Test Cases/Scenarios/SCN048023 Auto_3DCity City Discover widget test" status="FAILED">
         <failure type="FAILED" message="Unable to click on object 'Object Repository/Techno_3Dcity_DDCityReferential/Page_SearchAppInCompass/span_DS - DSQAL038 euw1' (Root cause: com.kms.katalon.core.webui.exception.WebElementNotFoundException: Web element with id: 'Object Repository/Techno_3Dcity_DDCityReferential/Page_SearchAppInCompass/span_DS - DSQAL038 euw1' located by 'By.xpath: //span[@class = 'item-text' and (contains(text(), 'euw') or contains(., 'euw'))]' not found)"/>
         <system-out><![CDATA[2018-03-13 13:25:03 - [TEST_CASE][FAILED] - Test Cases/Scenarios/SCN048023 Auto_3DCity City Discover widget test: Test Cases/Scenarios/SCN048023 Auto_3DCity City Discover widget test FAILED because (of) Unable to click on object 'Object Repository/Techno_3Dcity_DDCityReferential/Page_SearchAppInCompass/span_DS - DSQAL038 euw1' (Root cause: com.kms.katalon.core.webui.exception.WebElementNotFoundException: Web element with id: 'Object Repository/Techno_3Dcity_DDCityReferential/Page_SearchAppInCompass/span_DS - DSQAL038 euw1' located by 'By.xpath: //span[@class = 'item-text' and (contains(text(), 'euw') or contains(., 'euw'))]' not found)

2018-03-13 13:25:03 - [TEST_STEP][PASSED] - callTestCase: Call Test Case 'Test Cases/NavigateURLR2018x' successfully

2018-03-13 13:25:03 - [TEST_CASE][PASSED] - Test Cases/NavigateURLR2018x: Test Cases/NavigateURLR2018x

2018-03-13 13:25:03 - [TEST_STEP][PASSED] - openBrowser: Browser is opened with url: ''

2018-03-13 13:25:03 - [MESSAGE][WARNING] - A browser is already opened. Closing browser and opening a new one

2018-03-13 13:25:06 - [MESSAGE][PASSED] - Browser is opened with url: ''

2018-03-13 13:25:06 - [TEST_STEP][PASSED] - navigateToUrl: Navigate to 'https://euw1-20qna10309-ifwe.3dx-staging.3ds.com/' successfully

2018-03-13 13:25:06 - [MESSAGE][PASSED] - Navigate to 'https://euw1-20qna10309-ifwe.3dx-staging.3ds.com/' successfully

2018-03-13 13:25:06 - [TEST_STEP][PASSED] - maximizeWindow: Current window maximized

2018-03-13 13:25:07 - [MESSAGE][PASSED] - Current window maximized

2018-03-13 13:25:07 - [MESSAGE][PASSED] - Call Test Case 'Test Cases/NavigateURLR2018x' successfully

2018-03-13 13:25:07 - [TEST_STEP][PASSED] - callTestCase: Call Test Case 'Test Cases/LoginToPod' successfully

2018-03-13 13:25:07 - [TEST_CASE][PASSED] - Test Cases/LoginToPod: Test Cases/LoginToPod

2018-03-13 13:25:07 - [TEST_STEP][NOT_RUN] - openBrowser: NOT_RUN: openBrowser

2018-03-13 13:25:07 - [MESSAGE][NOT_RUN] - NOT_RUN: openBrowser

2018-03-13 13:25:07 - [TEST_STEP][NOT_RUN] - navigateToUrl: NOT_RUN: navigateToUrl

2018-03-13 13:25:07 - [MESSAGE][NOT_RUN] - NOT_RUN: navigateToUrl

2018-03-13 13:25:07 - [TEST_STEP][NOT_RUN] - maximizeWindow: NOT_RUN: maximizeWindow

2018-03-13 13:25:07 - [MESSAGE][NOT_RUN] - NOT_RUN: maximizeWindow

2018-03-13 13:25:07 - [TEST_STEP][NOT_RUN] - callTestCase: NOT_RUN: callTestCase

2018-03-13 13:25:07 - [MESSAGE][NOT_RUN] - NOT_RUN: callTestCase

2018-03-13 13:25:07 - [TEST_STEP][PASSED] - setText: Text 'Technoqa' is set on object 'Object Repository/LoginToPod/Page_3DPassport - Login/input_username'

2018-03-13 13:25:07 - [MESSAGE][PASSED] - Text 'Technoqa' is set on object 'Object Repository/LoginToPod/Page_3DPassport - Login/input_username'

2018-03-13 13:25:07 - [TEST_STEP][PASSED] - setText: Text 'Techno2016#' is set on object 'Object Repository/LoginToPod/Page_3DPassport - Login/input_password'

2018-03-13 13:25:07 - [MESSAGE][PASSED] - Text 'Techno2016#' is set on object 'Object Repository/LoginToPod/Page_3DPassport - Login/input_password'

2018-03-13 13:25:07 - [TEST_STEP][PASSED] - verifyElementVisible: Object 'Object Repository/LoginToPod/Page_3DPassport - Login/input_uwa-submit uwa-submit-ro' is visible

2018-03-13 13:25:07 - [MESSAGE][PASSED] - Object 'Object Repository/LoginToPod/Page_3DPassport - Login/input_uwa-submit uwa-submit-ro' is visible

2018-03-13 13:25:07 - [TEST_STEP][PASSED] - click: Object: 'Object Repository/LoginToPod/Page_3DPassport - Login/input_uwa-submit uwa-submit-ro' is clicked on

2018-03-13 13:25:08 - [MESSAGE][PASSED] - Object: 'Object Repository/LoginToPod/Page_3DPassport - Login/input_uwa-submit uwa-submit-ro' is clicked on

2018-03-13 13:25:08 - [TEST_STEP][PASSED] - verifyElementVisible: Object 'Object Repository/LoginToPod/Page_3DPassport - Login/span_3DEXPERIENCE' is visible

2018-03-13 13:25:09 - [MESSAGE][PASSED] - Object 'Object Repository/LoginToPod/Page_3DPassport - Login/span_3DEXPERIENCE' is visible

2018-03-13 13:25:09 - [MESSAGE][PASSED] - Call Test Case 'Test Cases/LoginToPod' successfully

2018-03-13 13:25:09 - [TEST_STEP][PASSED] - callTestCase: Call Test Case 'Test Cases/DashboardFunctions/CreateNewDashboard' successfully

2018-03-13 13:25:10 - [TEST_CASE][PASSED] - Test Cases/DashboardFunctions/CreateNewDashboard: Test Cases/DashboardFunctions/CreateNewDashboard

2018-03-13 13:25:10 - [TEST_STEP][PASSED] - click: Object: 'Object Repository/CreateNewDashboardAndTab/Page_CreateNewDashboard/div_dashboard-actions-holder f' is clicked on

2018-03-13 13:25:10 - [MESSAGE][PASSED] - Object: 'Object Repository/CreateNewDashboardAndTab/Page_CreateNewDashboard/div_dashboard-actions-holder f' is clicked on

2018-03-13 13:25:10 - [TEST_STEP][PASSED] - click: Object: 'Object Repository/CreateNewDashboardAndTab/Page_CreateNewDashboard/span_Add Dashboard...' is clicked on

2018-03-13 13:25:10 - [MESSAGE][PASSED] - Object: 'Object Repository/CreateNewDashboardAndTab/Page_CreateNewDashboard/span_Add Dashboard...' is clicked on

2018-03-13 13:25:10 - [TEST_STEP][PASSED] - setText: Text 'Test JCN9 auto' is set on object 'Object Repository/CreateNewDashboardAndTab/Page_CreateNewDashboard/input_form-control form-contro'

2018-03-13 13:25:10 - [MESSAGE][PASSED] - Text 'Test JCN9 auto' is set on object 'Object Repository/CreateNewDashboardAndTab/Page_CreateNewDashboard/input_form-control form-contro'

2018-03-13 13:25:10 - [TEST_STEP][PASSED] - click: Object: 'Object Repository/CreateNewDashboardAndTab/Page_CreateNewDashboard/button_Create' is clicked on

2018-03-13 13:25:10 - [MESSAGE][PASSED] - Object: 'Object Repository/CreateNewDashboardAndTab/Page_CreateNewDashboard/button_Create' is clicked on

2018-03-13 13:25:10 - [TEST_STEP][PASSED] - waitForPageLoad: Wait for page load successfully

2018-03-13 13:25:10 - [MESSAGE][PASSED] - Wait for page load successfully

2018-03-13 13:25:10 - [MESSAGE][PASSED] - Call Test Case 'Test Cases/DashboardFunctions/CreateNewDashboard' successfully

2018-03-13 13:25:10 - [TEST_STEP][PASSED] - callTestCase: Unable to call Test Case with id 'Test Cases/TabFunctions/CreateNewTab' (Root cause: Call Test Case 'Test Cases/TabFunctions/CreateNewTab' failed)

2018-03-13 13:25:10 - [TEST_CASE][FAILED] - Test Cases/TabFunctions/CreateNewTab: Test Cases/TabFunctions/CreateNewTab FAILED because (of) Unable to click on object 'Object Repository/CreateNewTab/Page_CreateNewTab/span_icon fonticon fonticon-pl' (Root cause: org.openqa.selenium.StaleElementReferenceException: stale element reference: element is not attached to the page document
  (Session info: chrome=64.0.3282.167)
  (Driver info: chromedriver=2.35.528161 (5b82f2d2aae0ca24b877009200ced9065a772e73),platform=Windows NT 6.1.7601 SP1 x86_64) (WARNING: The server did not provide any stacktrace information)
Command duration or timeout: 0 milliseconds
For documentation on this error, please visit: http://seleniumhq.org/exceptions/stale_element_reference.html
Build info: version: '3.7.1', revision: '8a0099a', time: '2017-11-06T21:07:36.161Z'
System info: host: 'DELL2070DSY', ip: '10.237.173.48', os.name: 'Windows 7', os.arch: 'amd64', os.version: '6.1', java.version: '1.8.0_102'
Driver info: com.kms.katalon.selenium.driver.CChromeDriver
Capabilities {acceptInsecureCerts: false, acceptSslCerts: false, applicationCacheEnabled: false, browserConnectionEnabled: false, browserName: chrome, chrome: {chromedriverVersion: 2.35.528161 (5b82f2d2aae0ca..., userDataDir: C:\Users\SVC_QA~1\AppData\L...}, cssSelectorsEnabled: true, databaseEnabled: false, handlesAlerts: true, hasTouchScreen: false, javascriptEnabled: true, locationContextEnabled: true, mobileEmulationEnabled: false, nativeEvents: true, networkConnectionEnabled: false, pageLoadStrategy: normal, platform: XP, platformName: XP, rotatable: false, setWindowRect: true, takesHeapSnapshot: true, takesScreenshot: true, unexpectedAlertBehaviour: , unhandledPromptBehavior: , version: 64.0.3282.167, webStorageEnabled: true}
Session ID: b3c531591f37ec6c314067dacca6e215)

2018-03-13 13:25:10 - [TEST_STEP][FAILED] - click: Unable to click on object 'Object Repository/CreateNewTab/Page_CreateNewTab/span_icon fonticon fonticon-pl' (Root cause: org.openqa.selenium.StaleElementReferenceException: stale element reference: element is not attached to the page document
  (Session info: chrome=64.0.3282.167)
  (Driver info: chromedriver=2.35.528161 (5b82f2d2aae0ca24b877009200ced9065a772e73),platform=Windows NT 6.1.7601 SP1 x86_64) (WARNING: The server did not provide any stacktrace information)
Command duration or timeout: 0 milliseconds
For documentation on this error, please visit: http://seleniumhq.org/exceptions/stale_element_reference.html
Build info: version: '3.7.1', revision: '8a0099a', time: '2017-11-06T21:07:36.161Z'
System info: host: 'DELL2070DSY', ip: '10.237.173.48', os.name: 'Windows 7', os.arch: 'amd64', os.version: '6.1', java.version: '1.8.0_102'
Driver info: com.kms.katalon.selenium.driver.CChromeDriver
Capabilities {acceptInsecureCerts: false, acceptSslCerts: false, applicationCacheEnabled: false, browserConnectionEnabled: false, browserName: chrome, chrome: {chromedriverVersion: 2.35.528161 (5b82f2d2aae0ca..., userDataDir: C:\Users\SVC_QA~1\AppData\L...}, cssSelectorsEnabled: true, databaseEnabled: false, handlesAlerts: true, hasTouchScreen: false, javascriptEnabled: true, locationContextEnabled: true, mobileEmulationEnabled: false, nativeEvents: true, networkConnectionEnabled: false, pageLoadStrategy: normal, platform: XP, platformName: XP, rotatable: false, setWindowRect: true, takesHeapSnapshot: true, takesScreenshot: true, unexpectedAlertBehaviour: , unhandledPromptBehavior: , version: 64.0.3282.167, webStorageEnabled: true}
Session ID: b3c531591f37ec6c314067dacca6e215)

2018-03-13 13:25:11 - [MESSAGE][FAILED] - Unable to click on object 'Object Repository/CreateNewTab/Page_CreateNewTab/span_icon fonticon fonticon-pl' (Root cause: org.openqa.selenium.StaleElementReferenceException: stale element reference: element is not attached to the page document
  (Session info: chrome=64.0.3282.167)
  (Driver info: chromedriver=2.35.528161 (5b82f2d2aae0ca24b877009200ced9065a772e73),platform=Windows NT 6.1.7601 SP1 x86_64) (WARNING: The server did not provide any stacktrace information)
Command duration or timeout: 0 milliseconds
For documentation on this error, please visit: http://seleniumhq.org/exceptions/stale_element_reference.html
Build info: version: '3.7.1', revision: '8a0099a', time: '2017-11-06T21:07:36.161Z'
System info: host: 'DELL2070DSY', ip: '10.237.173.48', os.name: 'Windows 7', os.arch: 'amd64', os.version: '6.1', java.version: '1.8.0_102'
Driver info: com.kms.katalon.selenium.driver.CChromeDriver
Capabilities {acceptInsecureCerts: false, acceptSslCerts: false, applicationCacheEnabled: false, browserConnectionEnabled: false, browserName: chrome, chrome: {chromedriverVersion: 2.35.528161 (5b82f2d2aae0ca..., userDataDir: C:\Users\SVC_QA~1\AppData\L...}, cssSelectorsEnabled: true, databaseEnabled: false, handlesAlerts: true, hasTouchScreen: false, javascriptEnabled: true, locationContextEnabled: true, mobileEmulationEnabled: false, nativeEvents: true, networkConnectionEnabled: false, pageLoadStrategy: normal, platform: XP, platformName: XP, rotatable: false, setWindowRect: true, takesHeapSnapshot: true, takesScreenshot: true, unexpectedAlertBehaviour: , unhandledPromptBehavior: , version: 64.0.3282.167, webStorageEnabled: true}
Session ID: b3c531591f37ec6c314067dacca6e215)
[[ATTACHMENT|C:\\Users\\svc_QATechno\\.jenkins\\workspace\\TechnoQA_R2018x\\TechnoQA_R420\\Reports\\R2018x\\Scenarios Test Suites\\R2018x_AllScenarioRun\\20180313_132208\\1520943910979.png]]

2018-03-13 13:25:11 - [TEST_STEP][PASSED] - waitForElementPresent: Object 'Object Repository/CreateNewTab/Page_CreateNewTab/span_New Tab 1' is present

2018-03-13 13:25:43 - [MESSAGE][PASSED] - Object 'Object Repository/CreateNewTab/Page_CreateNewTab/span_New Tab 1' is present

2018-03-13 13:25:43 - [TEST_STEP][PASSED] - click: Object: 'Object Repository/CreateNewTab/Page_CreateNewTab/span_New Tab 1' is clicked on

2018-03-13 13:25:43 - [MESSAGE][PASSED] - Object: 'Object Repository/CreateNewTab/Page_CreateNewTab/span_New Tab 1' is clicked on

2018-03-13 13:25:43 - [TEST_STEP][PASSED] - setText: Text 'City Discover' is set on object 'Object Repository/CreateNewTab/Page_CreateNewTab/input_edit-in-place edit-in-pl'

2018-03-13 13:25:43 - [MESSAGE][PASSED] - Text 'City Discover' is set on object 'Object Repository/CreateNewTab/Page_CreateNewTab/input_edit-in-place edit-in-pl'

2018-03-13 13:25:43 - [TEST_STEP][PASSED] - sendKeys: Keys 'ENTER + ' sent to object: 'Object Repository/CreateNewTab/Page_CreateNewTab/input_edit-in-place edit-in-pl'

2018-03-13 13:25:43 - [MESSAGE][PASSED] - Keys 'ENTER + ' sent to object: 'Object Repository/CreateNewTab/Page_CreateNewTab/input_edit-in-place edit-in-pl'

2018-03-13 13:25:43 - [MESSAGE][WARNING] - Unable to call Test Case with id 'Test Cases/TabFunctions/CreateNewTab' (Root cause: Call Test Case 'Test Cases/TabFunctions/CreateNewTab' failed)

2018-03-13 13:25:43 - [TEST_STEP][PASSED] - callTestCase: Call Test Case 'Test Cases/CompassFunctions/SmallCompassWest' successfully

2018-03-13 13:25:43 - [TEST_CASE][PASSED] - Test Cases/CompassFunctions/SmallCompassWest: Test Cases/CompassFunctions/SmallCompassWest

2018-03-13 13:25:43 - [TEST_STEP][PASSED] - verifyImagePresent: Image: 'C:\Users\svc_QATechno\.jenkins\workspace\TechnoQA_R2018x\TechnoQA_R420\Object Repository/SmallCompass/Page_SmallCompass/Compass/west.jpg' is present

2018-03-13 13:25:43 - [MESSAGE][PASSED] - Image: 'C:\Users\svc_QATechno\.jenkins\workspace\TechnoQA_R2018x\TechnoQA_R420\Object Repository/SmallCompass/Page_SmallCompass/Compass/west.jpg' is present

2018-03-13 13:25:43 - [TEST_STEP][PASSED] - clickImage: Image: 'C:\Users\svc_QATechno\.jenkins\workspace\TechnoQA_R2018x\TechnoQA_R420\Object Repository/SmallCompass/Page_SmallCompass/Compass/west.jpg' is clicked on

2018-03-13 13:25:44 - [MESSAGE][PASSED] - Image: 'C:\Users\svc_QATechno\.jenkins\workspace\TechnoQA_R2018x\TechnoQA_R420\Object Repository/SmallCompass/Page_SmallCompass/Compass/west.jpg' is clicked on

2018-03-13 13:25:44 - [TEST_STEP][PASSED] - waitForElementPresent: Object 'Object Repository/SmallCompass/Page_Verification_SmallCompass/span_My 3D Modeling Apps' is present

2018-03-13 13:25:45 - [MESSAGE][PASSED] - Object 'Object Repository/SmallCompass/Page_Verification_SmallCompass/span_My 3D Modeling Apps' is present

2018-03-13 13:25:45 - [TEST_STEP][PASSED] - verifyElementPresent: Object 'Object Repository/SmallCompass/Page_Verification_SmallCompass/span_My 3D Modeling Apps' is present

2018-03-13 13:25:45 - [MESSAGE][WARNING] - Timeout '0' is invalid. Using default page load timeout: '30'

2018-03-13 13:25:45 - [MESSAGE][PASSED] - Object 'Object Repository/SmallCompass/Page_Verification_SmallCompass/span_My 3D Modeling Apps' is present

2018-03-13 13:25:45 - [MESSAGE][PASSED] - Call Test Case 'Test Cases/CompassFunctions/SmallCompassWest' successfully

2018-03-13 13:25:45 - [TEST_STEP][FAILED] - callTestCase: Unable to call Test Case with id 'Test Cases/Techno_3DCityFunctions/DragDropCityDiscoverWidget' (Root cause: Call Test Case 'Test Cases/Techno_3DCityFunctions/DragDropCityDiscoverWidget' failed)

2018-03-13 13:25:45 - [TEST_CASE][FAILED] - Test Cases/Techno_3DCityFunctions/DragDropCityDiscoverWidget: Test Cases/Techno_3DCityFunctions/DragDropCityDiscoverWidget FAILED because (of) Unable to click on object 'Object Repository/Techno_3Dcity_DDCityReferential/Page_SearchAppInCompass/span_DS - DSQAL038 euw1' (Root cause: com.kms.katalon.core.webui.exception.WebElementNotFoundException: Web element with id: 'Object Repository/Techno_3Dcity_DDCityReferential/Page_SearchAppInCompass/span_DS - DSQAL038 euw1' located by 'By.xpath: //span[@class = 'item-text' and (contains(text(), 'euw') or contains(., 'euw'))]' not found)

2018-03-13 13:25:45 - [TEST_STEP][NOT_RUN] - callTestCase: NOT_RUN: callTestCase

2018-03-13 13:25:45 - [MESSAGE][NOT_RUN] - NOT_RUN: callTestCase

2018-03-13 13:25:45 - [TEST_STEP][NOT_RUN] - callTestCase: NOT_RUN: callTestCase

2018-03-13 13:25:45 - [MESSAGE][NOT_RUN] - NOT_RUN: callTestCase

2018-03-13 13:25:45 - [TEST_STEP][NOT_RUN] - callTestCase: NOT_RUN: callTestCase

2018-03-13 13:25:45 - [MESSAGE][NOT_RUN] - NOT_RUN: callTestCase

2018-03-13 13:25:45 - [TEST_STEP][NOT_RUN] - callTestCase: NOT_RUN: callTestCase

2018-03-13 13:25:45 - [MESSAGE][NOT_RUN] - NOT_RUN: callTestCase

2018-03-13 13:25:45 - [TEST_STEP][PASSED] - waitForPageLoad: Wait for page load successfully

2018-03-13 13:25:45 - [MESSAGE][PASSED] - Wait for page load successfully

2018-03-13 13:25:45 - [TEST_STEP][PASSED] - click: Object: 'Object Repository/Techno_3Dcity_DDCityReferential/Page_SearchAppInCompass/div_compass-search-button font' is clicked on

2018-03-13 13:25:45 - [MESSAGE][PASSED] - Object: 'Object Repository/Techno_3Dcity_DDCityReferential/Page_SearchAppInCompass/div_compass-search-button font' is clicked on

2018-03-13 13:25:45 - [TEST_STEP][PASSED] - setText: Text 'city Discover' is set on object 'Object Repository/Techno_3Dcity_DDCityReferential/Page_SearchAppInCompass/input_compass-search-text form'

2018-03-13 13:25:45 - [MESSAGE][PASSED] - Text 'city Discover' is set on object 'Object Repository/Techno_3Dcity_DDCityReferential/Page_SearchAppInCompass/input_compass-search-text form'

2018-03-13 13:25:45 - [TEST_STEP][PASSED] - waitForElementVisible: Object 'Object Repository/Techno_3Dcity_DDCityReferential/Page_SearchAppInCompass/div_settings-img fonticon font' is visible

2018-03-13 13:25:46 - [MESSAGE][PASSED] - Object 'Object Repository/Techno_3Dcity_DDCityReferential/Page_SearchAppInCompass/div_settings-img fonticon font' is visible

2018-03-13 13:25:46 - [TEST_STEP][NOT_RUN] - callTestCase: NOT_RUN: callTestCase

2018-03-13 13:25:46 - [MESSAGE][NOT_RUN] - NOT_RUN: callTestCase

2018-03-13 13:25:46 - [TEST_STEP][PASSED] - click: Object: 'Object Repository/Techno_3Dcity_DDCityReferential/Page_SearchAppInCompass/div_settings-img fonticon font' is clicked on

2018-03-13 13:25:46 - [MESSAGE][PASSED] - Object: 'Object Repository/Techno_3Dcity_DDCityReferential/Page_SearchAppInCompass/div_settings-img fonticon font' is clicked on

2018-03-13 13:25:46 - [TEST_STEP][FAILED] - click: Unable to click on object 'Object Repository/Techno_3Dcity_DDCityReferential/Page_SearchAppInCompass/span_DS - DSQAL038 euw1' (Root cause: com.kms.katalon.core.webui.exception.WebElementNotFoundException: Web element with id: 'Object Repository/Techno_3Dcity_DDCityReferential/Page_SearchAppInCompass/span_DS - DSQAL038 euw1' located by 'By.xpath: //span[@class = 'item-text' and (contains(text(), 'euw') or contains(., 'euw'))]' not found)

2018-03-13 13:26:16 - [MESSAGE][FAILED] - Unable to click on object 'Object Repository/Techno_3Dcity_DDCityReferential/Page_SearchAppInCompass/span_DS - DSQAL038 euw1' (Root cause: com.kms.katalon.core.webui.exception.WebElementNotFoundException: Web element with id: 'Object Repository/Techno_3Dcity_DDCityReferential/Page_SearchAppInCompass/span_DS - DSQAL038 euw1' located by 'By.xpath: //span[@class = 'item-text' and (contains(text(), 'euw') or contains(., 'euw'))]' not found)
[[ATTACHMENT|C:\\Users\\svc_QATechno\\.jenkins\\workspace\\TechnoQA_R2018x\\TechnoQA_R420\\Reports\\R2018x\\Scenarios Test Suites\\R2018x_AllScenarioRun\\20180313_132208\\1520943976516.png]]

2018-03-13 13:26:16 - [TEST_STEP][PASSED] - click: Object: 'Object Repository/Techno_3Dcity_DDCityReferential/Page_CityReferentialWidget/div_wp-tabview-panel' is clicked on

2018-03-13 13:26:16 - [MESSAGE][PASSED] - Object: 'Object Repository/Techno_3Dcity_DDCityReferential/Page_CityReferentialWidget/div_wp-tabview-panel' is clicked on

2018-03-13 13:26:16 - [TEST_STEP][PASSED] - waitForPageLoad: Wait for page load successfully

2018-03-13 13:26:16 - [MESSAGE][PASSED] - Wait for page load successfully

2018-03-13 13:26:16 - [TEST_STEP][PASSED] - waitForElementVisible: Object 'Object Repository/Techno_3Dcity_DDCityReferential/Page_SearchAppInCompass/div_Success' is visible

2018-03-13 13:26:17 - [MESSAGE][PASSED] - Object 'Object Repository/Techno_3Dcity_DDCityReferential/Page_SearchAppInCompass/div_Success' is visible

2018-03-13 13:26:17 - [TEST_STEP][PASSED] - dragAndDropToObject: Dragged object with id 'Object Repository/Techno_3Dcity_DDCityReferential/Page_Test JCN9 auto/li_City Discover' to object with id 'TestObject - 'Object Repository/Techno_3Dcity_DDCityReferential/Page_Test JCN9 auto/div_wp-tabview-panel'' successfully

2018-03-13 13:26:18 - [MESSAGE][PASSED] - Dragged object with id 'Object Repository/Techno_3Dcity_DDCityReferential/Page_Test JCN9 auto/li_City Discover' to object with id 'TestObject - 'Object Repository/Techno_3Dcity_DDCityReferential/Page_Test JCN9 auto/div_wp-tabview-panel'' successfully

2018-03-13 13:26:18 - [TEST_STEP][PASSED] - click: Object: 'Object Repository/Techno_3Dcity_DDCityReferential/Page_SearchAppInCompass/span_fonticon fonticon-resize-' is clicked on

2018-03-13 13:26:18 - [MESSAGE][PASSED] - Object: 'Object Repository/Techno_3Dcity_DDCityReferential/Page_SearchAppInCompass/span_fonticon fonticon-resize-' is clicked on

2018-03-13 13:26:18 - [TEST_STEP][PASSED] - waitForPageLoad: Wait for page load successfully

2018-03-13 13:26:18 - [MESSAGE][PASSED] - Wait for page load successfully

2018-03-13 13:26:18 - [TEST_STEP][NOT_RUN] - callTestCase: NOT_RUN: callTestCase

2018-03-13 13:26:18 - [MESSAGE][NOT_RUN] - NOT_RUN: callTestCase

2018-03-13 13:26:18 - [TEST_STEP][NOT_RUN] - closeBrowser: NOT_RUN: closeBrowser

2018-03-13 13:26:18 - [MESSAGE][NOT_RUN] - NOT_RUN: closeBrowser

2018-03-13 13:26:18 - [MESSAGE][FAILED] - Unable to call Test Case with id 'Test Cases/Techno_3DCityFunctions/DragDropCityDiscoverWidget' (Root cause: Call Test Case 'Test Cases/Techno_3DCityFunctions/DragDropCityDiscoverWidget' failed)]]></system-out>
         <system-err><![CDATA[2018-03-13 13:25:03 - [TEST_CASE][FAILED] - Test Cases/Scenarios/SCN048023 Auto_3DCity City Discover widget test: Test Cases/Scenarios/SCN048023 Auto_3DCity City Discover widget test FAILED because (of) Unable to click on object 'Object Repository/Techno_3Dcity_DDCityReferential/Page_SearchAppInCompass/span_DS - DSQAL038 euw1' (Root cause: com.kms.katalon.core.webui.exception.WebElementNotFoundException: Web element with id: 'Object Repository/Techno_3Dcity_DDCityReferential/Page_SearchAppInCompass/span_DS - DSQAL038 euw1' located by 'By.xpath: //span[@class = 'item-text' and (contains(text(), 'euw') or contains(., 'euw'))]' not found)]]></system-err>
      </testcase>
      <system-out><![CDATA[2018-03-13 13:22:10 - [TEST_SUITE][FAILED] - R2018x_AllScenarioRun: Test Cases/Scenarios/SCN047864 Auto_3DCityCity Referential test FAILED because (of) Unable to click on object 'Object Repository/CreateNewTab/Page_CreateNewTab/span_icon fonticon fonticon-pl' (Root cause: org.openqa.selenium.StaleElementReferenceException: stale element reference: element is not attached to the page document
  (Session info: chrome=64.0.3282.167)
  (Driver info: chromedriver=2.35.528161 (5b82f2d2aae0ca24b877009200ced9065a772e73),platform=Windows NT 6.1.7601 SP1 x86_64) (WARNING: The server did not provide any stacktrace information)
Command duration or timeout: 0 milliseconds
For documentation on this error, please visit: http://seleniumhq.org/exceptions/stale_element_reference.html
Build info: version: '3.7.1', revision: '8a0099a', time: '2017-11-06T21:07:36.161Z'
System info: host: 'DELL2070DSY', ip: '10.237.173.48', os.name: 'Windows 7', os.arch: 'amd64', os.version: '6.1', java.version: '1.8.0_102'
Driver info: com.kms.katalon.selenium.driver.CChromeDriver
Capabilities {acceptInsecureCerts: false, acceptSslCerts: false, applicationCacheEnabled: false, browserConnectionEnabled: false, browserName: chrome, chrome: {chromedriverVersion: 2.35.528161 (5b82f2d2aae0ca..., userDataDir: C:\Users\SVC_QA~1\AppData\L...}, cssSelectorsEnabled: true, databaseEnabled: false, handlesAlerts: true, hasTouchScreen: false, javascriptEnabled: true, locationContextEnabled: true, mobileEmulationEnabled: false, nativeEvents: true, networkConnectionEnabled: false, pageLoadStrategy: normal, platform: XP, platformName: XP, rotatable: false, setWindowRect: true, takesHeapSnapshot: true, takesScreenshot: true, unexpectedAlertBehaviour: , unhandledPromptBehavior: , version: 64.0.3282.167, webStorageEnabled: true}
Session ID: 670f3f9e2762c9afeb343fc0d1df880b)]]></system-out>
      <system-err><![CDATA[2018-03-13 13:22:10 - [TEST_SUITE][FAILED] - R2018x_AllScenarioRun: Test Cases/Scenarios/SCN047864 Auto_3DCityCity Referential test FAILED because (of) Unable to click on object 'Object Repository/CreateNewTab/Page_CreateNewTab/span_icon fonticon fonticon-pl' (Root cause: org.openqa.selenium.StaleElementReferenceException: stale element reference: element is not attached to the page document
  (Session info: chrome=64.0.3282.167)
  (Driver info: chromedriver=2.35.528161 (5b82f2d2aae0ca24b877009200ced9065a772e73),platform=Windows NT 6.1.7601 SP1 x86_64) (WARNING: The server did not provide any stacktrace information)
Command duration or timeout: 0 milliseconds
For documentation on this error, please visit: http://seleniumhq.org/exceptions/stale_element_reference.html
Build info: version: '3.7.1', revision: '8a0099a', time: '2017-11-06T21:07:36.161Z'
System info: host: 'DELL2070DSY', ip: '10.237.173.48', os.name: 'Windows 7', os.arch: 'amd64', os.version: '6.1', java.version: '1.8.0_102'
Driver info: com.kms.katalon.selenium.driver.CChromeDriver
Capabilities {acceptInsecureCerts: false, acceptSslCerts: false, applicationCacheEnabled: false, browserConnectionEnabled: false, browserName: chrome, chrome: {chromedriverVersion: 2.35.528161 (5b82f2d2aae0ca..., userDataDir: C:\Users\SVC_QA~1\AppData\L...}, cssSelectorsEnabled: true, databaseEnabled: false, handlesAlerts: true, hasTouchScreen: false, javascriptEnabled: true, locationContextEnabled: true, mobileEmulationEnabled: false, nativeEvents: true, networkConnectionEnabled: false, pageLoadStrategy: normal, platform: XP, platformName: XP, rotatable: false, setWindowRect: true, takesHeapSnapshot: true, takesScreenshot: true, unexpectedAlertBehaviour: , unhandledPromptBehavior: , version: 64.0.3282.167, webStorageEnabled: true}
Session ID: 670f3f9e2762c9afeb343fc0d1df880b)]]></system-err>
   </testsuite>
</testsuites>
