<?xml version="1.0" encoding="UTF-8"?>
<testsuites name="R2018x_AllScenarioRun" time="242" tests="1" failures="2" errors="0">
   <testsuite name="R2018x_AllScenarioRun" tests="1" failures="2" errors="0" time="242" timestamp="2018-03-13 11:10:03" hostname="svcQATechno - DELL2070DSY.dsone.3ds.com" id="Test Suites/R2018x/Scenarios Test Suites/R2018x_AllScenarioRun">
      <properties>
         <property name="deviceName" value=""/>
         <property name="devicePlatform" value=""/>
         <property name="logFolder" value="C:\\Users\\svc_QATechno\\.jenkins\\workspace\\TechnoQA_R2018x\\TechnoQA_R420\\Reports\\R2018x\\Scenarios Test Suites\\R2018x_AllScenarioRun\\20180313_111001"/>
         <property name="logFiles" value="C:\\Users\\svc_QATechno\\.jenkins\\workspace\\TechnoQA_R2018x\\TechnoQA_R420\\Reports\\R2018x\\Scenarios Test Suites\\R2018x_AllScenarioRun\\20180313_111001\\execution0.log"/>
         <property name="attachments" value="C:\\Users\\svc_QATechno\\.jenkins\\workspace\\TechnoQA_R2018x\\TechnoQA_R420\\Reports\\R2018x\\Scenarios Test Suites\\R2018x_AllScenarioRun\\20180313_111001\\1520935860722.png, C:\\Users\\svc_QATechno\\.jenkins\\workspace\\TechnoQA_R2018x\\TechnoQA_R420\\Reports\\R2018x\\Scenarios Test Suites\\R2018x_AllScenarioRun\\20180313_111001\\1520935982381.png, C:\\Users\\svc_QATechno\\.jenkins\\workspace\\TechnoQA_R2018x\\TechnoQA_R420\\Reports\\R2018x\\Scenarios Test Suites\\R2018x_AllScenarioRun\\20180313_111001\\1520936044319.png"/>
         <property name="hostName" value="svcQATechno - DELL2070DSY.dsone.3ds.com"/>
         <property name="os" value="Windows 7 64bit"/>
         <property name="katalonVersion" value="5.3.1.1"/>
         <property name="browser" value="Chrome 64.0.3282.167"/>
         <property name="hostAddress" value="10.237.173.48"/>
         <property name="sessionId" value="9756b06dfd6259d4db896e57f401a87c"/>
         <property name="seleniumVersion" value="3.7.1"/>
         <property name="proxyInformation" value="ProxyInformation{proxyOption=NO_PROXY, proxyServerType=HTTP, password=, proxyServerAddress=, proxyServerPort=0}"/>
         <property name="platform" value="Windows 7"/>
      </properties>
      <testcase name="Test Cases/Scenarios/SCN047865 Auto_BasicSanityTest Cloud3DExperiencePlatformTest" classname="Test Cases/Scenarios/SCN047865 Auto_BasicSanityTest Cloud3DExperiencePlatformTest" status="PASSED">
         <system-out><![CDATA[2018-03-13 11:10:03 - [TEST_CASE][PASSED] - Test Cases/Scenarios/SCN047865 Auto_BasicSanityTest Cloud3DExperiencePlatformTest: Test Cases/Scenarios/SCN047865 Auto_BasicSanityTest Cloud3DExperiencePlatformTest

2018-03-13 11:10:03 - [TEST_STEP][PASSED] - callTestCase: Call Test Case 'Test Cases/NavigateURLR2018x' successfully

2018-03-13 11:10:03 - [TEST_CASE][PASSED] - Test Cases/NavigateURLR2018x: Test Cases/NavigateURLR2018x

2018-03-13 11:10:03 - [TEST_STEP][PASSED] - openBrowser: Browser is opened with url: ''

2018-03-13 11:10:06 - [MESSAGE][PASSED] - Browser is opened with url: ''

2018-03-13 11:10:06 - [TEST_STEP][PASSED] - navigateToUrl: Navigate to 'https://euw1-20qna10309-ifwe.3dx-staging.3ds.com/' successfully

2018-03-13 11:10:07 - [MESSAGE][PASSED] - Navigate to 'https://euw1-20qna10309-ifwe.3dx-staging.3ds.com/' successfully

2018-03-13 11:10:07 - [TEST_STEP][PASSED] - maximizeWindow: Current window maximized

2018-03-13 11:10:08 - [MESSAGE][PASSED] - Current window maximized

2018-03-13 11:10:08 - [MESSAGE][PASSED] - Call Test Case 'Test Cases/NavigateURLR2018x' successfully

2018-03-13 11:10:08 - [TEST_STEP][PASSED] - callTestCase: Call Test Case 'Test Cases/LoginToPod' successfully

2018-03-13 11:10:08 - [TEST_CASE][PASSED] - Test Cases/LoginToPod: Test Cases/LoginToPod

2018-03-13 11:10:08 - [TEST_STEP][NOT_RUN] - openBrowser: NOT_RUN: openBrowser

2018-03-13 11:10:08 - [MESSAGE][NOT_RUN] - NOT_RUN: openBrowser

2018-03-13 11:10:08 - [TEST_STEP][NOT_RUN] - navigateToUrl: NOT_RUN: navigateToUrl

2018-03-13 11:10:08 - [MESSAGE][NOT_RUN] - NOT_RUN: navigateToUrl

2018-03-13 11:10:08 - [TEST_STEP][NOT_RUN] - maximizeWindow: NOT_RUN: maximizeWindow

2018-03-13 11:10:08 - [MESSAGE][NOT_RUN] - NOT_RUN: maximizeWindow

2018-03-13 11:10:08 - [TEST_STEP][NOT_RUN] - callTestCase: NOT_RUN: callTestCase

2018-03-13 11:10:08 - [MESSAGE][NOT_RUN] - NOT_RUN: callTestCase

2018-03-13 11:10:08 - [TEST_STEP][PASSED] - setText: Text 'Technoqa' is set on object 'Object Repository/LoginToPod/Page_3DPassport - Login/input_username'

2018-03-13 11:10:08 - [MESSAGE][PASSED] - Text 'Technoqa' is set on object 'Object Repository/LoginToPod/Page_3DPassport - Login/input_username'

2018-03-13 11:10:08 - [TEST_STEP][PASSED] - setText: Text 'Techno2016#' is set on object 'Object Repository/LoginToPod/Page_3DPassport - Login/input_password'

2018-03-13 11:10:08 - [MESSAGE][PASSED] - Text 'Techno2016#' is set on object 'Object Repository/LoginToPod/Page_3DPassport - Login/input_password'

2018-03-13 11:10:08 - [TEST_STEP][PASSED] - verifyElementVisible: Object 'Object Repository/LoginToPod/Page_3DPassport - Login/input_uwa-submit uwa-submit-ro' is visible

2018-03-13 11:10:08 - [MESSAGE][PASSED] - Object 'Object Repository/LoginToPod/Page_3DPassport - Login/input_uwa-submit uwa-submit-ro' is visible

2018-03-13 11:10:08 - [TEST_STEP][PASSED] - click: Object: 'Object Repository/LoginToPod/Page_3DPassport - Login/input_uwa-submit uwa-submit-ro' is clicked on

2018-03-13 11:10:09 - [MESSAGE][PASSED] - Object: 'Object Repository/LoginToPod/Page_3DPassport - Login/input_uwa-submit uwa-submit-ro' is clicked on

2018-03-13 11:10:09 - [TEST_STEP][PASSED] - verifyElementVisible: Object 'Object Repository/LoginToPod/Page_3DPassport - Login/span_3DEXPERIENCE' is visible

2018-03-13 11:10:11 - [MESSAGE][PASSED] - Object 'Object Repository/LoginToPod/Page_3DPassport - Login/span_3DEXPERIENCE' is visible

2018-03-13 11:10:11 - [MESSAGE][PASSED] - Call Test Case 'Test Cases/LoginToPod' successfully

2018-03-13 11:10:11 - [TEST_STEP][PASSED] - callTestCase: Call Test Case 'Test Cases/DashboardFunctions/CreateNewDashboard' successfully

2018-03-13 11:10:11 - [TEST_CASE][PASSED] - Test Cases/DashboardFunctions/CreateNewDashboard: Test Cases/DashboardFunctions/CreateNewDashboard

2018-03-13 11:10:11 - [TEST_STEP][PASSED] - click: Object: 'Object Repository/CreateNewDashboardAndTab/Page_CreateNewDashboard/div_dashboard-actions-holder f' is clicked on

2018-03-13 11:10:13 - [MESSAGE][PASSED] - Object: 'Object Repository/CreateNewDashboardAndTab/Page_CreateNewDashboard/div_dashboard-actions-holder f' is clicked on

2018-03-13 11:10:13 - [TEST_STEP][PASSED] - click: Object: 'Object Repository/CreateNewDashboardAndTab/Page_CreateNewDashboard/span_Add Dashboard...' is clicked on

2018-03-13 11:10:13 - [MESSAGE][PASSED] - Object: 'Object Repository/CreateNewDashboardAndTab/Page_CreateNewDashboard/span_Add Dashboard...' is clicked on

2018-03-13 11:10:13 - [TEST_STEP][PASSED] - setText: Text 'Test JCN9 auto' is set on object 'Object Repository/CreateNewDashboardAndTab/Page_CreateNewDashboard/input_form-control form-contro'

2018-03-13 11:10:15 - [MESSAGE][PASSED] - Text 'Test JCN9 auto' is set on object 'Object Repository/CreateNewDashboardAndTab/Page_CreateNewDashboard/input_form-control form-contro'

2018-03-13 11:10:15 - [TEST_STEP][PASSED] - click: Object: 'Object Repository/CreateNewDashboardAndTab/Page_CreateNewDashboard/button_Create' is clicked on

2018-03-13 11:10:15 - [MESSAGE][PASSED] - Object: 'Object Repository/CreateNewDashboardAndTab/Page_CreateNewDashboard/button_Create' is clicked on

2018-03-13 11:10:15 - [TEST_STEP][PASSED] - waitForPageLoad: Wait for page load successfully

2018-03-13 11:10:15 - [MESSAGE][PASSED] - Wait for page load successfully

2018-03-13 11:10:15 - [MESSAGE][PASSED] - Call Test Case 'Test Cases/DashboardFunctions/CreateNewDashboard' successfully

2018-03-13 11:10:15 - [TEST_STEP][PASSED] - callTestCase: Call Test Case 'Test Cases/TabFunctions/CreateNewTab' successfully

2018-03-13 11:10:15 - [TEST_CASE][PASSED] - Test Cases/TabFunctions/CreateNewTab: Test Cases/TabFunctions/CreateNewTab

2018-03-13 11:10:15 - [TEST_STEP][PASSED] - click: Object: 'Object Repository/CreateNewTab/Page_CreateNewTab/span_icon fonticon fonticon-pl' is clicked on

2018-03-13 11:10:15 - [MESSAGE][PASSED] - Object: 'Object Repository/CreateNewTab/Page_CreateNewTab/span_icon fonticon fonticon-pl' is clicked on

2018-03-13 11:10:15 - [TEST_STEP][PASSED] - waitForElementPresent: Object 'Object Repository/CreateNewTab/Page_CreateNewTab/span_New Tab 1' is present

2018-03-13 11:10:15 - [MESSAGE][PASSED] - Object 'Object Repository/CreateNewTab/Page_CreateNewTab/span_New Tab 1' is present

2018-03-13 11:10:15 - [TEST_STEP][PASSED] - click: Object: 'Object Repository/CreateNewTab/Page_CreateNewTab/span_New Tab 1' is clicked on

2018-03-13 11:10:16 - [MESSAGE][PASSED] - Object: 'Object Repository/CreateNewTab/Page_CreateNewTab/span_New Tab 1' is clicked on

2018-03-13 11:10:16 - [TEST_STEP][PASSED] - setText: Text 'City Discover' is set on object 'Object Repository/CreateNewTab/Page_CreateNewTab/input_edit-in-place edit-in-pl'

2018-03-13 11:10:16 - [MESSAGE][PASSED] - Text 'City Discover' is set on object 'Object Repository/CreateNewTab/Page_CreateNewTab/input_edit-in-place edit-in-pl'

2018-03-13 11:10:16 - [TEST_STEP][PASSED] - sendKeys: Keys 'ENTER + ' sent to object: 'Object Repository/CreateNewTab/Page_CreateNewTab/input_edit-in-place edit-in-pl'

2018-03-13 11:10:16 - [MESSAGE][PASSED] - Keys 'ENTER + ' sent to object: 'Object Repository/CreateNewTab/Page_CreateNewTab/input_edit-in-place edit-in-pl'

2018-03-13 11:10:16 - [MESSAGE][PASSED] - Call Test Case 'Test Cases/TabFunctions/CreateNewTab' successfully

2018-03-13 11:10:16 - [TEST_STEP][PASSED] - callTestCase: Call Test Case 'Test Cases/CompassFunctions/SmallCompassWest' successfully

2018-03-13 11:10:16 - [TEST_CASE][PASSED] - Test Cases/CompassFunctions/SmallCompassWest: Test Cases/CompassFunctions/SmallCompassWest

2018-03-13 11:10:16 - [TEST_STEP][PASSED] - verifyImagePresent: Image: 'C:\Users\svc_QATechno\.jenkins\workspace\TechnoQA_R2018x\TechnoQA_R420\Object Repository/SmallCompass/Page_SmallCompass/Compass/west.jpg' is present

2018-03-13 11:10:17 - [MESSAGE][PASSED] - Image: 'C:\Users\svc_QATechno\.jenkins\workspace\TechnoQA_R2018x\TechnoQA_R420\Object Repository/SmallCompass/Page_SmallCompass/Compass/west.jpg' is present

2018-03-13 11:10:17 - [TEST_STEP][PASSED] - clickImage: Image: 'C:\Users\svc_QATechno\.jenkins\workspace\TechnoQA_R2018x\TechnoQA_R420\Object Repository/SmallCompass/Page_SmallCompass/Compass/west.jpg' is clicked on

2018-03-13 11:10:17 - [MESSAGE][PASSED] - Image: 'C:\Users\svc_QATechno\.jenkins\workspace\TechnoQA_R2018x\TechnoQA_R420\Object Repository/SmallCompass/Page_SmallCompass/Compass/west.jpg' is clicked on

2018-03-13 11:10:17 - [TEST_STEP][PASSED] - waitForElementPresent: Object 'Object Repository/SmallCompass/Page_Verification_SmallCompass/span_My 3D Modeling Apps' is present

2018-03-13 11:10:18 - [MESSAGE][PASSED] - Object 'Object Repository/SmallCompass/Page_Verification_SmallCompass/span_My 3D Modeling Apps' is present

2018-03-13 11:10:18 - [TEST_STEP][PASSED] - verifyElementPresent: Object 'Object Repository/SmallCompass/Page_Verification_SmallCompass/span_My 3D Modeling Apps' is present

2018-03-13 11:10:18 - [MESSAGE][WARNING] - Timeout '0' is invalid. Using default page load timeout: '30'

2018-03-13 11:10:18 - [MESSAGE][PASSED] - Object 'Object Repository/SmallCompass/Page_Verification_SmallCompass/span_My 3D Modeling Apps' is present

2018-03-13 11:10:18 - [MESSAGE][PASSED] - Call Test Case 'Test Cases/CompassFunctions/SmallCompassWest' successfully

2018-03-13 11:10:18 - [TEST_STEP][PASSED] - callTestCase: Call Test Case 'Test Cases/Logout' successfully

2018-03-13 11:10:18 - [TEST_CASE][PASSED] - Test Cases/Logout: Test Cases/Logout

2018-03-13 11:10:18 - [TEST_STEP][PASSED] - waitForPageLoad: Wait for page load successfully

2018-03-13 11:10:18 - [MESSAGE][PASSED] - Wait for page load successfully

2018-03-13 11:10:18 - [TEST_STEP][PASSED] - click: Object: 'Object Repository/Logout/Page_Logout/div_profile-picture' is clicked on

2018-03-13 11:10:18 - [MESSAGE][PASSED] - Object: 'Object Repository/Logout/Page_Logout/div_profile-picture' is clicked on

2018-03-13 11:10:18 - [TEST_STEP][PASSED] - click: Object: 'Object Repository/Logout/Page_Logout/span_Sign Out' is clicked on

2018-03-13 11:10:19 - [MESSAGE][PASSED] - Object: 'Object Repository/Logout/Page_Logout/span_Sign Out' is clicked on

2018-03-13 11:10:19 - [TEST_STEP][PASSED] - closeBrowser: Browser is closed

2018-03-13 11:10:19 - [MESSAGE][PASSED] - Browser is closed

2018-03-13 11:10:19 - [MESSAGE][PASSED] - Call Test Case 'Test Cases/Logout' successfully]]></system-out>
         <system-err><![CDATA[]]></system-err>
      </testcase>
      <testcase name="Test Cases/Scenarios/SCN047864 Auto_3DCityCity Referential test" classname="Test Cases/Scenarios/SCN047864 Auto_3DCityCity Referential test" status="FAILED">
         <failure type="FAILED" message="Unable to click on object 'Object Repository/Techno_3Dcity_DDCityReferential/Page_SearchAppInCompass/span_DS - DSQAL038 euw1' (Root cause: com.kms.katalon.core.webui.exception.WebElementNotFoundException: Web element with id: 'Object Repository/Techno_3Dcity_DDCityReferential/Page_SearchAppInCompass/span_DS - DSQAL038 euw1' located by 'By.xpath: //span[@class = 'item-text' and (contains(text(), 'euw') or contains(., 'euw'))]' not found)"/>
         <system-out><![CDATA[2018-03-13 11:10:19 - [TEST_CASE][FAILED] - Test Cases/Scenarios/SCN047864 Auto_3DCityCity Referential test: Test Cases/Scenarios/SCN047864 Auto_3DCityCity Referential test FAILED because (of) Unable to click on object 'Object Repository/Techno_3Dcity_DDCityReferential/Page_SearchAppInCompass/span_DS - DSQAL038 euw1' (Root cause: com.kms.katalon.core.webui.exception.WebElementNotFoundException: Web element with id: 'Object Repository/Techno_3Dcity_DDCityReferential/Page_SearchAppInCompass/span_DS - DSQAL038 euw1' located by 'By.xpath: //span[@class = 'item-text' and (contains(text(), 'euw') or contains(., 'euw'))]' not found)

2018-03-13 11:10:19 - [TEST_STEP][PASSED] - callTestCase: Call Test Case 'Test Cases/NavigateURLR2018x' successfully

2018-03-13 11:10:19 - [TEST_CASE][PASSED] - Test Cases/NavigateURLR2018x: Test Cases/NavigateURLR2018x

2018-03-13 11:10:19 - [TEST_STEP][PASSED] - openBrowser: Browser is opened with url: ''

2018-03-13 11:10:22 - [MESSAGE][PASSED] - Browser is opened with url: ''

2018-03-13 11:10:22 - [TEST_STEP][PASSED] - navigateToUrl: Navigate to 'https://euw1-20qna10309-ifwe.3dx-staging.3ds.com/' successfully

2018-03-13 11:10:22 - [MESSAGE][PASSED] - Navigate to 'https://euw1-20qna10309-ifwe.3dx-staging.3ds.com/' successfully

2018-03-13 11:10:22 - [TEST_STEP][PASSED] - maximizeWindow: Current window maximized

2018-03-13 11:10:23 - [MESSAGE][PASSED] - Current window maximized

2018-03-13 11:10:23 - [MESSAGE][PASSED] - Call Test Case 'Test Cases/NavigateURLR2018x' successfully

2018-03-13 11:10:23 - [TEST_STEP][PASSED] - callTestCase: Call Test Case 'Test Cases/LoginToPod' successfully

2018-03-13 11:10:23 - [TEST_CASE][PASSED] - Test Cases/LoginToPod: Test Cases/LoginToPod

2018-03-13 11:10:23 - [TEST_STEP][NOT_RUN] - openBrowser: NOT_RUN: openBrowser

2018-03-13 11:10:23 - [MESSAGE][NOT_RUN] - NOT_RUN: openBrowser

2018-03-13 11:10:23 - [TEST_STEP][NOT_RUN] - navigateToUrl: NOT_RUN: navigateToUrl

2018-03-13 11:10:23 - [MESSAGE][NOT_RUN] - NOT_RUN: navigateToUrl

2018-03-13 11:10:23 - [TEST_STEP][NOT_RUN] - maximizeWindow: NOT_RUN: maximizeWindow

2018-03-13 11:10:23 - [MESSAGE][NOT_RUN] - NOT_RUN: maximizeWindow

2018-03-13 11:10:23 - [TEST_STEP][NOT_RUN] - callTestCase: NOT_RUN: callTestCase

2018-03-13 11:10:23 - [MESSAGE][NOT_RUN] - NOT_RUN: callTestCase

2018-03-13 11:10:23 - [TEST_STEP][PASSED] - setText: Text 'Technoqa' is set on object 'Object Repository/LoginToPod/Page_3DPassport - Login/input_username'

2018-03-13 11:10:23 - [MESSAGE][PASSED] - Text 'Technoqa' is set on object 'Object Repository/LoginToPod/Page_3DPassport - Login/input_username'

2018-03-13 11:10:23 - [TEST_STEP][PASSED] - setText: Text 'Techno2016#' is set on object 'Object Repository/LoginToPod/Page_3DPassport - Login/input_password'

2018-03-13 11:10:23 - [MESSAGE][PASSED] - Text 'Techno2016#' is set on object 'Object Repository/LoginToPod/Page_3DPassport - Login/input_password'

2018-03-13 11:10:23 - [TEST_STEP][PASSED] - verifyElementVisible: Object 'Object Repository/LoginToPod/Page_3DPassport - Login/input_uwa-submit uwa-submit-ro' is visible

2018-03-13 11:10:23 - [MESSAGE][PASSED] - Object 'Object Repository/LoginToPod/Page_3DPassport - Login/input_uwa-submit uwa-submit-ro' is visible

2018-03-13 11:10:23 - [TEST_STEP][PASSED] - click: Object: 'Object Repository/LoginToPod/Page_3DPassport - Login/input_uwa-submit uwa-submit-ro' is clicked on

2018-03-13 11:10:24 - [MESSAGE][PASSED] - Object: 'Object Repository/LoginToPod/Page_3DPassport - Login/input_uwa-submit uwa-submit-ro' is clicked on

2018-03-13 11:10:24 - [TEST_STEP][PASSED] - verifyElementVisible: Object 'Object Repository/LoginToPod/Page_3DPassport - Login/span_3DEXPERIENCE' is visible

2018-03-13 11:10:25 - [MESSAGE][PASSED] - Object 'Object Repository/LoginToPod/Page_3DPassport - Login/span_3DEXPERIENCE' is visible

2018-03-13 11:10:25 - [MESSAGE][PASSED] - Call Test Case 'Test Cases/LoginToPod' successfully

2018-03-13 11:10:25 - [TEST_STEP][PASSED] - callTestCase: Call Test Case 'Test Cases/DashboardFunctions/CreateNewDashboard' successfully

2018-03-13 11:10:25 - [TEST_CASE][PASSED] - Test Cases/DashboardFunctions/CreateNewDashboard: Test Cases/DashboardFunctions/CreateNewDashboard

2018-03-13 11:10:25 - [TEST_STEP][PASSED] - click: Object: 'Object Repository/CreateNewDashboardAndTab/Page_CreateNewDashboard/div_dashboard-actions-holder f' is clicked on

2018-03-13 11:10:26 - [MESSAGE][PASSED] - Object: 'Object Repository/CreateNewDashboardAndTab/Page_CreateNewDashboard/div_dashboard-actions-holder f' is clicked on

2018-03-13 11:10:26 - [TEST_STEP][PASSED] - click: Object: 'Object Repository/CreateNewDashboardAndTab/Page_CreateNewDashboard/span_Add Dashboard...' is clicked on

2018-03-13 11:10:26 - [MESSAGE][PASSED] - Object: 'Object Repository/CreateNewDashboardAndTab/Page_CreateNewDashboard/span_Add Dashboard...' is clicked on

2018-03-13 11:10:26 - [TEST_STEP][PASSED] - setText: Text 'Test JCN9 auto' is set on object 'Object Repository/CreateNewDashboardAndTab/Page_CreateNewDashboard/input_form-control form-contro'

2018-03-13 11:10:26 - [MESSAGE][PASSED] - Text 'Test JCN9 auto' is set on object 'Object Repository/CreateNewDashboardAndTab/Page_CreateNewDashboard/input_form-control form-contro'

2018-03-13 11:10:26 - [TEST_STEP][PASSED] - click: Object: 'Object Repository/CreateNewDashboardAndTab/Page_CreateNewDashboard/button_Create' is clicked on

2018-03-13 11:10:26 - [MESSAGE][PASSED] - Object: 'Object Repository/CreateNewDashboardAndTab/Page_CreateNewDashboard/button_Create' is clicked on

2018-03-13 11:10:26 - [TEST_STEP][PASSED] - waitForPageLoad: Wait for page load successfully

2018-03-13 11:10:26 - [MESSAGE][PASSED] - Wait for page load successfully

2018-03-13 11:10:26 - [MESSAGE][PASSED] - Call Test Case 'Test Cases/DashboardFunctions/CreateNewDashboard' successfully

2018-03-13 11:10:26 - [TEST_STEP][PASSED] - callTestCase: Call Test Case 'Test Cases/TabFunctions/CreateNewTab' successfully

2018-03-13 11:10:26 - [TEST_CASE][PASSED] - Test Cases/TabFunctions/CreateNewTab: Test Cases/TabFunctions/CreateNewTab

2018-03-13 11:10:26 - [TEST_STEP][PASSED] - click: Object: 'Object Repository/CreateNewTab/Page_CreateNewTab/span_icon fonticon fonticon-pl' is clicked on

2018-03-13 11:10:26 - [MESSAGE][PASSED] - Object: 'Object Repository/CreateNewTab/Page_CreateNewTab/span_icon fonticon fonticon-pl' is clicked on

2018-03-13 11:10:26 - [TEST_STEP][PASSED] - waitForElementPresent: Object 'Object Repository/CreateNewTab/Page_CreateNewTab/span_New Tab 1' is present

2018-03-13 11:10:27 - [MESSAGE][PASSED] - Object 'Object Repository/CreateNewTab/Page_CreateNewTab/span_New Tab 1' is present

2018-03-13 11:10:27 - [TEST_STEP][PASSED] - click: Object: 'Object Repository/CreateNewTab/Page_CreateNewTab/span_New Tab 1' is clicked on

2018-03-13 11:10:27 - [MESSAGE][PASSED] - Object: 'Object Repository/CreateNewTab/Page_CreateNewTab/span_New Tab 1' is clicked on

2018-03-13 11:10:27 - [TEST_STEP][PASSED] - setText: Text 'City Discover' is set on object 'Object Repository/CreateNewTab/Page_CreateNewTab/input_edit-in-place edit-in-pl'

2018-03-13 11:10:27 - [MESSAGE][PASSED] - Text 'City Discover' is set on object 'Object Repository/CreateNewTab/Page_CreateNewTab/input_edit-in-place edit-in-pl'

2018-03-13 11:10:27 - [TEST_STEP][PASSED] - sendKeys: Keys 'ENTER + ' sent to object: 'Object Repository/CreateNewTab/Page_CreateNewTab/input_edit-in-place edit-in-pl'

2018-03-13 11:10:27 - [MESSAGE][PASSED] - Keys 'ENTER + ' sent to object: 'Object Repository/CreateNewTab/Page_CreateNewTab/input_edit-in-place edit-in-pl'

2018-03-13 11:10:27 - [MESSAGE][PASSED] - Call Test Case 'Test Cases/TabFunctions/CreateNewTab' successfully

2018-03-13 11:10:27 - [TEST_STEP][PASSED] - callTestCase: Call Test Case 'Test Cases/CompassFunctions/SmallCompassWest' successfully

2018-03-13 11:10:27 - [TEST_CASE][PASSED] - Test Cases/CompassFunctions/SmallCompassWest: Test Cases/CompassFunctions/SmallCompassWest

2018-03-13 11:10:27 - [TEST_STEP][PASSED] - verifyImagePresent: Image: 'C:\Users\svc_QATechno\.jenkins\workspace\TechnoQA_R2018x\TechnoQA_R420\Object Repository/SmallCompass/Page_SmallCompass/Compass/west.jpg' is present

2018-03-13 11:10:27 - [MESSAGE][PASSED] - Image: 'C:\Users\svc_QATechno\.jenkins\workspace\TechnoQA_R2018x\TechnoQA_R420\Object Repository/SmallCompass/Page_SmallCompass/Compass/west.jpg' is present

2018-03-13 11:10:27 - [TEST_STEP][PASSED] - clickImage: Image: 'C:\Users\svc_QATechno\.jenkins\workspace\TechnoQA_R2018x\TechnoQA_R420\Object Repository/SmallCompass/Page_SmallCompass/Compass/west.jpg' is clicked on

2018-03-13 11:10:28 - [MESSAGE][PASSED] - Image: 'C:\Users\svc_QATechno\.jenkins\workspace\TechnoQA_R2018x\TechnoQA_R420\Object Repository/SmallCompass/Page_SmallCompass/Compass/west.jpg' is clicked on

2018-03-13 11:10:28 - [TEST_STEP][PASSED] - waitForElementPresent: Object 'Object Repository/SmallCompass/Page_Verification_SmallCompass/span_My 3D Modeling Apps' is present

2018-03-13 11:10:29 - [MESSAGE][PASSED] - Object 'Object Repository/SmallCompass/Page_Verification_SmallCompass/span_My 3D Modeling Apps' is present

2018-03-13 11:10:29 - [TEST_STEP][PASSED] - verifyElementPresent: Object 'Object Repository/SmallCompass/Page_Verification_SmallCompass/span_My 3D Modeling Apps' is present

2018-03-13 11:10:29 - [MESSAGE][WARNING] - Timeout '0' is invalid. Using default page load timeout: '30'

2018-03-13 11:10:29 - [MESSAGE][PASSED] - Object 'Object Repository/SmallCompass/Page_Verification_SmallCompass/span_My 3D Modeling Apps' is present

2018-03-13 11:10:29 - [MESSAGE][PASSED] - Call Test Case 'Test Cases/CompassFunctions/SmallCompassWest' successfully

2018-03-13 11:10:29 - [TEST_STEP][FAILED] - callTestCase: Unable to call Test Case with id 'Test Cases/Techno_3DCityFunctions/DragDropCityReferentialWidget' (Root cause: Call Test Case 'Test Cases/Techno_3DCityFunctions/DragDropCityReferentialWidget' failed)

2018-03-13 11:10:29 - [TEST_CASE][FAILED] - Test Cases/Techno_3DCityFunctions/DragDropCityReferentialWidget: Test Cases/Techno_3DCityFunctions/DragDropCityReferentialWidget FAILED because (of) Unable to click on object 'Object Repository/Techno_3Dcity_DDCityReferential/Page_SearchAppInCompass/span_DS - DSQAL038 euw1' (Root cause: com.kms.katalon.core.webui.exception.WebElementNotFoundException: Web element with id: 'Object Repository/Techno_3Dcity_DDCityReferential/Page_SearchAppInCompass/span_DS - DSQAL038 euw1' located by 'By.xpath: //span[@class = 'item-text' and (contains(text(), 'euw') or contains(., 'euw'))]' not found)

2018-03-13 11:10:29 - [TEST_STEP][NOT_RUN] - callTestCase: NOT_RUN: callTestCase

2018-03-13 11:10:29 - [MESSAGE][NOT_RUN] - NOT_RUN: callTestCase

2018-03-13 11:10:29 - [TEST_STEP][NOT_RUN] - callTestCase: NOT_RUN: callTestCase

2018-03-13 11:10:29 - [MESSAGE][NOT_RUN] - NOT_RUN: callTestCase

2018-03-13 11:10:29 - [TEST_STEP][NOT_RUN] - callTestCase: NOT_RUN: callTestCase

2018-03-13 11:10:29 - [MESSAGE][NOT_RUN] - NOT_RUN: callTestCase

2018-03-13 11:10:29 - [TEST_STEP][PASSED] - waitForPageLoad: Wait for page load successfully

2018-03-13 11:10:29 - [MESSAGE][PASSED] - Wait for page load successfully

2018-03-13 11:10:29 - [TEST_STEP][PASSED] - click: Object: 'Object Repository/Techno_3Dcity_DDCityReferential/Page_SearchAppInCompass/div_compass-search-button font' is clicked on

2018-03-13 11:10:29 - [MESSAGE][PASSED] - Object: 'Object Repository/Techno_3Dcity_DDCityReferential/Page_SearchAppInCompass/div_compass-search-button font' is clicked on

2018-03-13 11:10:29 - [TEST_STEP][PASSED] - setText: Text 'city Referential' is set on object 'Object Repository/Techno_3Dcity_DDCityReferential/Page_SearchAppInCompass/input_compass-search-text form'

2018-03-13 11:10:29 - [MESSAGE][PASSED] - Text 'city Referential' is set on object 'Object Repository/Techno_3Dcity_DDCityReferential/Page_SearchAppInCompass/input_compass-search-text form'

2018-03-13 11:10:29 - [TEST_STEP][PASSED] - waitForElementVisible: Object 'Object Repository/Techno_3Dcity_DDCityReferential/Page_SearchAppInCompass/div_settings-img fonticon font' is visible

2018-03-13 11:10:30 - [MESSAGE][PASSED] - Object 'Object Repository/Techno_3Dcity_DDCityReferential/Page_SearchAppInCompass/div_settings-img fonticon font' is visible

2018-03-13 11:10:30 - [TEST_STEP][PASSED] - click: Object: 'Object Repository/Techno_3Dcity_DDCityReferential/Page_SearchAppInCompass/div_settings-img fonticon font' is clicked on

2018-03-13 11:10:30 - [MESSAGE][PASSED] - Object: 'Object Repository/Techno_3Dcity_DDCityReferential/Page_SearchAppInCompass/div_settings-img fonticon font' is clicked on

2018-03-13 11:10:30 - [TEST_STEP][FAILED] - click: Unable to click on object 'Object Repository/Techno_3Dcity_DDCityReferential/Page_SearchAppInCompass/span_DS - DSQAL038 euw1' (Root cause: com.kms.katalon.core.webui.exception.WebElementNotFoundException: Web element with id: 'Object Repository/Techno_3Dcity_DDCityReferential/Page_SearchAppInCompass/span_DS - DSQAL038 euw1' located by 'By.xpath: //span[@class = 'item-text' and (contains(text(), 'euw') or contains(., 'euw'))]' not found)

2018-03-13 11:11:01 - [MESSAGE][FAILED] - Unable to click on object 'Object Repository/Techno_3Dcity_DDCityReferential/Page_SearchAppInCompass/span_DS - DSQAL038 euw1' (Root cause: com.kms.katalon.core.webui.exception.WebElementNotFoundException: Web element with id: 'Object Repository/Techno_3Dcity_DDCityReferential/Page_SearchAppInCompass/span_DS - DSQAL038 euw1' located by 'By.xpath: //span[@class = 'item-text' and (contains(text(), 'euw') or contains(., 'euw'))]' not found)
[[ATTACHMENT|C:\\Users\\svc_QATechno\\.jenkins\\workspace\\TechnoQA_R2018x\\TechnoQA_R420\\Reports\\R2018x\\Scenarios Test Suites\\R2018x_AllScenarioRun\\20180313_111001\\1520935860722.png]]

2018-03-13 11:11:01 - [TEST_STEP][PASSED] - click: Object: 'Object Repository/Techno_3Dcity_DDCityReferential/Page_CityReferentialWidget/div_wp-tabview-panel' is clicked on

2018-03-13 11:11:01 - [MESSAGE][PASSED] - Object: 'Object Repository/Techno_3Dcity_DDCityReferential/Page_CityReferentialWidget/div_wp-tabview-panel' is clicked on

2018-03-13 11:11:01 - [TEST_STEP][PASSED] - waitForPageLoad: Wait for page load successfully

2018-03-13 11:11:01 - [MESSAGE][PASSED] - Wait for page load successfully

2018-03-13 11:11:01 - [TEST_STEP][PASSED] - waitForElementVisible: Object 'Object Repository/Techno_3Dcity_DDCityReferential/Page_SearchAppInCompass/div_Success' is visible

2018-03-13 11:11:01 - [MESSAGE][PASSED] - Object 'Object Repository/Techno_3Dcity_DDCityReferential/Page_SearchAppInCompass/div_Success' is visible

2018-03-13 11:11:01 - [TEST_STEP][PASSED] - dragAndDropToObject: Dragged object with id 'Object Repository/Techno_3Dcity_DDCityReferential/Page_CityReferentialWidget/li_City Referential' to object with id 'TestObject - 'Object Repository/Techno_3Dcity_DDCityReferential/Page_Test JCN9 auto/div_wp-tabview-panel'' successfully

2018-03-13 11:11:02 - [MESSAGE][PASSED] - Dragged object with id 'Object Repository/Techno_3Dcity_DDCityReferential/Page_CityReferentialWidget/li_City Referential' to object with id 'TestObject - 'Object Repository/Techno_3Dcity_DDCityReferential/Page_Test JCN9 auto/div_wp-tabview-panel'' successfully

2018-03-13 11:11:02 - [TEST_STEP][PASSED] - click: Object: 'Object Repository/Techno_3Dcity_DDCityReferential/Page_SearchAppInCompass/span_fonticon fonticon-resize-' is clicked on

2018-03-13 11:11:02 - [MESSAGE][PASSED] - Object: 'Object Repository/Techno_3Dcity_DDCityReferential/Page_SearchAppInCompass/span_fonticon fonticon-resize-' is clicked on

2018-03-13 11:11:02 - [TEST_STEP][PASSED] - waitForPageLoad: Wait for page load successfully

2018-03-13 11:11:02 - [MESSAGE][PASSED] - Wait for page load successfully

2018-03-13 11:11:02 - [TEST_STEP][NOT_RUN] - callTestCase: NOT_RUN: callTestCase

2018-03-13 11:11:02 - [MESSAGE][NOT_RUN] - NOT_RUN: callTestCase

2018-03-13 11:11:02 - [TEST_STEP][NOT_RUN] - closeBrowser: NOT_RUN: closeBrowser

2018-03-13 11:11:02 - [MESSAGE][NOT_RUN] - NOT_RUN: closeBrowser

2018-03-13 11:11:02 - [MESSAGE][FAILED] - Unable to call Test Case with id 'Test Cases/Techno_3DCityFunctions/DragDropCityReferentialWidget' (Root cause: Call Test Case 'Test Cases/Techno_3DCityFunctions/DragDropCityReferentialWidget' failed)]]></system-out>
         <system-err><![CDATA[2018-03-13 11:10:19 - [TEST_CASE][FAILED] - Test Cases/Scenarios/SCN047864 Auto_3DCityCity Referential test: Test Cases/Scenarios/SCN047864 Auto_3DCityCity Referential test FAILED because (of) Unable to click on object 'Object Repository/Techno_3Dcity_DDCityReferential/Page_SearchAppInCompass/span_DS - DSQAL038 euw1' (Root cause: com.kms.katalon.core.webui.exception.WebElementNotFoundException: Web element with id: 'Object Repository/Techno_3Dcity_DDCityReferential/Page_SearchAppInCompass/span_DS - DSQAL038 euw1' located by 'By.xpath: //span[@class = 'item-text' and (contains(text(), 'euw') or contains(., 'euw'))]' not found)]]></system-err>
      </testcase>
      <testcase name="Test Cases/Scenarios/SCN048023 Auto_3DCity City Discover widget test" classname="Test Cases/Scenarios/SCN048023 Auto_3DCity City Discover widget test" status="FAILED">
         <failure type="FAILED" message="Unable to click on object 'Object Repository/Techno_3Dcity_DDCityReferential/Page_SearchAppInCompass/span_DS - DSQAL038 euw1' (Root cause: com.kms.katalon.core.webui.exception.WebElementNotFoundException: Web element with id: 'Object Repository/Techno_3Dcity_DDCityReferential/Page_SearchAppInCompass/span_DS - DSQAL038 euw1' located by 'By.xpath: //span[@class = 'item-text' and (contains(text(), 'euw') or contains(., 'euw'))]' not found)"/>
         <system-out><![CDATA[2018-03-13 11:11:02 - [TEST_CASE][FAILED] - Test Cases/Scenarios/SCN048023 Auto_3DCity City Discover widget test: Test Cases/Scenarios/SCN048023 Auto_3DCity City Discover widget test FAILED because (of) Unable to click on object 'Object Repository/Techno_3Dcity_DDCityReferential/Page_SearchAppInCompass/span_DS - DSQAL038 euw1' (Root cause: com.kms.katalon.core.webui.exception.WebElementNotFoundException: Web element with id: 'Object Repository/Techno_3Dcity_DDCityReferential/Page_SearchAppInCompass/span_DS - DSQAL038 euw1' located by 'By.xpath: //span[@class = 'item-text' and (contains(text(), 'euw') or contains(., 'euw'))]' not found)

2018-03-13 11:11:03 - [TEST_STEP][PASSED] - callTestCase: Call Test Case 'Test Cases/NavigateURLR2018x' successfully

2018-03-13 11:11:03 - [TEST_CASE][PASSED] - Test Cases/NavigateURLR2018x: Test Cases/NavigateURLR2018x

2018-03-13 11:11:03 - [TEST_STEP][PASSED] - openBrowser: Browser is opened with url: ''

2018-03-13 11:11:03 - [MESSAGE][WARNING] - A browser is already opened. Closing browser and opening a new one

2018-03-13 11:11:05 - [MESSAGE][PASSED] - Browser is opened with url: ''

2018-03-13 11:11:05 - [TEST_STEP][PASSED] - navigateToUrl: Navigate to 'https://euw1-20qna10309-ifwe.3dx-staging.3ds.com/' successfully

2018-03-13 11:11:06 - [MESSAGE][PASSED] - Navigate to 'https://euw1-20qna10309-ifwe.3dx-staging.3ds.com/' successfully

2018-03-13 11:11:06 - [TEST_STEP][PASSED] - maximizeWindow: Current window maximized

2018-03-13 11:11:07 - [MESSAGE][PASSED] - Current window maximized

2018-03-13 11:11:07 - [MESSAGE][PASSED] - Call Test Case 'Test Cases/NavigateURLR2018x' successfully

2018-03-13 11:11:07 - [TEST_STEP][PASSED] - callTestCase: Call Test Case 'Test Cases/LoginToPod' successfully

2018-03-13 11:11:07 - [TEST_CASE][PASSED] - Test Cases/LoginToPod: Test Cases/LoginToPod

2018-03-13 11:11:07 - [TEST_STEP][NOT_RUN] - openBrowser: NOT_RUN: openBrowser

2018-03-13 11:11:07 - [MESSAGE][NOT_RUN] - NOT_RUN: openBrowser

2018-03-13 11:11:07 - [TEST_STEP][NOT_RUN] - navigateToUrl: NOT_RUN: navigateToUrl

2018-03-13 11:11:07 - [MESSAGE][NOT_RUN] - NOT_RUN: navigateToUrl

2018-03-13 11:11:07 - [TEST_STEP][NOT_RUN] - maximizeWindow: NOT_RUN: maximizeWindow

2018-03-13 11:11:07 - [MESSAGE][NOT_RUN] - NOT_RUN: maximizeWindow

2018-03-13 11:11:07 - [TEST_STEP][NOT_RUN] - callTestCase: NOT_RUN: callTestCase

2018-03-13 11:11:07 - [MESSAGE][NOT_RUN] - NOT_RUN: callTestCase

2018-03-13 11:11:07 - [TEST_STEP][PASSED] - setText: Text 'Technoqa' is set on object 'Object Repository/LoginToPod/Page_3DPassport - Login/input_username'

2018-03-13 11:11:07 - [MESSAGE][PASSED] - Text 'Technoqa' is set on object 'Object Repository/LoginToPod/Page_3DPassport - Login/input_username'

2018-03-13 11:11:07 - [TEST_STEP][PASSED] - setText: Text 'Techno2016#' is set on object 'Object Repository/LoginToPod/Page_3DPassport - Login/input_password'

2018-03-13 11:11:07 - [MESSAGE][PASSED] - Text 'Techno2016#' is set on object 'Object Repository/LoginToPod/Page_3DPassport - Login/input_password'

2018-03-13 11:11:07 - [TEST_STEP][PASSED] - verifyElementVisible: Object 'Object Repository/LoginToPod/Page_3DPassport - Login/input_uwa-submit uwa-submit-ro' is visible

2018-03-13 11:11:07 - [MESSAGE][PASSED] - Object 'Object Repository/LoginToPod/Page_3DPassport - Login/input_uwa-submit uwa-submit-ro' is visible

2018-03-13 11:11:07 - [TEST_STEP][PASSED] - click: Object: 'Object Repository/LoginToPod/Page_3DPassport - Login/input_uwa-submit uwa-submit-ro' is clicked on

2018-03-13 11:11:07 - [MESSAGE][PASSED] - Object: 'Object Repository/LoginToPod/Page_3DPassport - Login/input_uwa-submit uwa-submit-ro' is clicked on

2018-03-13 11:11:07 - [TEST_STEP][PASSED] - verifyElementVisible: Object 'Object Repository/LoginToPod/Page_3DPassport - Login/span_3DEXPERIENCE' is visible

2018-03-13 11:11:09 - [MESSAGE][PASSED] - Object 'Object Repository/LoginToPod/Page_3DPassport - Login/span_3DEXPERIENCE' is visible

2018-03-13 11:11:09 - [MESSAGE][PASSED] - Call Test Case 'Test Cases/LoginToPod' successfully

2018-03-13 11:11:09 - [TEST_STEP][PASSED] - callTestCase: Call Test Case 'Test Cases/DashboardFunctions/CreateNewDashboard' successfully

2018-03-13 11:11:09 - [TEST_CASE][PASSED] - Test Cases/DashboardFunctions/CreateNewDashboard: Test Cases/DashboardFunctions/CreateNewDashboard

2018-03-13 11:11:09 - [TEST_STEP][PASSED] - click: Object: 'Object Repository/CreateNewDashboardAndTab/Page_CreateNewDashboard/div_dashboard-actions-holder f' is clicked on

2018-03-13 11:11:09 - [MESSAGE][PASSED] - Object: 'Object Repository/CreateNewDashboardAndTab/Page_CreateNewDashboard/div_dashboard-actions-holder f' is clicked on

2018-03-13 11:11:09 - [TEST_STEP][PASSED] - click: Object: 'Object Repository/CreateNewDashboardAndTab/Page_CreateNewDashboard/span_Add Dashboard...' is clicked on

2018-03-13 11:11:09 - [MESSAGE][PASSED] - Object: 'Object Repository/CreateNewDashboardAndTab/Page_CreateNewDashboard/span_Add Dashboard...' is clicked on

2018-03-13 11:11:09 - [TEST_STEP][PASSED] - setText: Text 'Test JCN9 auto' is set on object 'Object Repository/CreateNewDashboardAndTab/Page_CreateNewDashboard/input_form-control form-contro'

2018-03-13 11:11:09 - [MESSAGE][PASSED] - Text 'Test JCN9 auto' is set on object 'Object Repository/CreateNewDashboardAndTab/Page_CreateNewDashboard/input_form-control form-contro'

2018-03-13 11:11:09 - [TEST_STEP][PASSED] - click: Object: 'Object Repository/CreateNewDashboardAndTab/Page_CreateNewDashboard/button_Create' is clicked on

2018-03-13 11:11:09 - [MESSAGE][PASSED] - Object: 'Object Repository/CreateNewDashboardAndTab/Page_CreateNewDashboard/button_Create' is clicked on

2018-03-13 11:11:09 - [TEST_STEP][PASSED] - waitForPageLoad: Wait for page load successfully

2018-03-13 11:11:09 - [MESSAGE][PASSED] - Wait for page load successfully

2018-03-13 11:11:09 - [MESSAGE][PASSED] - Call Test Case 'Test Cases/DashboardFunctions/CreateNewDashboard' successfully

2018-03-13 11:11:09 - [TEST_STEP][PASSED] - callTestCase: Call Test Case 'Test Cases/TabFunctions/CreateNewTab' successfully

2018-03-13 11:11:10 - [TEST_CASE][PASSED] - Test Cases/TabFunctions/CreateNewTab: Test Cases/TabFunctions/CreateNewTab

2018-03-13 11:11:10 - [TEST_STEP][PASSED] - click: Object: 'Object Repository/CreateNewTab/Page_CreateNewTab/span_icon fonticon fonticon-pl' is clicked on

2018-03-13 11:11:10 - [MESSAGE][PASSED] - Object: 'Object Repository/CreateNewTab/Page_CreateNewTab/span_icon fonticon fonticon-pl' is clicked on

2018-03-13 11:11:10 - [TEST_STEP][PASSED] - waitForElementPresent: Object 'Object Repository/CreateNewTab/Page_CreateNewTab/span_New Tab 1' is not present after 60 second(s)

2018-03-13 11:12:10 - [MESSAGE][WARNING] - Object 'Object Repository/CreateNewTab/Page_CreateNewTab/span_New Tab 1' is not present after 60 second(s)

2018-03-13 11:12:10 - [TEST_STEP][PASSED] - click: Object: 'Object Repository/CreateNewTab/Page_CreateNewTab/span_New Tab 1' is clicked on

2018-03-13 11:12:29 - [MESSAGE][PASSED] - Object: 'Object Repository/CreateNewTab/Page_CreateNewTab/span_New Tab 1' is clicked on

2018-03-13 11:12:29 - [TEST_STEP][PASSED] - setText: Text 'City Discover' is set on object 'Object Repository/CreateNewTab/Page_CreateNewTab/input_edit-in-place edit-in-pl'

2018-03-13 11:12:29 - [MESSAGE][PASSED] - Text 'City Discover' is set on object 'Object Repository/CreateNewTab/Page_CreateNewTab/input_edit-in-place edit-in-pl'

2018-03-13 11:12:29 - [TEST_STEP][PASSED] - sendKeys: Keys 'ENTER + ' sent to object: 'Object Repository/CreateNewTab/Page_CreateNewTab/input_edit-in-place edit-in-pl'

2018-03-13 11:12:29 - [MESSAGE][PASSED] - Keys 'ENTER + ' sent to object: 'Object Repository/CreateNewTab/Page_CreateNewTab/input_edit-in-place edit-in-pl'

2018-03-13 11:12:29 - [MESSAGE][PASSED] - Call Test Case 'Test Cases/TabFunctions/CreateNewTab' successfully

2018-03-13 11:12:29 - [TEST_STEP][PASSED] - callTestCase: Call Test Case 'Test Cases/CompassFunctions/SmallCompassWest' successfully

2018-03-13 11:12:29 - [TEST_CASE][PASSED] - Test Cases/CompassFunctions/SmallCompassWest: Test Cases/CompassFunctions/SmallCompassWest

2018-03-13 11:12:29 - [TEST_STEP][PASSED] - verifyImagePresent: Image: 'C:\Users\svc_QATechno\.jenkins\workspace\TechnoQA_R2018x\TechnoQA_R420\Object Repository/SmallCompass/Page_SmallCompass/Compass/west.jpg' is present

2018-03-13 11:12:29 - [MESSAGE][PASSED] - Image: 'C:\Users\svc_QATechno\.jenkins\workspace\TechnoQA_R2018x\TechnoQA_R420\Object Repository/SmallCompass/Page_SmallCompass/Compass/west.jpg' is present

2018-03-13 11:12:29 - [TEST_STEP][PASSED] - clickImage: Image: 'C:\Users\svc_QATechno\.jenkins\workspace\TechnoQA_R2018x\TechnoQA_R420\Object Repository/SmallCompass/Page_SmallCompass/Compass/west.jpg' is clicked on

2018-03-13 11:12:30 - [MESSAGE][PASSED] - Image: 'C:\Users\svc_QATechno\.jenkins\workspace\TechnoQA_R2018x\TechnoQA_R420\Object Repository/SmallCompass/Page_SmallCompass/Compass/west.jpg' is clicked on

2018-03-13 11:12:30 - [TEST_STEP][PASSED] - waitForElementPresent: Object 'Object Repository/SmallCompass/Page_Verification_SmallCompass/span_My 3D Modeling Apps' is present

2018-03-13 11:12:30 - [MESSAGE][PASSED] - Object 'Object Repository/SmallCompass/Page_Verification_SmallCompass/span_My 3D Modeling Apps' is present

2018-03-13 11:12:30 - [TEST_STEP][PASSED] - verifyElementPresent: Object 'Object Repository/SmallCompass/Page_Verification_SmallCompass/span_My 3D Modeling Apps' is present

2018-03-13 11:12:30 - [MESSAGE][WARNING] - Timeout '0' is invalid. Using default page load timeout: '30'

2018-03-13 11:12:30 - [MESSAGE][PASSED] - Object 'Object Repository/SmallCompass/Page_Verification_SmallCompass/span_My 3D Modeling Apps' is present

2018-03-13 11:12:30 - [MESSAGE][PASSED] - Call Test Case 'Test Cases/CompassFunctions/SmallCompassWest' successfully

2018-03-13 11:12:30 - [TEST_STEP][FAILED] - callTestCase: Unable to call Test Case with id 'Test Cases/Techno_3DCityFunctions/DragDropCityDiscoverWidget' (Root cause: Call Test Case 'Test Cases/Techno_3DCityFunctions/DragDropCityDiscoverWidget' failed)

2018-03-13 11:12:30 - [TEST_CASE][FAILED] - Test Cases/Techno_3DCityFunctions/DragDropCityDiscoverWidget: Test Cases/Techno_3DCityFunctions/DragDropCityDiscoverWidget FAILED because (of) Unable to click on object 'Object Repository/Techno_3Dcity_DDCityReferential/Page_SearchAppInCompass/span_DS - DSQAL038 euw1' (Root cause: com.kms.katalon.core.webui.exception.WebElementNotFoundException: Web element with id: 'Object Repository/Techno_3Dcity_DDCityReferential/Page_SearchAppInCompass/span_DS - DSQAL038 euw1' located by 'By.xpath: //span[@class = 'item-text' and (contains(text(), 'euw') or contains(., 'euw'))]' not found)

2018-03-13 11:12:31 - [TEST_STEP][NOT_RUN] - callTestCase: NOT_RUN: callTestCase

2018-03-13 11:12:31 - [MESSAGE][NOT_RUN] - NOT_RUN: callTestCase

2018-03-13 11:12:31 - [TEST_STEP][NOT_RUN] - callTestCase: NOT_RUN: callTestCase

2018-03-13 11:12:31 - [MESSAGE][NOT_RUN] - NOT_RUN: callTestCase

2018-03-13 11:12:31 - [TEST_STEP][NOT_RUN] - callTestCase: NOT_RUN: callTestCase

2018-03-13 11:12:31 - [MESSAGE][NOT_RUN] - NOT_RUN: callTestCase

2018-03-13 11:12:31 - [TEST_STEP][NOT_RUN] - callTestCase: NOT_RUN: callTestCase

2018-03-13 11:12:31 - [MESSAGE][NOT_RUN] - NOT_RUN: callTestCase

2018-03-13 11:12:31 - [TEST_STEP][PASSED] - waitForPageLoad: Wait for page load successfully

2018-03-13 11:12:31 - [MESSAGE][PASSED] - Wait for page load successfully

2018-03-13 11:12:31 - [TEST_STEP][PASSED] - click: Object: 'Object Repository/Techno_3Dcity_DDCityReferential/Page_SearchAppInCompass/div_compass-search-button font' is clicked on

2018-03-13 11:12:31 - [MESSAGE][PASSED] - Object: 'Object Repository/Techno_3Dcity_DDCityReferential/Page_SearchAppInCompass/div_compass-search-button font' is clicked on

2018-03-13 11:12:31 - [TEST_STEP][PASSED] - setText: Text 'city Discover' is set on object 'Object Repository/Techno_3Dcity_DDCityReferential/Page_SearchAppInCompass/input_compass-search-text form'

2018-03-13 11:12:31 - [MESSAGE][PASSED] - Text 'city Discover' is set on object 'Object Repository/Techno_3Dcity_DDCityReferential/Page_SearchAppInCompass/input_compass-search-text form'

2018-03-13 11:12:31 - [TEST_STEP][PASSED] - waitForElementVisible: Object 'Object Repository/Techno_3Dcity_DDCityReferential/Page_SearchAppInCompass/div_settings-img fonticon font' is visible

2018-03-13 11:12:31 - [MESSAGE][PASSED] - Object 'Object Repository/Techno_3Dcity_DDCityReferential/Page_SearchAppInCompass/div_settings-img fonticon font' is visible

2018-03-13 11:12:31 - [TEST_STEP][NOT_RUN] - callTestCase: NOT_RUN: callTestCase

2018-03-13 11:12:31 - [MESSAGE][NOT_RUN] - NOT_RUN: callTestCase

2018-03-13 11:12:31 - [TEST_STEP][PASSED] - click: Object: 'Object Repository/Techno_3Dcity_DDCityReferential/Page_SearchAppInCompass/div_settings-img fonticon font' is clicked on

2018-03-13 11:12:31 - [MESSAGE][PASSED] - Object: 'Object Repository/Techno_3Dcity_DDCityReferential/Page_SearchAppInCompass/div_settings-img fonticon font' is clicked on

2018-03-13 11:12:31 - [TEST_STEP][FAILED] - click: Unable to click on object 'Object Repository/Techno_3Dcity_DDCityReferential/Page_SearchAppInCompass/span_DS - DSQAL038 euw1' (Root cause: com.kms.katalon.core.webui.exception.WebElementNotFoundException: Web element with id: 'Object Repository/Techno_3Dcity_DDCityReferential/Page_SearchAppInCompass/span_DS - DSQAL038 euw1' located by 'By.xpath: //span[@class = 'item-text' and (contains(text(), 'euw') or contains(., 'euw'))]' not found)

2018-03-13 11:13:02 - [MESSAGE][FAILED] - Unable to click on object 'Object Repository/Techno_3Dcity_DDCityReferential/Page_SearchAppInCompass/span_DS - DSQAL038 euw1' (Root cause: com.kms.katalon.core.webui.exception.WebElementNotFoundException: Web element with id: 'Object Repository/Techno_3Dcity_DDCityReferential/Page_SearchAppInCompass/span_DS - DSQAL038 euw1' located by 'By.xpath: //span[@class = 'item-text' and (contains(text(), 'euw') or contains(., 'euw'))]' not found)
[[ATTACHMENT|C:\\Users\\svc_QATechno\\.jenkins\\workspace\\TechnoQA_R2018x\\TechnoQA_R420\\Reports\\R2018x\\Scenarios Test Suites\\R2018x_AllScenarioRun\\20180313_111001\\1520935982381.png]]

2018-03-13 11:13:02 - [TEST_STEP][PASSED] - click: Object: 'Object Repository/Techno_3Dcity_DDCityReferential/Page_CityReferentialWidget/div_wp-tabview-panel' is clicked on

2018-03-13 11:13:02 - [MESSAGE][PASSED] - Object: 'Object Repository/Techno_3Dcity_DDCityReferential/Page_CityReferentialWidget/div_wp-tabview-panel' is clicked on

2018-03-13 11:13:02 - [TEST_STEP][PASSED] - waitForPageLoad: Wait for page load successfully

2018-03-13 11:13:02 - [MESSAGE][PASSED] - Wait for page load successfully

2018-03-13 11:13:02 - [TEST_STEP][PASSED] - waitForElementVisible: Web element with id: 'Object Repository/Techno_3Dcity_DDCityReferential/Page_SearchAppInCompass/div_Success' located by 'By.xpath: id("my-apps-ct")/div[@class="my-apps-panel items-per-line-5 west"]/div[@class="compass-overlay"]/div[@class="compass-overlay-text"][count(. | //div[@class = 'compass-overlay-text' and (text() = 'Success' or . = 'Success')]) = count(//div[@class = 'compass-overlay-text' and (text() = 'Success' or . = 'Success')])]' not found

2018-03-13 11:13:33 - [MESSAGE][WARNING] - Web element with id: 'Object Repository/Techno_3Dcity_DDCityReferential/Page_SearchAppInCompass/div_Success' located by 'By.xpath: id("my-apps-ct")/div[@class="my-apps-panel items-per-line-5 west"]/div[@class="compass-overlay"]/div[@class="compass-overlay-text"][count(. | //div[@class = 'compass-overlay-text' and (text() = 'Success' or . = 'Success')]) = count(//div[@class = 'compass-overlay-text' and (text() = 'Success' or . = 'Success')])]' not found

2018-03-13 11:13:33 - [TEST_STEP][PASSED] - dragAndDropToObject: Dragged object with id 'Object Repository/Techno_3Dcity_DDCityReferential/Page_Test JCN9 auto/li_City Discover' to object with id 'TestObject - 'Object Repository/Techno_3Dcity_DDCityReferential/Page_Test JCN9 auto/div_wp-tabview-panel'' successfully

2018-03-13 11:13:33 - [MESSAGE][PASSED] - Dragged object with id 'Object Repository/Techno_3Dcity_DDCityReferential/Page_Test JCN9 auto/li_City Discover' to object with id 'TestObject - 'Object Repository/Techno_3Dcity_DDCityReferential/Page_Test JCN9 auto/div_wp-tabview-panel'' successfully

2018-03-13 11:13:33 - [TEST_STEP][FAILED] - click: Unable to click on object 'Object Repository/Techno_3Dcity_DDCityReferential/Page_SearchAppInCompass/span_fonticon fonticon-resize-' (Root cause: com.kms.katalon.core.webui.exception.WebElementNotFoundException: Web element with id: 'Object Repository/Techno_3Dcity_DDCityReferential/Page_SearchAppInCompass/span_fonticon fonticon-resize-' located by 'By.xpath: //span[@class = 'fonticon fonticon-resize-full']' not found)

2018-03-13 11:14:04 - [MESSAGE][FAILED] - Unable to click on object 'Object Repository/Techno_3Dcity_DDCityReferential/Page_SearchAppInCompass/span_fonticon fonticon-resize-' (Root cause: com.kms.katalon.core.webui.exception.WebElementNotFoundException: Web element with id: 'Object Repository/Techno_3Dcity_DDCityReferential/Page_SearchAppInCompass/span_fonticon fonticon-resize-' located by 'By.xpath: //span[@class = 'fonticon fonticon-resize-full']' not found)
[[ATTACHMENT|C:\\Users\\svc_QATechno\\.jenkins\\workspace\\TechnoQA_R2018x\\TechnoQA_R420\\Reports\\R2018x\\Scenarios Test Suites\\R2018x_AllScenarioRun\\20180313_111001\\1520936044319.png]]

2018-03-13 11:14:04 - [TEST_STEP][PASSED] - waitForPageLoad: Wait for page load successfully

2018-03-13 11:14:04 - [MESSAGE][PASSED] - Wait for page load successfully

2018-03-13 11:14:04 - [TEST_STEP][NOT_RUN] - callTestCase: NOT_RUN: callTestCase

2018-03-13 11:14:04 - [MESSAGE][NOT_RUN] - NOT_RUN: callTestCase

2018-03-13 11:14:04 - [TEST_STEP][NOT_RUN] - closeBrowser: NOT_RUN: closeBrowser

2018-03-13 11:14:04 - [MESSAGE][NOT_RUN] - NOT_RUN: closeBrowser

2018-03-13 11:14:04 - [MESSAGE][FAILED] - Unable to call Test Case with id 'Test Cases/Techno_3DCityFunctions/DragDropCityDiscoverWidget' (Root cause: Call Test Case 'Test Cases/Techno_3DCityFunctions/DragDropCityDiscoverWidget' failed)]]></system-out>
         <system-err><![CDATA[2018-03-13 11:11:02 - [TEST_CASE][FAILED] - Test Cases/Scenarios/SCN048023 Auto_3DCity City Discover widget test: Test Cases/Scenarios/SCN048023 Auto_3DCity City Discover widget test FAILED because (of) Unable to click on object 'Object Repository/Techno_3Dcity_DDCityReferential/Page_SearchAppInCompass/span_DS - DSQAL038 euw1' (Root cause: com.kms.katalon.core.webui.exception.WebElementNotFoundException: Web element with id: 'Object Repository/Techno_3Dcity_DDCityReferential/Page_SearchAppInCompass/span_DS - DSQAL038 euw1' located by 'By.xpath: //span[@class = 'item-text' and (contains(text(), 'euw') or contains(., 'euw'))]' not found)]]></system-err>
      </testcase>
      <system-out><![CDATA[2018-03-13 11:10:03 - [TEST_SUITE][FAILED] - R2018x_AllScenarioRun: Test Cases/Scenarios/SCN047864 Auto_3DCityCity Referential test FAILED because (of) Unable to click on object 'Object Repository/Techno_3Dcity_DDCityReferential/Page_SearchAppInCompass/span_DS - DSQAL038 euw1' (Root cause: com.kms.katalon.core.webui.exception.WebElementNotFoundException: Web element with id: 'Object Repository/Techno_3Dcity_DDCityReferential/Page_SearchAppInCompass/span_DS - DSQAL038 euw1' located by 'By.xpath: //span[@class = 'item-text' and (contains(text(), 'euw') or contains(., 'euw'))]' not found)]]></system-out>
      <system-err><![CDATA[2018-03-13 11:10:03 - [TEST_SUITE][FAILED] - R2018x_AllScenarioRun: Test Cases/Scenarios/SCN047864 Auto_3DCityCity Referential test FAILED because (of) Unable to click on object 'Object Repository/Techno_3Dcity_DDCityReferential/Page_SearchAppInCompass/span_DS - DSQAL038 euw1' (Root cause: com.kms.katalon.core.webui.exception.WebElementNotFoundException: Web element with id: 'Object Repository/Techno_3Dcity_DDCityReferential/Page_SearchAppInCompass/span_DS - DSQAL038 euw1' located by 'By.xpath: //span[@class = 'item-text' and (contains(text(), 'euw') or contains(., 'euw'))]' not found)]]></system-err>
   </testsuite>
</testsuites>
